2018-03-10-15-17-07
0.02
0.02
0.16
0.37
0.50666666
0.45
0.38
0.50666666
0.57
0.5466667
0.555
0.58
0.612
0.5966667
0.61
0.65
0.6342857
0.644
0.6425
0.6488889
0.6628571
0.6533333
0.61
0.654
0.6571429
0.5644444
0.6181818
0.6825
0.58166665
0.68666667
0.5569231
0.534
0.5
0.686
0.48166665
0.65272725
0.46615386
0.6116667
0.57384616
0.12
0.43
0.5133333
0.56
0.5485714
0.6
0.564
0.5385714
0.58375
0.61333334
0.556
0.56375
0.64
0.45285714
0.476
0.66
0.67777777
0.5952941
0.6077778
0.62
0.5025
0.5176471
0.53555554
0.548421
0.562
0.57411766
0.55333334
0.5357895
0.522
0.534
0.508
0.479
0.686
0.596
0.57
0.628
0.544
0.63454545
0.633
0.607
0.595
0.579
0.556
0.527
0.502
0.5630769
0.483
0.449
0.5371429
0.424
0.5146667
0.457
0.512
0.49125
0.49
0.434
0.465
0.415
0.48117647
0.403
0.4677778
0.4536842
0.397
0.435
0.441
0.397
0.431
0.443
0.399
0.416
0.432
0.402
0.428
0.394
0.379
0.384
0.35
0.4
0.358
0.401
0.338
0.405
0.32
0.318
0.4
0.321
0.396
0.395
0.314
0.335
0.365
0.391
0.32
0.339
0.373
0.403
0.425
0.454
0.433
0.46
0.482
0.483
0.416
0.415
0.393
0.416
0.422
0.456
0.486
0.504
0.414
0.517
0.441
0.508
0.548
0.47
0.499
0.572
0.593
0.621
0.65
0.485
0.505
0.485
0.677
0.536
0.562
0.684
0.688
0.691
0.503
0.478
0.449
0.422
0.482
0.402
0.486
0.399
0.489
0.401
0.49
0.657
0.406
0.632
0.481
0.399
0.602
0.482
0.394
0.481
0.482
0.403
0.58
0.51
0.438
0.558
0.513
0.531
0.464
0.504
0.509
0.505
0.507
0.502
0.503
0.511
0.507
0.505
0.5
0.496
0.489
0.486
0.486
0.488
0.488
0.493
0.491
0.516
0.536
0.562
0.528
0.504
0.474
0.476
0.472
0.47
0.47
0.472
0.472
0.476
0.506
0.528
0.55
0.576
0.599
0.628
0.656
0.658
0.657
0.659
0.693
0.716
0.741
0.74
0.741
0.746
0.747
0.744
0.747
0.723
0.697
0.588
0.672
0.503
0.591
0.646
0.491
0.489
0.462
0.436
0.623
0.595
0.564
0.538
0.51
0.485
0.461
0.44
0.412
0.391
0.366
0.366
0.362
0.365
0.365
0.364
0.387
0.419
0.448
0.476
0.503
0.529
0.558
0.581
0.608
0.637
0.667
0.688
0.712
0.735
0.732
0.706
0.679
0.655
0.625
0.604
0.581
0.554
0.53
0.504
0.477
0.595
0.413
0.477
0.45
0.602
0.449
0.595
0.423
0.399
0.4
0.399
0.396
0.393
0.396
0.396
0.427
0.421
0.422
0.427
0.435
0.434
0.433
0.432
0.435
0.43
0.43
0.438
0.437
0.438
0.408
0.388
0.357
0.332
0.309
0.276
0.248
0.273
0.3
0.32
0.344
0.366
0.387
0.406
0.421
0.452
0.476
0.503
0.533
0.557
0.58
0.604
0.633
0.632
0.63
0.639
0.638
0.62
0.59
0.561
0.532
0.509
0.49
0.464
0.449
0.421
0.417
0.413
0.406
0.409
0.412
0.412
0.41
0.438
0.467
0.491
0.52
0.547
0.57
0.593
0.618
0.646
0.673
0.702
0.723
0.749
0.729
0.701
0.678
0.652
0.627
0.603
0.581
0.555
0.523
0.494
0.463
0.433
0.414
0.418
0.418
0.419
0.419
0.413
0.42
0.419
0.45
0.482
0.51
0.535
0.557
0.582
0.606
0.632
0.667
0.698
0.727
0.753
0.782
0.76
0.741
0.711
0.689
0.669
0.632
0.611
0.575
0.549
0.522
0.495
0.48
0.447
0.42
0.395
0.365
0.334
0.312
0.294
0.292
0.316
0.318
0.316
0.305
0.305
0.309
0.308
0.313
0.313
0.31
0.313
0.334
0.366
0.395
0.416
0.445
0.473
0.495
0.512
0.505
0.501
0.52
0.55
0.579
0.604
0.629
0.653
0.685
0.709
0.737
0.757
0.751
0.748
0.744
0.712
0.682
0.655
0.628
0.602
0.577
0.559
0.53
0.496
0.469
0.445
0.424
0.403
0.367
0.343
0.318
0.295
0.298
0.296
0.3
0.338
0.363
0.385
0.42
0.452
0.486
0.511
0.544
0.572
0.602
0.598
0.591
0.583
0.587
0.585
0.584
0.589
0.561
0.54
0.51
0.48
0.459
0.444
0.415
0.377
0.342
0.31
0.276
0.253
0.228
0.258
0.291
0.317
0.348
0.367
0.392
0.418
0.444
0.472
0.501
0.526
0.549
0.571
0.568
0.573
0.576
0.58
0.585
0.582
0.581
0.553
0.52
0.499
0.468
0.448
0.416
0.414
0.417
0.417
0.417
0.42
0.416
0.414
0.44
0.468
0.495
0.526
0.554
0.579
0.58
0.58
0.583
0.584
0.587
0.584
0.588
0.559
0.53
0.499
0.473
0.444
0.43
0.409
0.384
0.357
0.335
0.299
0.276
0.25
0.281
0.31
0.335
0.356
0.373
0.406
0.434
0.463
0.492
0.519
0.541
0.571
0.582
0.578
0.575
0.574
0.593
0.626
0.648
0.682
0.67
0.665
0.665
0.668
0.673
0.669
0.669
0.665
0.67
0.672
0.671
0.672
0.684
0.712
0.735
0.767
0.771
0.766
0.762
0.738
0.716
0.689
0.688
0.686
0.689
0.684
0.68
0.684
0.672
0.671
0.676
0.669
0.66
0.659
0.659
0.656
0.65
0.652
0.659
0.682
0.706
0.74
0.748
0.748
0.744
0.749
0.747
0.742
0.716
0.688
0.664
0.642
0.618
0.589
0.564
0.541
0.52
0.49
0.459
0.433
0.409
0.381
0.345
0.324
0.302
0.277
0.257
0.231
0.239
0.241
0.246
0.246
0.247
0.249
0.254
0.248
0.248
0.25
0.247
0.245
0.248
0.276
0.307
0.331
0.357
0.388
0.418
0.445
0.469
0.496
0.511
0.517
0.515
0.509
0.508
0.536
0.564
0.591
0.619
0.646
0.67
0.664
0.664
0.662
0.667
0.653
0.651
0.655
0.633
0.605
0.583
0.582
0.585
0.586
0.587
0.56
0.529
0.506
0.482
0.456
0.43
0.425
0.424
0.423
0.417
0.425
0.424
0.418
0.442
0.468
0.496
0.515
0.54
0.571
0.597
0.624
0.658
0.656
0.66
0.659
0.658
0.645
0.618
0.591
0.563
0.563
0.56
0.563
0.559
0.557
0.552
0.554
0.557
0.558
0.53
0.505
0.479
0.477
0.474
0.474
0.474
0.469
0.473
0.471
0.498
0.498
0.491
0.489
0.493
0.499
0.503
0.5
0.495
0.493
0.517
0.547
0.565
0.59
0.617
0.64
0.673
0.699
0.726
0.761
0.76
0.761
0.767
0.771
0.773
0.767
0.767
0.772
0.776
0.777
0.778
0.771
0.747
0.727
0.701
0.675
0.646
0.612
0.581
0.557
0.532
0.507
0.481
0.456
0.423
0.427
0.422
0.42
0.415
0.413
0.41
0.416
0.451
0.475
0.5
0.499
0.5
0.506
0.513
0.501
0.501
0.501
0.507
0.501
0.505
0.476
0.45
0.422
0.425
0.431
0.433
0.43
0.421
0.417
0.418
0.448
0.464
0.495
0.518
0.551
0.58
0.598
0.619
0.65
0.677
0.703
0.73
0.76
0.733
0.707
0.687
0.656
0.631
0.607
0.58
0.557
0.533
0.502
0.475
0.444
0.413
0.392
0.366
0.337
0.311
0.309
0.306
0.302
0.332
0.353
0.375
0.405
0.431
0.457
0.484
0.507
0.533
0.556
0.552
0.555
0.555
0.555
0.56
0.558
0.563
0.541
0.523
0.498
0.47
0.449
0.424
0.402
0.403
0.406
0.408
0.408
0.389
0.368
0.371
0.396
0.422
0.449
0.472
0.502
0.521
0.547
0.569
0.594
0.616
0.607
0.605
0.6
0.57
0.542
0.512
0.487
0.48
0.478
0.484
0.456
0.436
0.412
0.383
0.355
0.331
0.331
0.329
0.33
0.337
0.367
0.394
0.424
0.452
0.477
0.503
0.527
0.556
0.586
0.61
0.637
0.656
0.652
0.653
0.655
0.655
0.625
0.602
0.578
0.551
0.527
0.504
0.475
0.447
0.424
0.398
0.37
0.347
0.317
0.315
0.314
0.316
0.344
0.378
0.401
0.426
0.451
0.473
0.5
0.519
0.54
0.563
0.59
0.593
0.595
0.596
0.596
0.598
0.596
0.567
0.546
0.516
0.487
0.477
0.476
0.478
0.485
0.487
0.482
0.479
0.48
0.478
0.476
0.507
0.532
0.56
0.582
0.603
0.632
0.661
0.687
0.717
0.722
0.699
0.675
0.642
0.614
0.589
0.568
0.548
0.525
0.501
0.496
0.493
0.488
0.486
0.492
0.494
0.493
0.488
0.489
0.492
0.516
0.546
0.569
0.592
0.615
0.643
0.671
0.7
0.725
0.748
0.755
0.757
0.757
0.754
0.754
0.751
0.73
0.705
0.674
0.642
0.613
0.583
0.562
0.543
0.525
0.495
0.462
0.456
0.461
0.462
0.466
0.468
0.47
0.476
0.473
0.475
0.497
0.526
0.559
0.591
0.621
0.646
0.673
0.698
0.717
0.746
0.755
0.733
0.702
0.677
0.643
0.614
0.593
0.562
0.546
0.517
0.488
0.462
0.431
0.403
0.398
0.396
0.391
0.395
0.392
0.391
0.417
0.444
0.472
0.495
0.524
0.546
0.567
0.592
0.614
0.64
0.674
0.694
0.724
0.723
0.701
0.683
0.661
0.638
0.62
0.594
0.558
0.535
0.51
0.487
0.457
0.43
0.402
0.38
0.354
0.333
0.324
0.335
0.334
0.363
0.388
0.41
0.441
0.459
0.484
0.518
0.552
0.571
0.592
0.613
0.647
0.675
0.699
0.724
0.749
0.753
0.728
0.692
0.665
0.642
0.612
0.581
0.544
0.52
0.488
0.458
0.426
0.401
0.407
0.417
0.414
0.411
0.417
0.411
0.411
0.433
0.461
0.491
0.513
0.528
0.554
0.591
0.626
0.66
0.693
0.687
0.691
0.696
0.696
0.691
0.694
0.695
0.694
0.701
0.701
0.672
0.648
0.624
0.598
0.577
0.558
0.521
0.489
0.457
0.43
0.43
0.426
0.425
0.391
0.391
0.385
0.388
0.393
0.394
0.394
0.422
0.448
0.473
0.5
0.527
0.548
0.581
0.607
0.635
0.661
0.666
0.672
0.668
0.673
0.648
0.629
0.629
0.625
0.623
0.625
0.596
0.569
0.541
0.521
0.5
0.482
0.451
0.429
0.397
0.374
0.368
0.356
0.355
0.379
0.403
0.418
0.421
0.422
0.423
0.392
0.397
0.398
0.425
0.441
0.434
0.428
0.431
0.433
0.431
0.425
0.428
0.437
0.445
0.422
0.399
0.378
0.349
0.347
0.344
0.375
0.398
0.423
0.422
0.433
0.465
0.489
0.518
0.514
0.522
0.526
0.532
0.533
0.522
0.524
0.523
0.525
0.527
0.525
0.524
0.517
0.514
0.514
0.512
0.505
0.503
0.499
0.496
0.5
0.5
0.494
0.485
0.485
0.487
0.481
0.475
0.479
0.477
0.457
0.437
0.41
0.416
0.414
0.417
0.42
0.416
0.424
0.422
0.446
0.474
0.505
0.532
0.555
0.582
0.581
0.587
0.584
0.59
0.581
0.577
0.583
0.554
0.534
0.509
0.506
0.508
0.505
0.507
0.507
0.502
0.507
0.509
0.508
0.512
0.513
0.514
0.51
0.496
0.496
0.496
0.497
0.495
0.493
0.497
0.473
0.441
0.417
0.39
0.364
0.337
0.306
0.307
0.31
0.306
0.335
0.359
0.394
0.427
0.456
0.484
0.508
0.535
0.556
0.573
0.596
0.632
0.656
0.684
0.713
0.74
0.743
0.715
0.69
0.674
0.65
0.625
0.59
0.564
0.539
0.512
0.51
0.509
0.515
0.52
0.522
0.515
0.519
0.519
0.519
0.517
0.537
0.561
0.587
0.6
0.625
0.652
0.682
0.711
0.735
0.758
0.736
0.713
0.689
0.657
0.632
0.606
0.579
0.55
0.524
0.499
0.475
0.452
0.423
0.407
0.382
0.35
0.322
0.293
0.278
0.256
0.25
0.248
0.241
0.247
0.249
0.254
0.251
0.279
0.3
0.325
0.349
0.374
0.408
0.43
0.455
0.492
0.52
0.546
0.561
0.588
0.59
0.592
0.593
0.59
0.584
0.581
0.583
0.559
0.534
0.511
0.489
0.463
0.431
0.401
0.371
0.342
0.339
0.338
0.34
0.338
0.368
0.394
0.417
0.446
0.47
0.497
0.517
0.543
0.574
0.604
0.625
0.659
0.68
0.71
0.734
0.759
0.734
0.712
0.689
0.66
0.632
0.601
0.576
0.548
0.527
0.497
0.479
0.449
0.419
0.393
0.366
0.334
0.334
0.337
0.346
0.343
0.373
0.392
0.414
0.444
0.472
0.498
0.525
0.555
0.553
0.564
0.564
0.564
0.559
0.555
0.557
0.555
0.534
0.506
0.475
0.447
0.417
0.394
0.369
0.339
0.31
0.294
0.274
0.271
0.298
0.321
0.345
0.368
0.398
0.42
0.449
0.476
0.501
0.524
0.549
0.581
0.608
0.612
0.613
0.611
0.631
0.65
0.67
0.669
0.67
0.662
0.66
0.662
0.662
0.665
0.665
0.669
0.666
0.665
0.669
0.663
0.662
0.685
0.708
0.742
0.725
0.699
0.675
0.653
0.629
0.603
0.606
0.611
0.612
0.61
0.61
0.607
0.611
0.585
0.561
0.539
0.514
0.493
0.466
0.435
0.434
0.434
0.435
0.435
0.432
0.432
0.404
0.377
0.348
0.328
0.3
0.273
0.246
0.248
0.238
0.238
0.242
0.238
0.237
0.261
0.289
0.317
0.342
0.363
0.388
0.416
0.441
0.464
0.496
0.516
0.542
0.57
0.596
0.623
0.658
0.677
0.698
0.724
0.759
0.763
0.759
0.755
0.751
0.752
0.75
0.747
0.751
0.752
0.719
0.699
0.675
0.647
0.623
0.596
0.565
0.547
0.518
0.487
0.458
0.437
0.408
0.384
0.362
0.341
0.323
0.325
0.318
0.317
0.348
0.371
0.401
0.422
0.444
0.47
0.503
0.527
0.556
0.581
0.607
0.629
0.664
0.663
0.661
0.66
0.657
0.631
0.612
0.596
0.563
0.538
0.505
0.488
0.463
0.438
0.431
0.432
0.436
0.443
0.441
0.437
0.426
0.448
0.479
0.504
0.53
0.559
0.58
0.598
0.633
0.654
0.679
0.677
0.68
0.683
0.658
0.628
0.595
0.567
0.537
0.535
0.542
0.546
0.545
0.542
0.541
0.544
0.544
0.546
0.508
0.484
0.458
0.455
0.458
0.455
0.454
0.451
0.454
0.452
0.457
0.435
0.406
0.384
0.357
0.338
0.314
0.284
0.258
0.228
0.263
0.282
0.311
0.335
0.355
0.385
0.413
0.442
0.47
0.497
0.519
0.541
0.57
0.589
0.613
0.637
0.664
0.692
0.715
0.742
0.741
0.747
0.747
0.748
0.75
0.75
0.744
0.75
0.752
0.729
0.708
0.688
0.666
0.667
0.666
0.667
0.661
0.657
0.664
0.666
0.67
0.674
0.671
0.671
0.668
0.661
0.67
0.672
0.671
0.695
0.72
0.749
0.747
0.722
0.693
0.657
0.636
0.616
0.591
0.564
0.533
0.507
0.482
0.46
0.441
0.418
0.382
0.354
0.326
0.302
0.27
0.235
0.231
0.226
0.234
0.24
0.236
0.229
0.222
0.219
0.24
0.266
0.287
0.312
0.337
0.363
0.396
0.415
0.437
0.457
0.491
0.526
0.559
0.597
0.623
0.647
0.671
0.705
0.733
0.766
0.769
0.767
0.775
0.747
0.719
0.693
0.666
0.643
0.619
0.602
0.568
0.535
0.505
0.499
0.498
0.502
0.503
0.503
0.508
0.499
0.501
0.505
0.508
0.536
0.563
0.589
0.618
0.643
0.672
0.669
0.673
0.678
0.674
0.646
0.619
0.595
0.569
0.54
0.511
0.496
0.469
0.436
0.403
0.376
0.345
0.321
0.321
0.317
0.312
0.33
0.36
0.38
0.412
0.441
0.464
0.492
0.526
0.549
0.576
0.59
0.618
0.648
0.68
0.708
0.733
0.73
0.706
0.688
0.666
0.647
0.618
0.595
0.563
0.536
0.512
0.476
0.45
0.431
0.406
0.382
0.355
0.326
0.301
0.268
0.245
0.243
0.26
0.29
0.319
0.344
0.372
0.399
0.424
0.45
0.47
0.498
0.522
0.542
0.565
0.596
0.62
0.646
0.665
0.693
0.716
0.746
0.746
0.74
0.737
0.717
0.689
0.664
0.646
0.62
0.594
0.57
0.54
0.51
0.479
0.456
0.431
0.412
0.394
0.368
0.342
0.34
0.344
0.347
0.344
0.367
0.394
0.417
0.407
0.406
0.413
0.411
0.42
0.417
0.426
0.421
0.429
0.421
0.413
0.42
0.422
0.4
0.38
0.349
0.35
0.349
0.348
0.35
0.381
0.415
0.44
0.467
0.484
0.522
0.543
0.572
0.598
0.633
0.662
0.681
0.709
0.73
0.747
0.774
0.78
0.753
0.725
0.702
0.673
0.645
0.617
0.592
0.57
0.539
0.516
0.521
0.511
0.506
0.506
0.511
0.51
0.508
0.509
0.507
0.506
0.532
0.559
0.588
0.616
0.635
0.665
0.685
0.705
0.73
0.752
0.746
0.749
0.75
0.75
0.748
0.743
0.75
0.755
0.757
0.73
0.701
0.674
0.638
0.615
0.593
0.568
0.546
0.527
0.503
0.479
0.451
0.421
0.395
0.372
0.349
0.33
0.324
0.328
0.325
0.352
0.379
0.408
0.433
0.457
0.482
0.504
0.533
0.551
0.575
0.573
0.573
0.575
0.582
0.58
0.574
0.571
0.547
0.516
0.495
0.467
0.446
0.416
0.393
0.368
0.346
0.323
0.289
0.266
0.27
0.304
0.333
0.362
0.375
0.402
0.432
0.459
0.487
0.513
0.541
0.566
0.588
0.616
0.641
0.666
0.663
0.662
0.667
0.665
0.634
0.605
0.579
0.557
0.536
0.505
0.477
0.45
0.422
0.398
0.371
0.346
0.323
0.324
0.329
0.335
0.359
0.389
0.415
0.44
0.469
0.492
0.52
0.538
0.561
0.588
0.618
0.647
0.676
0.7
0.723
0.752
0.751
0.723
0.696
0.67
0.641
0.612
0.589
0.565
0.535
0.511
0.477
0.456
0.436
0.441
0.439
0.434
0.43
0.431
0.436
0.422
0.445
0.476
0.502
0.522
0.552
0.577
0.601
0.629
0.66
0.685
0.717
0.742
0.766
0.763
0.764
0.761
0.76
0.758
0.75
0.763
0.767
0.742
0.713
0.691
0.662
0.635
0.608
0.586
0.563
0.531
0.503
0.476
0.45
0.419
0.399
0.381
0.357
0.335
0.312
0.284
0.256
0.261
0.261
0.255
0.256
0.254
0.258
0.257
0.251
0.257
0.282
0.305
0.329
0.363
0.38
0.404
0.431
0.449
0.473
0.501
0.531
0.548
0.576
0.605
0.635
0.662
0.686
0.712
0.737
0.76
0.76
0.76
0.764
0.758
0.762
0.763
0.758
0.761
0.763
0.763
0.762
0.76
0.758
0.754
0.754
0.756
0.756
0.751
0.761
0.763
0.759
0.762
0.761
0.762
0.763
0.761
0.768
0.768
0.766
0.762
0.756
0.756
0.761
0.762
0.762
0.761
0.759
0.763
0.756
0.756
0.76
0.757
0.759
0.762
0.759
0.757
0.751
0.728
0.704
0.687
0.663
0.636
0.605
0.585
0.558
0.534
0.511
0.482
0.452
0.429
0.402
0.374
0.342
0.322
0.292
0.27
0.248
0.249
0.254
0.249
0.253
0.259
0.259
0.251
0.245
0.248
0.249
0.251
0.25
0.247
0.249
0.259
0.256
0.271
0.306
0.333
0.361
0.38
0.4
0.428
0.446
0.465
0.493
0.52
0.552
0.572
0.596
0.62
0.65
0.679
0.706
0.727
0.759
0.765
0.751
0.743
0.741
0.75
0.753
0.724
0.706
0.682
0.652
0.63
0.606
0.582
0.555
0.535
0.507
0.479
0.448
0.42
0.389
0.361
0.345
0.327
0.3
0.269
0.241
0.238
0.235
0.236
0.23
0.227
0.222
0.219
0.225
0.222
0.221
0.217
0.219
0.22
0.248
0.274
0.302
0.322
0.347
0.371
0.391
0.421
0.448
0.475
0.513
0.536
0.562
0.588
0.605
0.635
0.641
0.645
0.648
0.649
0.626
0.606
0.575
0.556
0.532
0.506
0.484
0.483
0.478
0.476
0.475
0.477
0.482
0.478
0.45
0.416
0.417
0.419
0.413
0.414
0.414
0.408
0.416
0.416
0.415
0.414
0.418
0.412
0.416
0.42
0.425
0.427
0.424
0.428
0.457
0.481
0.506
0.537
0.567
0.591
0.618
0.646
0.666
0.663
0.658
0.657
0.653
0.635
0.611
0.586
0.553
0.528
0.505
0.479
0.459
0.438
0.405
0.372
0.347
0.344
0.346
0.347
0.348
0.38
0.412
0.44
0.469
0.494
0.521
0.547
0.574
0.598
0.618
0.622
0.615
0.612
0.618
0.619
0.625
0.607
0.576
0.541
0.508
0.472
0.44
0.42
0.394
0.393
0.389
0.388
0.391
0.39
0.394
0.422
0.446
0.476
0.5
0.526
0.547
0.565
0.56
0.563
0.569
0.576
0.579
0.57
0.573
0.544
0.516
0.489
0.46
0.433
0.402
0.371
0.349
0.319
0.292
0.29
0.289
0.292
0.324
0.351
0.376
0.402
0.434
0.461
0.483
0.508
0.537
0.559
0.584
0.614
0.647
0.673
0.703
0.731
0.732
0.709
0.69
0.669
0.641
0.619
0.592
0.562
0.536
0.507
0.476
0.451
0.425
0.41
0.412
0.415
0.413
0.418
0.411
0.411
0.433
0.458
0.474
0.497
0.521
0.549
0.575
0.604
0.627
0.663
0.69
0.713
0.737
0.757
0.754
0.752
0.747
0.748
0.755
0.757
0.759
0.763
0.737
0.71
0.687
0.653
0.633
0.606
0.584
0.558
0.534
0.51
0.489
0.458
0.436
0.41
0.393
0.363
0.34
0.34
0.34
0.334
0.363
0.385
0.408
0.436
0.456
0.481
0.506
0.532
0.558
0.593
0.62
0.648
0.67
0.693
0.706
0.734
0.759
0.756
0.757
0.762
0.761
0.766
0.77
0.769
0.774
0.779
0.773
0.771
0.768
0.767
0.741
0.716
0.696
0.7
0.708
0.705
0.7
0.7
0.697
0.693
0.692
0.693
0.691
0.693
0.69
0.689
0.693
0.692
0.697
0.694
0.717
0.743
0.77
0.775
0.777
0.773
0.774
0.773
0.774
0.772
0.779
0.777
0.78
0.777
0.78
0.772
0.745
0.719
0.692
0.666
0.639
0.607
0.577
0.545
0.516
0.493
0.467
0.444
0.424
0.405
0.371
0.341
0.315
0.288
0.258
0.24
0.238
0.243
0.245
0.245
0.247
0.254
0.249
0.249
0.249
0.251
0.253
0.279
0.304
0.326
0.354
0.387
0.412
0.444
0.471
0.492
0.516
0.539
0.56
0.581
0.576
0.573
0.576
0.574
0.58
0.579
0.579
0.555
0.525
0.5
0.47
0.444
0.416
0.39
0.367
0.339
0.317
0.288
0.267
0.25
0.281
0.313
0.339
0.362
0.379
0.404
0.428
0.454
0.485
0.503
0.535
0.557
0.585
0.583
0.581
0.587
0.589
0.586
0.58
0.573
0.542
0.509
0.483
0.464
0.438
0.415
0.385
0.357
0.328
0.305
0.306
0.305
0.303
0.327
0.353
0.375
0.399
0.427
0.46
0.49
0.519
0.546
0.567
0.588
0.621
0.645
0.676
0.703
0.726
0.755
0.75
0.751
0.75
0.754
0.759
0.734
0.703
0.68
0.675
0.67
0.668
0.677
0.679
0.677
0.672
0.675
0.676
0.673
0.682
0.682
0.687
0.687
0.691
0.689
0.677
0.674
0.68
0.68
0.68
0.685
0.688
0.685
0.688
0.688
0.69
0.688
0.684
0.684
0.678
0.682
0.674
0.673
0.672
0.675
0.68
0.711
0.736
0.76
0.761
0.76
0.76
0.758
0.76
0.762
0.765
0.766
0.76
0.76
0.761
0.751
0.762
0.765
0.76
0.757
0.755
0.756
0.756
0.729
0.709
0.684
0.652
0.626
0.596
0.573
0.543
0.517
0.502
0.504
0.5
0.506
0.5
0.497
0.496
0.496
0.498
0.496
0.501
0.527
0.545
0.568
0.598
0.623
0.648
0.672
0.702
0.727
0.747
0.72
0.701
0.676
0.649
0.622
0.602
0.574
0.546
0.519
0.489
0.465
0.437
0.414
0.392
0.367
0.345
0.319
0.289
0.263
0.238
0.241
0.263
0.286
0.317
0.349
0.374
0.4
0.428
0.456
0.479
0.507
0.538
0.565
0.589
0.609
0.632
0.662
0.663
0.66
0.662
0.657
0.633
0.61
0.583
0.556
0.533
0.506
0.479
0.453
0.428
0.4
0.374
0.343
0.316
0.297
0.274
0.239
0.237
0.239
0.243
0.267
0.291
0.314
0.334
0.356
0.383
0.412
0.435
0.46
0.486
0.51
0.537
0.566
0.592
0.615
0.645
0.677
0.698
0.727
0.748
0.751
0.749
0.728
0.711
0.689
0.662
0.636
0.609
0.579
0.557
0.538
0.511
0.478
0.451
0.424
0.396
0.37
0.353
0.355
0.357
0.359
0.361
0.382
0.406
0.426
0.448
0.472
0.503
0.53
0.553
0.575
0.602
0.631
0.659
0.688
0.709
0.738
0.766
0.742
0.721
0.696
0.668
0.64
0.612
0.59
0.565
0.541
0.514
0.494
0.469
0.441
0.42
0.395
0.369
0.336
0.31
0.277
0.273
0.292
0.307
0.33
0.361
0.393
0.415
0.444
0.47
0.503
0.534
0.559
0.584
0.606
0.628
0.656
0.684
0.685
0.686
0.693
0.664
0.635
0.616
0.594
0.569
0.548
0.522
0.49
0.464
0.428
0.42
0.417
0.414
0.416
0.42
0.416
0.413
0.442
0.469
0.492
0.502
0.507
0.505
0.504
0.498
0.487
0.489
0.493
0.497
0.5
0.482
0.455
0.435
0.408
0.376
0.354
0.327
0.298
0.275
0.249
0.266
0.283
0.305
0.33
0.361
0.391
0.415
0.438
0.462
0.494
0.491
0.491
0.491
0.498
0.501
0.499
0.494
0.496
0.495
0.492
0.464
0.444
0.424
0.392
0.359
0.331
0.311
0.289
0.265
0.23
0.232
0.236
0.231
0.23
0.23
0.228
0.232
0.234
0.238
0.235
0.235
0.233
0.261
0.293
0.321
0.35
0.376
0.403
0.428
0.457
0.48
0.502
0.508
0.504
0.501
0.502
0.503
0.509
0.508
0.516
0.513
0.511
0.478
0.443
0.424
0.396
0.368
0.336
0.309
0.278
0.257
0.232
0.258
0.283
0.313
0.34
0.367
0.386
0.405
0.431
0.468
0.501
0.524
0.529
0.52
0.525
0.525
0.523
0.523
0.527
0.521
0.516
0.485
0.462
0.43
0.402
0.375
0.351
0.33
0.301
0.297
0.294
0.305
0.333
0.36
0.383
0.406
0.438
0.459
0.485
0.513
0.546
0.572
0.602
0.631
0.661
0.688
0.706
0.724
0.726
0.703
0.676
0.642
0.621
0.593
0.559
0.535
0.509
0.49
0.467
0.437
0.408
0.381
0.351
0.327
0.303
0.274
0.26
0.239
0.239
0.231
0.239
0.238
0.231
0.236
0.247
0.27
0.292
0.316
0.339
0.369
0.395
0.426
0.455
0.48
0.499
0.533
0.558
0.585
0.608
0.642
0.659
0.689
0.714
0.737
0.759
0.765
0.764
0.765
0.765
0.761
0.76
0.731
0.707
0.68
0.657
0.631
0.601
0.577
0.556
0.525
0.508
0.482
0.454
0.431
0.407
0.372
0.344
0.318
0.293
0.273
0.255
0.256
0.245
0.243
0.245
0.239
0.238
0.235
0.231
0.234
0.228
0.222
0.23
0.23
0.231
0.234
0.239
0.238
0.242
0.266
0.288
0.311
0.344
0.372
0.39
0.416
0.441
0.468
0.493
0.519
0.546
0.581
0.608
0.636
0.654
0.687
0.714
0.741
0.766
0.773
0.775
0.773
0.774
0.772
0.776
0.771
0.777
0.78
0.783
0.759
0.731
0.702
0.676
0.647
0.626
0.599
0.573
0.574
0.575
0.562
0.559
0.568
0.563
0.565
0.563
0.565
0.563
0.563
0.559
0.585
0.615
0.637
0.66
0.687
0.711
0.728
0.754
0.749
0.747
0.753
0.753
0.745
0.747
0.747
0.724
0.702
0.673
0.642
0.616
0.588
0.557
0.534
0.513
0.486
0.462
0.448
0.419
0.421
0.421
0.422
0.417
0.421
0.417
0.414
0.442
0.467
0.499
0.522
0.552
0.576
0.601
0.631
0.65
0.651
0.651
0.648
0.653
0.62
0.596
0.568
0.551
0.526
0.505
0.479
0.451
0.431
0.401
0.379
0.351
0.325
0.302
0.277
0.252
0.279
0.31
0.333
0.361
0.398
0.418
0.446
0.466
0.492
0.521
0.547
0.575
0.599
0.626
0.651
0.677
0.704
0.731
0.749
0.775
0.75
0.719
0.685
0.657
0.647
0.648
0.644
0.647
0.645
0.644
0.65
0.645
0.643
0.637
0.637
0.636
0.636
0.601
0.577
0.55
0.548
0.552
0.559
0.561
0.535
0.51
0.493
0.466
0.436
0.408
0.378
0.352
0.323
0.3
0.302
0.305
0.304
0.334
0.361
0.391
0.415
0.436
0.466
0.488
0.524
0.55
0.566
0.591
0.622
0.649
0.653
0.659
0.658
0.662
0.637
0.613
0.583
0.563
0.533
0.506
0.485
0.461
0.429
0.431
0.426
0.429
0.431
0.435
0.435
0.429
0.452
0.472
0.496
0.523
0.548
0.568
0.57
0.57
0.575
0.573
0.57
0.574
0.58
0.546
0.522
0.492
0.468
0.438
0.412
0.396
0.398
0.398
0.402
0.398
0.392
0.394
0.42
0.443
0.472
0.5
0.53
0.545
0.567
0.601
0.624
0.649
0.674
0.701
0.73
0.747
0.744
0.747
0.747
0.747
0.756
0.758
0.735
0.707
0.676
0.65
0.622
0.597
0.573
0.552
0.524
0.503
0.478
0.45
0.42
0.399
0.375
0.352
0.329
0.297
0.268
0.24
0.239
0.245
0.244
0.245
0.242
0.249
0.243
0.234
0.242
0.239
0.268
0.294
0.321
0.321
0.315
0.316
0.339
0.366
0.39
0.416
0.417
0.409
0.413
0.411
0.41
0.411
0.414
0.441
0.46
0.486
0.485
0.491
0.49
0.509
0.537
0.558
0.559
0.56
0.557
0.562
0.562
0.57
0.569
0.57
0.572
0.572
0.571
0.546
0.523
0.49
0.462
0.437
0.41
0.39
0.366
0.344
0.323
0.304
0.289
0.258
0.26
0.253
0.247
0.271
0.294
0.318
0.347
0.374
0.4
0.431
0.458
0.476
0.506
0.535
0.564
0.587
0.606
0.632
0.647
0.647
0.651
0.655
0.662
0.635
0.614
0.586
0.562
0.534
0.505
0.481
0.452
0.425
0.402
0.393
0.388
0.392
0.397
0.394
0.397
0.423
0.443
0.471
0.494
0.52
0.545
0.569
0.591
0.617
0.649
0.678
0.709
0.739
0.734
0.716
0.696
0.663
0.631
0.611
0.58
0.557
0.526
0.494
0.466
0.441
0.419
0.424
0.426
0.428
0.429
0.398
0.369
0.343
0.338
0.338
0.339
0.343
0.353
0.347
0.348
0.349
0.349
0.357
0.362
0.363
0.366
0.333
0.306
0.281
0.251
0.25
0.254
0.26
0.262
0.26
0.262
0.29
0.313
0.339
0.371
0.392
0.423
0.441
0.466
0.489
0.51
0.542
0.571
0.592
0.587
0.591
0.587
0.582
0.589
0.593
0.588
0.558
0.529
0.504
0.501
0.503
0.509
0.515
0.515
0.515
0.491
0.466
0.44
0.408
0.412
0.409
0.408
0.404
0.395
0.395
0.39
0.386
0.383
0.407
0.406
0.401
0.399
0.393
0.39
0.393
0.414
0.434
0.46
0.498
0.523
0.545
0.58
0.612
0.646
0.671
0.704
0.732
0.762
0.734
0.707
0.683
0.653
0.633
0.61
0.589
0.561
0.54
0.51
0.48
0.459
0.444
0.415
0.377
0.342
0.31
0.276
0.253
0.228
0.23
0.231
0.237
0.232
0.235
0.234
0.26
0.286
0.314
0.343
0.368
0.391
0.413
0.432
0.469
0.502
0.53
0.561
0.592
0.613
0.641
0.674
0.673
0.678
0.674
0.668
0.634
0.611
0.579
0.551
0.526
0.502
0.476
0.45
0.422
0.395
0.364
0.336
0.311
0.31
0.31
0.307
0.328
0.351
0.378
0.412
0.441
0.47
0.501
0.527
0.556
0.57
0.573
0.578
0.575
0.577
0.579
0.586
0.576
0.545
0.516
0.491
0.47
0.453
0.42
0.392
0.363
0.334
0.307
0.285
0.255
0.244
0.24
0.263
0.294
0.313
0.346
0.368
0.402
0.432
0.457
0.479
0.504
0.523
0.555
0.581
0.609
0.64
0.666
0.685
0.716
0.742
0.77
0.767
0.767
0.771
0.744
0.72
0.696
0.674
0.647
0.626
0.6
0.573
0.55
0.528
0.5
0.476
0.449
0.454
0.447
0.438
0.437
0.437
0.434
0.428
0.452
0.479
0.502
0.526
0.56
0.588
0.612
0.638
0.661
0.677
0.682
0.668
0.666
0.642
0.62
0.596
0.597
0.602
0.599
0.606
0.61
0.607
0.603
0.605
0.599
0.599
0.596
0.596
0.593
0.573
0.569
0.577
0.579
0.584
0.584
0.585
0.557
0.532
0.506
0.478
0.446
0.415
0.391
0.368
0.34
0.309
0.285
0.259
0.228
0.258
0.285
0.309
0.308
0.303
0.309
0.307
0.301
0.3
0.304
0.304
0.307
0.313
0.312
0.308
0.314
0.314
0.316
0.311
0.325
0.293
0.265
0.243
0.243
0.241
0.24
0.243
0.244
0.245
0.242
0.239
0.24
0.238
0.24
0.266
0.283
0.308
0.333
0.367
0.387
0.416
0.442
0.466
0.492
0.52
0.539
0.564
0.595
0.621
0.648
0.682
0.706
0.728
0.753
0.754
0.755
0.758
0.731
0.703
0.675
0.65
0.627
0.603
0.581
0.554
0.53
0.501
0.474
0.446
0.421
0.395
0.367
0.346
0.32
0.294
0.275
0.249
0.281
0.307
0.336
0.351
0.375
0.399
0.425
0.451
0.473
0.501
0.525
0.553
0.58
0.599
0.624
0.649
0.646
0.64
0.64
0.635
0.601
0.576
0.551
0.532
0.508
0.481
0.45
0.422
0.397
0.371
0.348
0.321
0.296
0.3
0.301
0.301
0.33
0.364
0.393
0.42
0.45
0.472
0.494
0.524
0.551
0.575
0.6
0.627
0.65
0.674
0.667
0.664
0.658
0.631
0.611
0.586
0.562
0.527
0.499
0.48
0.456
0.43
0.403
0.4
0.404
0.405
0.41
0.407
0.411
0.407
0.438
0.46
0.493
0.521
0.544
0.563
0.587
0.617
0.64
0.664
0.688
0.714
0.747
0.748
0.742
0.737
0.737
0.742
0.745
0.728
0.706
0.686
0.658
0.63
0.607
0.586
0.563
0.541
0.513
0.51
0.512
0.511
0.484
