2018-03-10-15-08-15
0.02
0.02
0.16
0.16
0.13
0.02
0.12
0.07
0.12
0.07333333
0.07333333
0.085
0.1
0.085
0.135
0.136
0.1
0.083333336
0.12
0.1
0.10285714
0.09
0.1225
0.08888889
0.092
0.11777778
0.1
0.065
0.096363634
0.11666667
0.108
0.09833334
0.108571425
0.06
0.1075
0.10181818
0.1
0.053333335
0.111666664
0.1
0.11111111
0.08285714
0.093333334
0.112
0.0775
0.12615384
0.095
0.12
0.12714286
0.11666667
0.09529412
0.11384615
0.09777778
0.12933333
0.09263158
0.07333333
0.13875
0.072
0.11
0.07636364
0.156
0.088
0.2025
0.085
0.12
0.13882352
0.23411764
0.17555556
0.155
0.08153846
0.21052632
0.26777777
0.185
0.239
0.29473683
0.223
0.268
0.302
0.321
0.338
0.355
0.08142857
0.25
0.362
0.394
0.395
0.287
0.433
0.422
0.12933333
0.46
0.468
0.1625
0.485
0.496
0.19647059
0.508
0.531
0.23
0.318
0.25894737
0.356
0.548
0.585
0.391
0.567
0.283
0.605
0.617
0.319
0.42
0.636
0.352
0.652
0.45
0.679
0.389
0.424
0.461
0.495
0.52
0.559
0.592
0.628
0.663
0.656
0.692
0.686
0.718
0.723
0.759
0.758
0.716
0.749
0.781
0.485
0.517
0.551
0.76
0.758
0.755
0.739
0.773
0.772
0.756
0.785
0.747
0.747
0.776
0.781
0.772
0.591
0.626
0.66
0.689
0.775
0.774
0.769
0.775
0.75
0.746
0.743
0.773
0.746
0.729
0.742
0.726
0.773
0.744
0.713
0.751
0.688
0.717
0.688
0.665
0.642
0.693
0.671
0.638
0.62
0.722
0.6
0.571
0.694
0.671
0.615
0.64
0.594
0.655
0.567
0.658
0.659
0.614
0.619
0.619
0.552
0.526
0.501
0.532
0.506
0.479
0.47
0.619
0.665
0.444
0.592
0.647
0.453
0.42
0.563
0.621
0.426
0.4
0.594
0.395
0.377
