2018-03-10-15-17-07
0.28
0.16
0.15333334
0.15
0.168
0.12
0.17
0.12
0.1
0.20666666
0.14666666
0.06666667
0.17714286
0.24
0.215
0.08
0.096
0.23555556
0.2
0.096666664
0.288
0.18
0.3309091
0.12666667
0.36666667
0.105
0.12
0.39692307
0.1
0.13
0.4157143
0.10666667
0.15777777
0.444
0.4675
0.178
0.48941177
0.22545454
0.5011111
0.51473683
0.265
0.527
0.36
0.12
0.548
0.39333335
0.1375
0.44285715
0.16
0.587
0.485
0.176
0.616
0.5177778
0.21818182
0.649
0.255
0.678
0.2846154
0.3
0.32428572
0.71
0.33
0.34533334
0.55
0.368
0.731
0.37375
0.743
0.56545454
0.39764705
0.39125
0.755
0.5833333
0.41777778
0.41411763
0.761
0.43578947
0.5892308
0.4311111
0.761
0.451
0.60142857
0.44421053
0.478
0.6106667
0.466
0.506
0.6175
0.503
0.761
0.739
0.723
0.6270588
0.694
0.665
0.61444443
0.546
0.637
0.537
0.5957895
0.619
0.552
0.561
0.548
0.584
0.552
0.584
0.555
0.568
0.583
0.57
0.571
0.562
0.584
0.589
0.561
0.565
0.558
0.565
0.541
0.558
0.545
0.543
0.512
0.534
0.522
0.508
0.491
0.468
0.506
0.482
0.477
0.453
0.425
0.455
0.396
0.579
0.373
0.546
0.529
0.34
0.502
0.48
0.322
0.304
0.448
0.426
0.27
0.424
0.4
0.396
0.241
0.376
0.371
0.44
0.213
0.346
0.209
0.325
0.345
0.211
0.415
0.3
0.325
0.209
0.278
0.395
0.206
0.297
0.372
0.204
0.355
0.275
0.211
0.324
0.275
0.215
0.247
0.299
0.293
0.247
0.274
0.272
0.315
0.298
0.302
0.329
0.364
0.32
0.334
0.386
0.406
0.344
0.277
0.44
0.373
0.462
0.481
0.393
0.302
0.505
0.41
0.524
0.325
0.55
0.436
0.58
0.457
0.61
0.354
0.484
0.378
0.512
0.408
0.531
0.548
0.437
0.575
0.458
0.599
0.486
0.617
0.505
0.53
0.554
0.645
0.582
0.669
0.697
0.363
0.609
0.717
0.743
0.392
0.738
0.63
0.417
0.741
0.661
0.641
0.671
0.702
0.726
0.75
0.75
0.74
0.754
0.44
0.76
0.764
0.467
0.493
0.737
0.74
0.684
0.758
0.704
0.76
0.723
0.763
0.749
0.765
0.754
0.742
0.749
0.721
0.749
0.7
0.748
0.722
0.691
0.527
0.523
0.534
0.53
0.674
0.65
0.763
0.63
0.742
0.72
0.607
0.575
0.665
0.555
0.642
0.531
0.611
0.587
0.563
0.54
0.515
0.485
0.466
0.442
0.501
0.699
0.415
0.674
0.398
0.472
0.375
0.651
0.44
0.349
0.317
0.419
0.3
0.428
0.621
0.43
0.624
0.624
0.619
0.273
0.267
0.295
0.326
0.354
0.378
0.411
0.444
0.47
0.497
0.429
0.433
0.614
0.432
0.617
0.612
0.523
0.553
0.576
0.599
0.435
0.431
0.455
0.485
0.609
0.609
0.606
0.627
0.654
0.682
0.514
0.514
0.511
0.603
0.57
0.546
0.53
0.709
0.526
0.708
0.532
0.509
0.515
0.518
0.517
0.702
0.709
0.689
0.662
0.482
0.48
0.476
0.475
0.515
0.513
0.518
0.52
0.632
0.607
0.58
0.473
0.474
0.477
0.553
0.523
0.497
0.467
0.434
0.405
0.375
0.375
0.368
0.364
0.443
0.437
0.438
0.522
0.513
0.507
0.363
0.371
0.395
0.443
0.448
0.447
0.421
0.439
0.506
0.466
0.499
0.503
0.451
0.452
0.452
0.452
0.505
0.509
0.514
0.509
0.493
0.521
0.546
0.572
0.481
0.484
0.49
0.599
0.598
0.594
0.599
0.611
0.608
0.612
0.589
0.567
0.502
0.526
0.548
0.49
0.515
0.537
0.547
0.537
0.535
0.538
0.536
0.541
0.539
0.538
0.537
0.527
0.575
0.601
0.63
0.57
0.657
0.594
0.618
0.644
0.521
0.525
0.522
0.55
0.579
0.686
0.683
0.685
0.603
0.624
0.653
0.683
0.681
0.687
0.677
0.703
0.73
0.68
0.678
0.671
0.673
0.679
0.7
0.761
0.725
0.764
0.671
0.76
0.692
0.763
0.723
0.768
0.759
0.756
0.754
0.752
0.763
0.753
0.753
0.749
0.766
0.742
0.747
0.713
0.722
0.7
0.745
0.725
0.696
0.666
0.644
0.626
0.598
0.579
0.552
0.527
0.69
0.676
0.662
0.656
0.634
0.624
0.608
0.594
0.571
0.54
0.51
0.509
0.489
0.482
0.458
0.456
0.437
0.587
0.433
0.561
0.53
0.417
0.393
0.367
0.402
0.504
0.503
0.499
0.501
0.493
0.499
0.501
0.373
0.349
0.342
0.319
0.354
0.294
0.499
0.356
0.274
0.502
0.271
0.355
0.496
0.298
0.324
0.355
0.349
0.378
0.37
0.401
0.399
0.424
0.447
0.473
0.496
0.523
0.552
0.423
0.583
0.446
0.609
0.628
0.475
0.666
0.496
0.511
0.499
0.538
0.529
0.554
0.583
0.696
0.718
0.737
0.562
0.593
0.621
0.606
0.634
0.762
0.662
0.771
0.764
0.645
0.664
0.688
0.719
0.681
0.71
0.737
0.762
0.754
0.76
0.756
0.754
0.743
0.719
0.754
0.727
0.695
0.67
0.642
0.725
0.626
0.602
0.698
0.579
0.672
0.641
0.608
0.553
0.582
0.525
0.556
0.506
0.538
0.5
0.475
0.452
0.479
0.425
0.696
0.662
0.645
0.62
0.593
0.574
0.401
0.376
0.353
0.452
0.551
0.425
0.39
0.523
0.492
0.327
0.3
0.269
0.245
0.36
0.341
0.474
0.313
0.446
0.418
0.388
0.239
0.241
0.238
0.292
0.275
0.249
0.22
0.36
0.363
0.37
0.237
0.253
0.279
0.364
0.222
0.363
0.25
0.363
0.274
0.309
0.303
0.333
0.33
0.364
0.358
0.387
0.382
0.411
0.441
0.383
0.406
0.437
0.46
0.494
0.467
0.415
0.525
0.467
0.557
0.44
0.472
0.469
0.465
0.465
0.467
0.47
0.491
0.47
0.472
0.49
0.475
0.586
0.476
0.581
0.488
0.582
0.475
0.448
0.42
0.491
0.492
0.392
0.367
0.347
0.498
0.584
0.584
0.49
0.584
0.495
0.587
0.504
0.586
0.505
0.325
0.558
0.293
0.528
0.501
0.27
0.482
0.453
0.51
0.484
0.237
0.458
0.238
0.233
0.431
0.411
0.386
0.425
0.232
0.402
0.235
0.377
0.241
0.243
0.365
0.33
0.348
0.307
0.324
0.299
0.28
0.251
0.252
0.257
0.245
0.274
0.296
0.25
0.277
0.278
0.274
0.313
0.299
0.325
0.336
0.352
0.363
0.378
0.389
0.325
0.411
0.353
0.382
0.446
0.466
0.493
0.403
0.437
0.461
0.482
0.505
0.539
0.562
0.516
0.536
0.418
0.563
0.44
0.462
0.591
0.595
0.617
0.639
0.487
0.621
0.51
0.65
0.529
0.675
0.553
0.664
0.685
0.704
0.702
0.726
0.728
0.753
0.575
0.575
0.571
0.778
0.753
0.722
0.696
0.666
0.642
0.575
0.579
0.724
0.581
0.693
0.672
0.579
0.584
0.55
0.527
0.621
0.646
0.59
0.62
0.598
0.569
0.569
0.533
0.505
0.54
0.49
0.517
0.466
0.501
0.488
0.474
0.444
0.435
0.461
0.436
0.458
0.433
0.449
0.419
0.421
0.421
0.427
0.427
0.426
0.45
0.453
0.459
0.421
0.416
0.424
0.425
0.445
0.425
0.454
0.453
0.457
0.453
0.468
0.423
0.426
0.496
0.454
0.523
0.487
0.543
0.477
0.506
0.53
0.501
0.522
0.55
0.56
0.581
0.602
0.568
0.574
0.571
0.568
0.579
0.568
0.628
0.624
0.623
0.626
0.636
0.605
0.577
0.588
0.581
0.571
0.582
0.571
0.565
0.555
0.527
0.498
0.561
0.58
0.563
0.575
0.539
0.551
0.515
0.529
0.482
0.46
0.43
0.496
0.505
0.474
0.444
0.471
0.448
0.422
0.389
0.412
0.36
0.395
0.365
0.34
0.42
0.401
0.368
0.33
0.318
0.29
0.26
0.307
0.287
0.263
0.233
0.233
0.23
0.24
0.247
0.244
0.343
0.316
0.289
0.226
0.223
0.222
0.243
0.237
0.238
0.237
0.265
0.244
0.251
0.246
0.226
0.229
0.227
0.249
0.271
0.3
0.248
0.278
0.303
0.332
0.225
0.358
0.248
0.375
0.281
0.311
0.326
0.353
0.384
0.401
0.42
0.342
0.439
0.369
0.397
0.402
0.424
0.456
0.47
0.493
0.513
0.419
0.54
0.439
0.471
0.477
0.502
0.525
0.55
0.499
0.498
0.564
0.499
0.561
0.561
0.57
0.564
0.558
0.568
0.557
0.565
0.564
0.502
0.508
0.557
0.56
0.56
0.536
0.51
0.511
0.485
0.511
0.454
0.51
0.437
0.561
0.411
0.565
0.557
0.389
0.505
0.499
0.499
0.469
0.539
0.511
0.481
0.365
0.443
0.34
0.418
0.314
0.39
0.453
0.29
0.426
0.264
0.404
0.236
0.375
0.238
0.367
0.24
0.339
0.337
0.244
0.32
0.342
0.236
0.346
0.298
0.233
0.295
0.256
0.295
0.283
0.348
0.344
0.348
0.325
0.353
0.378
0.401
0.302
0.327
0.382
0.354
0.412
0.384
0.443
0.429
0.453
0.481
0.471
0.502
0.526
0.555
0.508
0.534
0.563
0.574
0.407
0.6
0.431
0.622
0.453
0.592
0.615
0.639
0.644
0.673
0.701
0.729
0.734
0.711
0.478
0.684
0.473
0.477
0.668
0.67
0.668
0.669
0.661
0.477
0.642
0.478
0.612
0.483
0.669
0.64
0.612
0.482
0.484
0.481
0.487
0.584
0.554
0.528
0.587
0.56
0.531
0.501
0.48
0.457
0.482
0.427
0.458
0.433
0.501
0.476
0.457
0.401
0.38
0.35
0.413
0.386
0.359
0.427
0.43
0.431
0.437
0.325
0.327
0.324
0.333
0.332
0.338
0.339
0.322
0.346
0.379
0.444
0.445
0.438
0.403
0.428
0.459
0.338
0.364
0.389
0.436
0.486
0.502
0.413
0.412
0.524
0.527
0.533
0.405
0.408
0.405
0.405
0.466
0.464
0.407
0.46
0.461
0.409
0.521
0.455
0.413
0.458
0.412
0.517
0.409
0.462
0.523
0.411
0.405
0.46
0.525
0.406
0.454
0.529
0.385
0.455
0.357
0.526
0.528
0.457
0.475
0.495
0.336
0.337
0.338
0.495
0.495
0.496
0.491
0.5
0.497
0.491
0.486
0.497
0.49
0.495
0.494
0.492
0.336
0.34
0.367
0.5
0.49
0.521
0.493
0.548
0.485
0.488
0.396
0.418
0.444
0.569
0.492
0.596
0.62
0.514
0.645
0.538
0.475
0.493
0.526
0.55
0.565
0.679
0.594
0.709
0.607
0.733
0.758
0.728
0.71
0.572
0.566
0.634
0.566
0.629
0.63
0.686
0.654
0.62
0.577
0.576
0.572
0.595
0.576
0.627
0.553
0.632
0.529
0.567
0.613
0.566
0.59
0.543
0.558
0.532
0.494
0.509
0.485
0.47
0.452
0.526
0.434
0.447
0.509
0.482
0.456
0.411
0.384
0.428
0.365
0.342
0.401
0.421
0.376
0.403
0.381
0.346
0.339
0.339
0.352
0.357
0.354
0.314
0.317
0.326
0.326
0.355
0.384
0.337
0.341
0.375
0.4
0.412
0.436
0.432
0.462
0.464
0.493
0.356
0.358
0.391
0.521
0.547
0.573
0.485
0.509
0.534
0.554
0.416
0.437
0.464
0.493
0.523
0.6
0.583
0.546
0.568
0.625
0.611
0.638
0.649
0.59
0.67
0.607
0.697
0.634
0.721
0.748
0.653
0.664
0.683
0.668
0.711
0.665
0.739
0.76
0.733
0.777
0.707
0.752
0.731
0.662
0.663
0.631
0.714
0.68
0.645
0.606
0.681
0.58
0.652
0.556
0.527
0.626
0.613
0.6
0.5
0.577
0.472
0.57
0.548
0.526
0.502
0.446
0.416
0.393
0.546
0.474
0.545
0.478
0.542
0.373
0.478
0.376
0.54
0.376
0.537
0.536
0.54
0.479
0.476
0.375
0.484
0.377
0.376
0.538
0.544
0.547
0.485
0.486
0.482
0.481
0.539
0.399
0.541
0.424
0.504
0.541
0.447
0.527
0.567
0.475
0.552
0.591
0.607
0.64
0.585
0.582
0.501
0.524
0.58
0.553
0.584
0.579
0.673
0.574
0.574
0.68
0.574
0.686
0.575
0.573
0.688
0.573
0.577
0.54
0.661
0.572
0.517
0.58
0.64
0.611
0.582
0.555
0.527
0.501
0.58
0.469
0.576
0.489
0.44
0.466
0.434
0.417
0.553
0.385
0.519
0.36
0.493
0.463
0.403
0.375
0.35
0.441
0.333
0.418
0.329
0.333
0.394
0.329
0.372
0.335
0.336
0.33
0.337
0.325
0.354
0.35
0.329
0.378
0.302
0.271
0.339
0.37
0.252
0.255
0.4
0.256
0.257
0.409
0.286
0.435
0.316
0.458
0.339
0.425
0.366
0.453
0.393
0.476
0.484
0.513
0.533
0.426
0.445
0.495
0.475
0.523
0.548
0.498
0.559
0.589
0.621
0.647
0.52
0.568
0.54
0.602
0.56
0.625
0.661
0.678
0.682
0.682
0.577
0.601
0.627
0.687
0.691
0.693
0.684
0.666
0.655
0.647
0.647
0.64
0.696
0.662
0.635
0.61
0.578
0.548
0.645
0.617
0.645
0.62
0.595
0.584
0.567
0.526
0.506
0.536
0.511
0.56
0.531
0.482
0.506
0.452
0.478
0.452
0.435
0.41
0.384
0.427
0.475
0.401
0.46
0.426
0.386
0.36
0.329
0.397
0.306
0.369
0.351
0.331
0.358
0.327
0.298
0.275
0.257
0.302
0.253
0.284
0.257
0.265
0.27
0.245
0.243
0.247
0.237
0.252
0.243
0.251
0.248
0.243
0.248
0.272
0.29
0.309
0.335
0.253
0.24
0.239
0.246
0.331
0.359
0.388
0.244
0.248
0.272
0.275
0.293
0.296
0.314
0.337
0.359
0.378
0.41
0.447
0.471
0.324
0.35
0.372
0.394
0.494
0.518
0.541
0.567
0.406
0.423
0.439
0.45
0.46
0.477
0.485
0.511
0.543
0.567
0.598
0.621
0.506
0.654
0.524
0.548
0.595
0.614
0.641
0.678
0.677
0.677
0.578
0.663
0.577
0.668
0.58
0.656
0.58
0.645
0.618
0.591
0.567
0.66
0.632
0.607
0.568
0.545
0.518
0.582
0.586
0.581
0.582
0.555
0.537
0.51
0.583
0.552
0.525
0.498
0.492
0.499
0.493
0.489
0.497
0.504
0.475
0.483
0.443
0.451
0.425
0.501
0.473
0.442
0.413
0.403
0.397
0.395
0.388
0.391
0.429
0.427
0.39
0.427
0.42
0.412
0.443
0.39
0.461
0.396
0.387
0.422
0.448
0.388
0.493
0.52
0.544
0.474
0.493
0.513
0.39
0.389
0.416
0.453
0.568
0.594
0.614
0.547
0.577
0.608
0.636
0.478
0.502
0.534
0.666
0.669
0.641
0.672
0.665
0.668
0.666
0.567
0.6
0.626
0.671
0.696
0.719
0.67
0.699
0.741
0.726
0.77
0.772
0.771
0.658
0.688
0.72
0.744
0.765
0.742
0.716
0.772
0.747
0.718
0.691
0.674
0.643
0.697
0.674
0.653
0.615
0.585
0.56
0.626
0.604
0.575
0.533
0.749
0.544
0.728
0.508
0.488
0.458
0.524
0.524
0.512
0.515
0.516
0.517
0.438
0.44
0.444
0.452
0.452
0.446
0.444
0.519
0.524
0.519
0.442
0.46
0.516
0.487
0.515
0.543
0.573
0.506
0.591
0.534
0.618
0.568
0.644
0.588
0.668
0.665
0.589
0.664
0.582
0.669
0.583
0.664
0.713
0.685
0.642
0.662
0.634
0.613
0.584
0.584
0.622
0.578
0.586
0.586
0.561
0.554
0.535
0.525
0.511
0.489
0.462
0.43
0.403
0.376
0.493
0.357
0.462
0.318
0.439
0.586
0.559
0.291
0.529
0.266
0.245
0.238
0.231
0.235
0.238
0.415
0.503
0.239
0.381
0.478
0.358
0.456
0.244
0.43
0.246
0.247
0.248
0.248
0.247
0.278
0.312
0.337
0.328
0.362
0.396
0.332
0.383
0.398
0.337
0.419
0.394
0.336
0.44
0.468
0.495
0.34
0.53
0.374
0.558
0.401
0.58
0.398
0.391
0.385
0.425
0.607
0.448
0.629
0.646
0.476
0.671
0.391
0.423
0.453
0.698
0.727
0.755
0.501
0.477
0.504
0.53
0.532
0.557
0.551
0.777
0.78
0.771
0.586
0.575
0.615
0.608
0.641
0.64
0.662
0.666
0.685
0.709
0.689
0.77
0.744
0.72
0.718
0.744
0.733
0.69
0.767
0.767
0.765
0.74
0.666
0.706
0.631
0.602
0.766
0.739
0.72
0.698
0.676
0.647
0.615
0.665
0.632
0.608
0.57
0.542
0.518
0.589
0.561
0.547
0.525
0.586
0.552
0.519
0.502
0.472
0.451
0.492
0.46
0.428
0.4
0.416
0.492
0.392
0.367
0.47
0.449
0.371
0.346
0.319
0.337
0.307
0.283
0.259
0.429
0.294
0.398
0.266
0.243
0.368
0.243
0.341
0.24
0.241
0.239
0.223
0.241
0.226
0.245
0.218
0.246
0.247
0.244
0.313
0.216
0.309
0.223
0.31
0.224
0.228
0.238
0.261
0.291
0.31
0.229
0.26
0.295
0.313
0.334
0.344
0.358
0.366
0.328
0.398
0.364
0.396
0.429
0.381
0.4
0.436
0.454
0.461
0.475
0.501
0.495
0.498
0.499
0.526
0.416
0.557
0.442
0.583
0.473
0.486
0.514
0.501
0.541
0.604
0.562
0.632
0.587
0.613
0.532
0.659
0.563
0.583
0.689
0.607
0.635
0.686
0.663
0.636
0.688
0.695
0.66
0.69
0.713
0.738
0.69
0.761
0.663
0.638
0.615
0.779
0.748
0.721
0.715
0.724
0.699
0.678
0.593
0.565
0.546
0.519
0.517
0.522
0.653
0.63
0.611
0.526
0.5
0.476
0.684
0.656
0.621
0.448
0.425
0.401
0.37
0.594
0.573
0.544
0.34
0.322
0.293
0.516
0.489
0.273
0.272
0.46
0.267
0.434
0.402
0.372
0.349
0.258
0.259
0.261
0.252
0.319
0.279
0.321
0.305
0.321
0.327
0.345
0.369
0.394
0.422
0.447
0.468
0.318
0.321
0.354
0.496
0.523
0.546
0.569
0.381
0.405
0.432
0.464
0.591
0.62
0.652
0.491
0.513
0.538
0.587
0.679
0.595
0.593
0.702
0.729
0.567
0.588
0.613
0.593
0.594
0.587
0.644
0.677
0.702
0.765
0.733
0.761
0.762
0.758
0.588
0.763
0.59
0.768
0.584
0.76
0.761
0.761
0.587
0.759
0.759
0.753
0.756
0.752
0.752
0.747
0.753
0.749
0.749
0.753
0.725
0.694
0.747
0.72
0.69
0.661
0.638
0.615
0.588
0.585
0.664
0.555
0.635
0.528
0.556
0.532
0.604
0.504
0.58
0.502
0.505
0.506
0.554
0.539
0.474
0.512
0.444
0.419
0.394
0.481
0.368
0.352
0.451
0.331
0.422
0.304
0.272
0.25
0.397
0.398
0.391
0.222
0.249
0.276
0.393
0.398
0.404
0.399
0.306
0.33
0.356
0.406
0.433
0.462
0.383
0.41
0.436
0.472
0.485
0.521
0.547
0.502
0.532
0.559
0.504
0.527
0.558
0.569
0.593
0.575
0.596
0.594
0.599
0.597
0.591
0.593
0.593
0.615
0.641
0.672
0.695
0.73
0.582
0.755
0.609
0.596
0.632
0.603
0.6
0.597
0.645
0.671
0.708
0.731
0.628
0.65
0.676
0.757
0.758
0.764
0.769
0.757
0.768
0.762
0.771
0.769
0.761
0.702
0.723
0.747
0.76
0.762
0.757
0.767
0.764
0.759
0.752
0.751
0.752
0.746
0.747
0.756
0.754
0.761
0.767
0.747
0.751
0.75
0.744
0.76
0.763
0.761
0.761
0.749
0.746
0.751
0.765
0.765
0.763
0.762
0.755
0.757
0.751
0.756
0.756
0.754
0.754
0.764
0.769
0.761
0.754
0.769
0.746
0.754
0.751
0.754
0.746
0.769
0.747
0.768
0.74
0.766
0.775
0.774
0.755
0.776
0.759
0.773
0.761
0.736
0.733
0.73
0.727
0.727
0.701
0.677
0.76
0.733
0.709
0.687
0.66
0.64
0.613
0.65
0.624
0.59
0.588
0.56
0.533
0.563
0.536
0.513
0.77
0.745
0.725
0.506
0.477
0.453
0.698
0.67
0.636
0.489
0.476
0.426
0.449
0.424
0.402
0.379
0.396
0.353
0.397
0.402
0.358
0.352
0.401
0.355
0.406
0.607
0.41
0.603
0.598
0.591
0.568
0.538
0.512
0.483
0.455
0.431
0.408
0.381
0.377
0.353
0.352
0.359
0.361
0.357
0.352
0.383
0.386
0.389
0.389
0.402
0.378
0.354
0.333
0.305
0.302
0.298
0.295
0.295
0.3
0.305
0.281
0.25
0.346
0.35
0.353
0.357
0.233
0.255
0.356
0.281
0.387
0.31
0.406
0.34
0.367
0.393
0.398
0.423
0.444
0.47
0.488
0.517
0.43
0.457
0.479
0.513
0.547
0.571
0.568
0.565
0.565
0.565
0.563
0.514
0.52
0.52
0.419
0.447
0.469
0.522
0.551
0.564
0.494
0.524
0.566
0.548
0.596
0.631
0.579
0.589
0.622
0.646
0.677
0.608
0.655
0.63
0.68
0.653
0.702
0.682
0.705
0.702
0.743
0.73
0.753
0.737
0.76
0.777
0.773
0.759
0.775
0.768
0.752
0.726
0.697
0.777
0.752
0.671
0.727
0.646
0.77
0.618
0.736
0.696
0.708
0.664
0.685
0.632
0.609
0.586
0.564
0.541
0.581
0.556
0.532
0.659
0.637
0.619
0.507
0.511
0.473
0.483
0.449
0.464
0.434
0.408
0.424
0.385
0.594
0.397
0.361
0.371
0.566
0.537
0.346
0.326
0.298
0.265
0.51
0.329
0.487
0.303
0.458
0.433
0.269
0.406
0.408
0.408
0.242
0.262
0.292
0.239
0.263
0.295
0.402
0.401
0.407
0.313
0.347
0.319
0.371
0.337
0.361
0.398
0.394
0.43
0.388
0.459
0.421
0.413
0.442
0.466
0.435
0.461
0.493
0.522
0.483
0.551
0.508
0.531
0.552
0.485
0.514
0.537
0.577
0.605
0.628
0.565
0.571
0.593
0.604
0.619
0.635
0.658
0.677
0.706
0.661
0.654
0.656
0.656
0.653
0.737
0.632
0.742
0.714
0.684
0.667
0.636
0.612
0.606
0.585
0.562
0.53
0.579
0.551
0.533
0.513
0.48
0.454
0.429
0.504
0.479
0.451
0.402
0.37
0.342
0.425
0.403
0.318
0.378
0.299
0.268
0.243
0.239
0.241
0.352
0.33
0.302
0.244
0.237
0.24
0.243
0.269
0.244
0.243
0.246
0.273
0.248
0.296
0.32
0.244
0.35
0.27
0.376
0.292
0.395
0.415
0.443
0.312
0.335
0.361
0.472
0.492
0.388
0.515
0.418
0.543
0.444
0.465
0.641
0.569
0.595
0.624
0.49
0.489
0.493
0.491
0.494
0.488
0.494
0.665
0.494
0.662
0.498
0.666
0.5
0.664
0.64
0.61
0.586
0.646
0.65
0.655
0.497
0.474
0.444
0.653
0.654
0.623
0.425
0.406
0.375
0.57
0.344
0.545
0.52
0.597
0.573
0.543
0.524
0.317
0.312
0.313
0.313
0.338
0.363
0.395
0.5
0.413
0.494
0.492
0.445
0.467
0.495
0.519
0.541
0.503
0.505
0.506
0.565
0.59
0.622
0.651
0.671
0.702
0.735
0.761
0.762
0.77
0.769
0.771
0.767
0.765
0.775
0.776
0.775
0.749
0.726
0.699
0.679
0.653
0.625
0.592
0.562
0.533
0.506
0.486
0.464
0.432
0.407
0.376
0.349
0.327
0.297
0.272
0.249
0.251
0.245
0.241
0.239
0.236
0.234
0.24
0.244
0.246
0.489
0.505
0.483
0.238
0.256
0.277
0.304
0.333
0.363
0.391
0.417
0.443
0.469
0.493
0.517
0.547
0.573
0.601
0.631
0.655
0.675
0.671
0.669
0.67
0.646
0.629
0.604
0.575
0.548
0.523
0.493
0.463
0.441
0.417
0.417
0.418
0.424
0.423
0.423
0.425
0.425
0.458
0.485
0.518
0.545
0.565
0.594
0.622
0.641
0.665
0.691
0.715
0.739
0.738
0.714
0.686
0.663
0.634
0.607
0.58
0.559
0.534
0.502
0.498
0.499
0.499
0.498
0.493
0.496
0.497
0.494
0.5
0.494
0.518
0.535
0.458
0.462
0.466
0.561
0.465
0.584
0.468
0.465
0.465
0.46
0.459
0.463
0.463
0.469
0.499
0.523
0.55
0.466
0.487
0.506
0.572
0.571
0.568
0.613
0.61
0.535
0.612
0.539
0.543
0.613
0.608
0.614
0.565
0.565
0.565
0.54
0.539
0.54
0.536
0.589
0.564
0.541
0.51
0.566
0.541
0.512
0.486
0.465
0.439
0.534
0.495
0.511
0.492
0.488
0.463
0.435
0.464
0.456
0.452
0.419
0.418
0.421
0.407
0.411
0.418
0.425
0.431
0.427
0.426
0.431
0.433
0.436
0.414
0.412
0.409
0.425
0.421
0.428
0.432
0.41
0.414
0.443
0.469
0.435
0.464
0.489
0.495
0.516
0.498
0.539
0.498
0.562
0.426
0.45
0.472
0.495
0.491
0.491
0.498
0.496
0.497
0.586
0.583
0.58
0.491
0.583
0.497
0.492
0.491
0.526
0.491
0.486
0.489
0.517
0.545
0.553
0.581
0.604
0.604
0.599
0.608
0.61
0.61
0.608
0.61
0.608
0.54
0.611
0.539
0.609
0.538
0.539
0.537
0.537
0.546
0.635
0.657
0.681
0.708
0.735
0.544
0.757
0.76
0.544
0.761
0.548
0.76
0.762
0.581
0.76
0.586
0.733
0.583
0.701
0.58
0.58
0.579
0.676
0.657
0.633
0.584
0.586
0.562
0.536
0.508
0.485
0.46
0.598
0.571
0.543
0.522
0.432
0.408
0.378
0.498
0.475
0.452
0.346
0.325
0.302
0.432
0.409
0.276
0.384
0.24
0.238
0.239
0.247
0.251
0.247
0.249
0.253
0.248
0.352
0.331
0.305
0.279
0.277
0.306
0.335
0.359
0.384
0.415
0.249
0.28
0.301
0.324
0.356
0.374
0.446
0.405
0.467
0.435
0.496
0.454
0.485
0.516
0.537
0.56
0.581
0.513
0.542
0.563
0.597
0.62
0.645
0.593
0.615
0.636
0.66
0.674
0.7
0.73
0.675
0.693
0.721
0.743
0.745
0.751
0.751
0.732
0.704
0.671
0.645
0.617
0.59
0.756
0.733
0.713
0.562
0.546
0.512
0.684
0.653
0.629
0.599
0.574
0.55
0.527
0.486
0.458
0.437
0.416
0.427
0.425
0.426
0.492
0.424
0.492
0.417
0.495
0.411
0.495
0.503
0.509
0.416
0.506
0.439
0.464
0.501
0.498
0.496
0.494
0.523
0.551
0.493
0.512
0.538
0.585
0.61
0.571
0.564
0.57
0.566
0.571
0.577
0.584
0.569
0.588
0.565
0.582
0.561
0.56
0.564
0.577
0.576
0.546
0.526
0.501
0.475
0.451
0.554
0.553
0.562
0.429
0.426
0.425
0.42
0.563
0.558
0.559
0.569
0.424
0.421
0.424
0.57
0.568
0.566
0.428
0.461
0.488
0.566
0.564
0.559
0.507
0.525
0.548
0.584
0.614
0.647
0.677
0.579
0.611
0.633
0.659
0.706
0.728
0.746
0.686
0.721
0.75
0.776
0.764
0.751
0.733
0.73
0.701
0.709
0.68
0.65
0.615
0.675
0.647
0.625
0.594
0.56
0.537
0.509
0.485
0.462
0.441
0.587
0.56
0.531
0.411
0.378
0.347
0.502
0.501
0.499
0.315
0.494
0.311
0.486
0.315
0.491
0.493
0.491
0.488
0.479
0.477
0.501
0.519
0.551
0.314
0.574
0.317
0.605
0.345
0.367
0.635
0.661
0.683
0.706
0.389
0.42
0.445
0.735
0.736
0.738
0.745
0.753
0.753
0.478
0.509
0.527
0.748
0.746
0.741
0.745
0.558
0.718
0.561
0.698
0.559
0.671
0.555
0.639
0.619
0.592
0.557
0.564
0.564
0.561
0.539
0.57
0.514
0.552
0.523
0.497
0.478
0.457
0.431
0.399
0.372
0.346
0.499
0.478
0.455
0.324
0.298
0.267
0.429
0.403
0.376
0.351
0.243
0.323
0.271
0.323
0.633
0.655
0.654
0.655
0.655
0.655
0.652
0.29
0.648
0.318
0.65
0.342
0.649
0.365
0.399
0.65
0.645
0.432
0.654
0.451
0.48
0.656
0.509
0.656
0.528
0.679
0.33
0.327
0.71
0.35
0.736
0.763
0.761
0.767
0.767
0.768
0.762
0.55
0.757
0.756
0.582
0.76
0.615
0.763
0.759
0.762
0.761
0.761
0.757
0.375
0.41
0.757
0.429
0.757
0.458
0.759
0.641
0.663
0.684
0.761
0.486
0.764
0.508
0.762
0.526
0.708
0.711
0.713
0.758
0.734
0.709
0.686
0.667
0.645
0.618
0.688
0.665
0.644
0.621
0.553
0.559
0.559
0.588
0.565
0.54
0.557
0.557
0.562
0.514
0.491
0.464
0.593
0.56
0.531
0.434
0.408
0.513
0.385
0.478
0.355
0.565
0.444
0.563
0.557
0.527
0.5
0.479
0.454
0.323
0.303
0.273
0.253
0.248
0.251
0.431
0.405
0.379
0.252
0.253
0.253
0.259
0.26
0.25
0.247
0.343
0.342
0.343
0.345
0.249
0.267
0.295
0.351
0.368
0.391
0.328
0.355
0.382
0.41
0.436
0.424
0.452
0.46
0.479
0.486
0.514
0.541
0.563
0.583
0.608
0.628
0.65
0.674
0.704
0.415
0.422
0.5
0.418
0.52
0.553
0.731
0.755
0.761
0.76
0.584
0.608
0.631
0.657
0.755
0.755
0.756
0.675
0.67
0.41
0.672
0.382
0.354
0.327
0.303
0.306
0.306
0.679
0.305
0.309
0.657
0.629
0.304
0.303
0.305
0.303
0.312
0.312
0.318
0.315
0.313
0.279
0.597
0.245
0.56
0.536
0.757
0.728
0.7
0.678
0.655
0.63
0.602
0.575
0.546
0.525
0.5
0.475
0.449
0.503
0.225
0.475
0.429
0.251
0.442
0.282
0.404
0.418
0.376
0.355
0.357
0.355
0.392
0.311
0.404
0.34
0.4
0.371
0.391
0.358
0.362
0.395
0.425
0.397
0.401
0.397
0.442
0.459
0.482
0.513
0.395
0.515
0.372
0.517
0.372
0.375
0.377
0.379
0.417
0.386
0.41
0.513
0.415
0.513
0.507
0.414
0.387
0.505
0.5
0.497
0.503
0.497
0.469
0.44
0.387
0.38
0.415
0.383
0.416
0.375
0.408
0.405
0.378
0.403
0.385
0.406
0.383
0.352
0.409
0.357
0.434
0.356
0.469
0.497
0.405
0.403
0.397
0.357
0.363
0.494
0.364
0.493
0.392
0.498
0.417
0.443
0.467
0.4
0.372
0.352
0.331
0.305
0.314
0.489
0.487
0.495
0.487
0.463
0.489
0.439
0.499
0.503
0.407
0.41
0.406
0.505
0.406
0.5
0.402
0.499
0.403
0.498
0.404
0.404
0.405
0.408
0.309
0.412
0.308
0.384
0.308
0.356
0.312
0.496
0.468
0.447
0.329
0.333
0.331
0.414
0.416
0.32
0.416
0.348
0.372
0.419
0.42
0.423
0.389
0.422
0.446
0.476
0.505
0.505
0.508
0.42
0.391
0.389
0.394
0.327
0.399
0.307
0.393
0.308
0.388
0.311
0.313
0.315
0.312
0.497
0.314
0.501
0.5
0.316
0.392
0.318
0.402
0.396
0.401
0.322
0.402
0.325
0.405
0.326
0.404
0.329
0.497
0.407
0.492
0.376
0.482
0.345
0.325
0.33
0.334
0.317
0.29
0.261
0.483
0.488
0.491
0.494
0.492
0.465
0.445
0.243
0.248
0.253
0.419
0.386
0.366
0.251
0.271
0.303
0.323
0.33
0.33
0.332
0.338
0.343
0.34
0.356
0.384
0.416
0.339
0.345
0.363
0.384
0.41
0.441
0.469
0.33
0.44
0.494
0.495
0.49
0.484
0.481
0.481
0.481
0.488
0.512
0.536
0.57
0.568
0.568
0.571
0.578
0.586
0.586
0.59
0.593
0.596
0.595
0.617
0.64
0.675
0.7
0.724
0.749
0.77
0.771
0.772
0.767
0.766
0.763
0.766
0.765
0.767
0.774
0.77
0.763
0.762
0.768
0.773
0.781
0.778
0.778
0.78
0.774
0.778
0.781
0.78
0.78
0.773
0.773
0.766
0.769
0.77
0.769
0.734
0.714
0.687
0.658
0.627
0.599
0.568
0.547
0.522
0.496
0.471
0.441
0.414
0.388
0.368
0.35
0.353
0.35
0.348
0.34
0.377
0.404
0.426
0.451
0.484
0.507
0.539
0.563
0.594
0.624
0.648
0.679
0.708
0.734
0.759
0.78
0.751
0.721
0.694
0.668
0.639
0.612
0.44
0.59
0.567
0.534
0.514
0.487
0.459
0.426
0.401
0.37
0.342
0.311
0.285
0.267
0.249
0.25
0.253
0.25
0.253
0.258
0.247
0.333
0.359
0.387
0.24
0.264
0.291
0.417
0.445
0.442
0.474
0.499
0.47
0.5
0.529
0.308
0.333
0.363
0.522
0.518
0.517
0.562
0.567
0.567
0.392
0.389
0.393
0.512
0.535
0.565
0.587
0.586
0.58
0.57
0.569
0.395
0.562
0.401
0.585
0.397
0.556
0.556
0.533
0.511
0.56
0.54
0.506
0.503
0.478
0.449
0.423
0.391
0.363
0.482
0.453
0.395
0.419
0.416
0.337
0.44
0.338
0.469
0.372
0.395
0.398
0.396
0.425
0.419
0.491
0.426
0.522
0.421
0.545
0.442
0.44
0.438
0.434
0.434
0.425
0.457
0.452
0.485
0.58
0.476
0.507
0.609
0.534
0.606
0.566
0.59
0.502
0.618
0.642
0.523
0.55
0.669
0.695
0.717
0.74
0.603
0.61
0.568
0.61
0.599
0.623
0.646
0.606
0.605
0.765
0.636
0.764
0.766
0.665
0.689
0.709
0.743
0.669
0.675
0.68
0.768
0.741
0.719
0.762
0.738
0.685
0.714
0.667
0.638
0.614
0.589
0.567
0.541
0.683
0.66
0.631
0.602
0.599
0.596
0.597
0.593
0.692
0.594
0.687
0.683
0.603
0.606
0.606
0.607
0.523
0.524
0.524
0.617
0.612
0.68
0.614
0.68
0.673
0.52
0.672
0.518
0.514
0.615
0.668
0.61
0.664
0.633
0.66
0.507
0.507
0.509
0.499
0.662
0.636
0.611
0.494
0.497
0.499
0.662
0.658
0.661
0.655
0.654
0.498
0.629
0.503
0.607
0.503
0.581
0.589
0.559
0.494
0.528
0.489
0.555
0.491
0.527
0.497
0.474
0.472
0.475
0.5
0.471
0.478
0.45
0.45
0.422
0.415
0.4
0.385
0.376
0.488
0.362
0.348
0.478
0.339
0.323
0.452
0.315
0.295
0.427
0.407
0.389
0.301
0.365
0.276
0.338
0.253
0.31
0.285
0.223
0.223
0.228
0.263
0.238
0.228
0.235
0.252
0.288
0.27
0.266
0.294
0.311
0.23
0.317
0.339
0.257
0.358
0.277
0.383
0.308
0.336
0.366
0.387
0.422
0.454
0.475
0.405
0.434
0.463
0.339
0.364
0.392
0.417
0.498
0.483
0.522
0.441
0.508
0.543
0.469
0.538
0.505
0.559
0.5
0.563
0.501
0.562
0.501
0.56
0.501
0.5
0.566
0.498
0.561
0.561
0.56
0.489
0.54
0.566
0.482
0.504
0.57
0.479
0.571
0.576
0.579
0.482
0.58
0.454
0.58
0.43
0.48
0.455
0.412
0.428
0.392
0.583
0.363
0.558
0.332
0.53
0.393
0.392
0.391
0.393
0.308
0.304
0.495
0.395
0.306
0.391
0.501
0.388
0.5
0.498
0.499
0.499
0.396
0.42
0.299
0.448
0.325
0.354
0.504
0.51
0.517
0.376
0.52
0.401
0.429
0.474
0.5
0.531
0.46
0.494
0.521
0.552
0.518
0.579
0.557
0.546
0.603
0.583
0.571
0.626
0.604
0.634
0.647
0.664
0.696
0.589
0.608
0.66
0.637
0.693
0.726
0.668
0.693
0.756
0.716
0.757
0.76
0.745
0.758
0.75
0.736
0.724
0.719
0.698
0.695
0.731
0.734
0.708
0.678
0.657
0.632
0.605
0.674
0.647
0.621
0.588
0.555
0.528
0.498
0.662
0.636
0.47
0.608
0.447
0.58
0.422
0.554
0.533
0.403
0.385
0.581
0.504
0.501
0.353
0.353
0.349
0.356
0.58
0.578
0.571
0.571
0.577
0.577
0.498
0.498
0.57
0.496
0.572
0.573
0.576
0.357
0.379
0.402
0.491
0.493
0.494
0.429
0.453
0.47
0.492
0.49
0.489
0.517
0.581
0.58
0.575
0.601
0.63
0.66
0.496
0.682
0.524
0.705
0.557
0.732
0.753
0.755
0.758
0.762
0.577
0.604
0.633
0.654
0.539
0.762
0.534
0.737
0.541
0.713
0.681
0.676
0.672
0.539
0.538
0.539
0.689
0.668
0.645
0.673
0.642
0.617
0.617
0.592
0.559
0.537
0.541
0.538
0.543
0.507
0.482
0.518
0.518
0.457
0.52
0.523
0.523
0.429
0.524
0.523
0.432
0.431
0.588
0.587
0.589
0.585
0.588
0.589
0.589
0.521
0.52
0.519
0.593
0.512
0.596
0.434
0.516
0.433
0.595
0.429
0.542
0.595
0.434
0.569
0.591
0.428
0.595
0.452
0.594
0.624
0.471
0.65
0.495
0.674
0.518
0.697
0.544
0.721
0.573
0.591
0.59
0.623
0.587
0.644
0.615
0.64
0.673
0.75
0.699
0.754
0.721
0.749
0.673
0.696
0.725
0.753
0.725
0.695
0.68
0.746
0.722
0.693
0.75
0.725
0.662
0.696
0.658
0.641
0.631
0.613
0.607
0.676
0.576
0.582
0.647
0.553
0.554
0.529
0.507
0.482
0.532
0.453
0.426
0.504
0.622
0.48
0.606
0.577
0.399
0.452
0.544
0.374
0.346
0.52
0.324
0.493
0.295
0.475
0.27
0.451
0.244
0.225
0.224
0.428
0.426
0.426
0.43
0.423
0.436
0.435
0.432
0.425
0.429
0.429
0.431
0.428
0.454
0.228
0.432
0.479
0.261
0.436
0.294
0.322
0.437
0.465
0.348
0.492
0.371
0.503
0.394
0.531
0.505
0.562
0.534
0.564
0.59
0.619
0.646
0.671
0.584
0.613
0.65
0.422
0.45
0.478
0.696
0.696
0.699
0.67
0.671
0.506
0.666
0.51
0.663
0.514
0.519
0.701
0.679
0.658
0.519
0.521
0.518
0.513
0.508
0.631
0.599
0.506
0.57
0.504
0.54
0.478
0.445
0.423
0.433
0.511
0.66
0.508
0.435
0.655
0.505
0.654
0.432
0.428
0.431
0.432
0.428
0.508
0.506
0.454
0.663
0.666
0.665
0.663
0.484
0.506
0.531
0.558
0.506
0.509
0.505
0.661
0.662
0.665
0.583
0.611
0.663
0.639
0.662
0.657
0.669
0.665
0.659
0.693
0.649
0.715
0.649
0.672
0.745
0.7
0.766
0.728
0.503
0.767
0.497
0.496
0.768
0.768
0.771
0.768
0.758
0.764
0.517
0.759
0.544
0.573
0.602
0.624
0.622
0.767
0.625
0.743
0.714
0.757
0.733
0.682
0.709
0.661
0.635
0.628
0.686
0.661
0.634
0.627
0.63
0.601
0.575
0.549
0.526
0.602
0.583
0.609
0.56
0.58
0.56
0.531
0.492
0.471
0.445
0.531
0.503
0.504
0.472
0.481
0.447
0.458
0.421
0.404
0.378
0.426
0.4
0.367
0.42
0.424
0.428
0.337
0.341
0.342
0.431
0.346
0.43
0.345
0.424
0.342
0.351
0.344
0.338
0.362
0.384
0.408
0.433
0.459
0.413
0.418
0.448
0.351
0.373
0.399
0.48
0.511
0.535
0.468
0.495
0.523
0.425
0.549
0.449
0.479
0.563
0.56
0.582
0.601
0.558
0.623
0.652
0.652
0.659
0.507
0.508
0.51
0.663
0.661
0.633
0.508
0.609
0.505
0.562
0.567
0.502
0.563
0.502
0.568
0.502
0.589
0.5
0.559
0.498
0.532
0.503
0.504
0.511
0.5
0.506
0.568
0.509
0.569
0.567
0.495
0.563
0.496
0.564
0.492
0.566
0.512
0.489
0.508
0.505
0.565
0.57
0.566
0.56
0.485
0.492
0.493
0.507
0.505
0.51
0.512
0.561
0.559
0.558
0.497
0.523
0.545
0.512
0.539
0.555
0.569
0.6
0.629
0.576
0.605
0.631
0.66
0.689
0.709
0.738
0.562
0.592
0.655
0.621
0.677
0.702
0.731
0.766
0.76
0.763
0.754
0.727
0.698
0.76
0.736
0.711
0.636
0.634
0.639
0.672
0.651
0.625
0.634
0.594
0.64
0.567
0.615
0.54
0.685
0.589
0.664
0.631
0.608
0.58
0.56
0.553
0.542
0.528
0.516
0.515
0.483
0.464
0.445
0.508
0.483
0.448
0.422
0.42
0.421
0.424
0.422
0.424
0.415
0.42
0.414
0.418
0.412
0.418
0.42
0.413
0.418
0.447
0.42
0.478
0.44
0.5
0.469
0.521
0.546
0.492
0.575
0.495
0.469
0.444
0.419
0.394
0.37
0.514
0.519
0.341
0.519
0.312
0.575
0.285
0.577
0.514
0.257
0.577
0.514
0.233
0.577
0.57
0.234
0.569
0.24
0.238
0.238
0.512
0.238
0.513
0.237
0.241
0.239
0.569
0.55
0.512
0.527
0.516
0.498
0.514
0.472
0.48
0.48
0.239
0.263
0.287
0.318
0.346
0.374
0.4
0.427
0.456
0.479
0.507
0.535
0.563
0.588
0.612
0.635
0.663
0.689
0.716
0.74
0.769
0.766
0.768
0.478
0.759
0.478
0.758
0.757
0.476
0.479
0.485
0.48
0.489
0.488
0.478
0.757
0.503
0.729
0.489
0.524
0.551
0.703
0.494
0.495
0.491
0.494
0.495
0.581
0.469
0.58
0.58
0.445
0.679
0.648
0.626
0.583
0.58
0.578
0.594
0.418
0.566
0.547
0.415
0.52
0.411
0.49
0.495
0.493
0.49
0.579
0.48
0.607
0.604
0.484
0.602
0.413
0.44
0.468
0.6
0.599
0.599
0.484
0.482
0.482
0.599
0.595
0.493
0.605
0.515
0.537
0.566
0.486
0.486
0.512
0.536
0.608
0.604
0.607
0.56
0.587
0.588
0.589
0.589
0.611
0.607
0.585
0.583
0.581
0.643
0.642
0.64
0.584
0.563
0.541
0.577
0.517
0.493
0.577
0.487
0.579
0.635
0.663
0.653
0.655
0.491
0.519
0.547
0.572
0.659
0.665
0.664
0.585
0.583
0.581
0.602
0.6
0.604
0.586
0.588
0.588
0.587
0.587
0.587
0.584
0.658
0.66
0.657
0.597
0.603
0.654
0.58
0.558
0.631
0.534
0.605
0.612
0.588
0.565
0.536
0.499
0.495
0.498
0.503
0.507
0.506
0.507
0.573
0.55
0.53
0.51
0.504
0.484
0.484
0.511
0.484
0.459
0.473
0.471
0.47
0.477
0.478
0.428
0.477
0.407
0.384
0.479
0.48
0.484
0.355
0.353
0.354
0.353
0.488
0.512
0.511
0.509
0.487
0.489
0.489
0.356
0.385
0.413
0.488
0.494
0.5
0.518
0.501
0.512
0.516
0.446
0.464
0.494
0.5
0.519
0.549
0.516
0.54
0.56
0.579
0.575
0.57
0.515
0.493
0.461
0.572
0.576
0.575
0.58
0.577
0.583
0.586
0.573
0.57
0.542
0.515
0.433
0.43
0.43
0.491
0.585
0.469
0.579
0.571
0.445
0.417
0.389
0.362
0.431
0.46
0.486
0.578
0.506
0.579
0.576
0.339
0.338
0.341
0.345
0.579
0.581
0.577
0.568
0.534
0.556
0.581
0.344
0.372
0.397
0.597
0.595
0.6
0.569
0.578
0.579
0.419
0.441
0.468
0.581
0.583
0.584
0.501
0.529
0.56
0.6
0.591
0.594
0.586
0.614
0.631
0.589
0.609
0.625
0.647
0.592
0.649
0.564
0.648
0.653
0.564
0.657
0.563
0.68
0.68
0.683
0.563
0.561
0.555
0.654
0.63
0.606
0.679
0.655
0.625
0.575
0.547
0.519
0.592
0.597
0.598
0.556
0.595
0.533
0.505
0.498
0.497
0.496
0.6
0.601
0.604
0.484
0.488
0.488
0.483
0.483
0.477
0.476
0.483
0.604
0.604
0.599
0.484
0.481
0.478
0.485
0.48
0.482
0.6
0.476
0.604
0.489
0.484
0.604
0.488
0.488
0.489
0.603
0.49
0.489
0.494
0.49
0.489
0.491
0.495
0.491
0.493
0.491
0.576
0.585
0.579
0.493
0.491
0.49
0.58
0.582
0.583
0.59
0.491
0.459
0.437
0.418
0.499
0.498
0.493
0.492
0.562
0.49
0.398
0.538
0.46
0.52
0.369
0.438
0.341
0.488
0.488
0.484
0.314
0.317
0.318
0.419
0.427
0.428
0.48
0.48
0.477
0.319
0.357
0.381
0.41
0.428
0.425
0.42
0.47
0.466
0.47
0.468
0.435
0.453
0.493
0.475
0.517
0.545
0.507
0.538
0.57
0.574
0.597
0.625
0.598
0.645
0.628
0.67
0.692
0.65
0.715
0.413
0.417
0.437
0.465
0.747
0.749
0.749
0.681
0.701
0.727
0.747
0.489
0.517
0.547
0.752
0.725
0.703
0.771
0.741
0.715
0.685
0.665
0.57
0.643
0.57
0.686
0.565
0.65
0.63
0.62
0.592
0.6
0.561
0.577
0.536
0.558
0.574
0.583
0.588
0.583
0.514
0.514
0.523
0.579
0.576
0.58
0.528
0.528
0.526
0.529
0.518
0.528
0.517
0.578
0.583
0.586
0.522
0.518
0.515
0.587
0.582
0.583
0.515
0.514
0.507
0.525
0.523
0.549
0.577
0.504
0.505
0.506
0.58
0.515
0.519
0.58
0.548
0.571
0.578
0.579
0.603
0.594
0.596
0.593
0.597
0.592
0.582
0.581
0.591
0.583
0.585
0.585
0.578
0.574
0.574
0.573
0.573
0.551
0.583
0.59
0.584
0.591
0.562
0.587
0.588
0.526
0.568
0.541
0.521
0.497
0.466
0.501
0.511
0.487
0.477
0.434
0.464
0.453
0.446
0.406
0.433
0.381
0.433
0.436
0.359
0.425
0.426
0.425
0.334
0.336
0.431
0.338
0.429
0.422
0.338
0.428
0.426
0.421
0.416
0.338
0.367
0.393
0.422
0.422
0.442
0.424
0.463
0.458
0.429
0.462
0.488
0.482
0.509
0.528
0.555
0.58
0.605
0.64
0.493
0.521
0.513
0.55
0.535
0.578
0.607
0.67
0.693
0.72
0.749
0.745
0.721
0.571
0.574
0.574
0.581
0.691
0.654
0.632
0.586
0.587
0.59
0.633
0.626
0.63
0.628
0.626
0.632
0.627
0.605
0.576
0.613
0.609
0.587
0.609
0.588
0.601
0.585
0.544
0.54
0.54
0.529
0.534
0.534
0.534
0.6
0.601
0.603
0.536
0.539
0.536
0.601
0.58
0.605
0.579
0.606
0.576
0.57
0.598
0.596
0.596
0.6
0.535
0.532
0.56
0.589
0.592
0.591
0.581
0.567
0.587
0.57
0.584
0.568
0.584
0.6
0.598
0.592
0.588
0.568
0.599
0.57
0.547
0.606
0.548
0.604
0.521
0.525
0.487
0.456
0.429
0.49
0.487
0.492
0.396
0.366
0.344
0.595
0.569
0.54
0.493
0.491
0.493
0.484
0.518
0.492
0.473
0.317
0.448
0.284
0.263
0.421
0.393
0.364
0.488
0.459
0.342
0.438
0.323
0.302
0.232
0.228
0.223
0.267
0.232
0.227
0.224
0.41
0.246
0.383
0.36
0.278
0.229
0.304
0.224
0.224
0.229
0.332
0.354
0.379
0.23
0.342
0.259
0.336
0.29
0.331
0.336
0.406
0.435
0.462
0.314
0.338
0.361
0.492
0.519
0.388
0.546
0.416
0.445
0.468
0.336
0.365
0.39
0.414
0.439
0.567
0.471
0.594
0.627
0.645
0.493
0.515
0.533
0.669
0.495
0.697
0.522
0.729
0.543
0.758
0.728
0.695
0.567
0.567
0.57
0.574
0.57
0.562
0.577
0.583
0.584
0.671
0.58
0.642
0.626
0.607
0.578
0.579
0.55
0.527
0.565
0.562
0.581
0.561
0.556
0.531
0.499
0.505
0.506
0.558
0.496
0.567
0.491
0.568
0.5
0.572
0.509
0.506
0.511
0.511
0.508
0.509
0.507
0.513
0.513
0.511
0.51
0.51
0.514
0.545
0.51
0.513
0.509
0.576
0.534
0.578
0.579
0.578
0.573
0.57
0.56
0.565
0.588
0.572
0.617
0.594
0.622
0.636
0.656
0.681
0.642
0.667
0.694
0.561
0.565
0.71
0.568
0.731
0.725
0.762
0.741
0.768
0.766
0.769
0.736
0.588
0.707
0.584
0.682
0.59
0.763
0.735
0.705
0.66
0.635
0.615
0.591
0.599
0.678
0.592
0.65
0.59
0.629
0.557
0.531
0.582
0.498
0.555
0.527
0.497
0.471
0.608
0.453
0.421
0.589
0.394
0.559
0.367
0.344
0.47
0.441
0.413
0.538
0.507
0.479
0.454
0.312
0.29
0.264
0.425
0.393
0.37
0.238
0.245
0.242
0.385
0.393
0.389
0.233
0.341
0.253
0.339
0.281
0.34
0.308
0.391
0.392
0.387
0.39
0.332
0.354
0.381
0.341
0.342
0.371
0.404
0.432
0.455
0.393
0.424
0.454
0.396
0.42
0.444
0.464
0.474
0.49
0.519
0.486
0.506
0.533
0.479
0.51
0.538
0.557
0.586
0.606
0.63
0.557
0.659
0.591
0.681
0.624
0.704
0.559
0.589
0.614
0.739
0.749
0.748
0.658
0.681
0.706
0.735
0.639
0.676
0.701
0.744
0.721
0.748
0.746
0.742
0.756
0.728
0.747
0.703
0.726
0.769
0.699
0.743
0.714
0.683
0.656
0.629
0.669
0.693
0.645
0.669
0.611
0.642
0.603
0.581
0.559
0.587
0.559
0.617
0.541
0.589
0.559
0.53
0.5
0.473
0.45
0.511
0.481
0.455
0.429
0.534
0.513
0.489
0.471
0.42
0.385
0.364
0.4
0.376
0.352
0.34
0.318
0.296
0.433
0.401
0.373
0.342
0.31
0.289
0.33
0.301
0.279
0.273
0.267
0.296
0.311
0.337
0.364
0.258
0.392
0.258
0.288
0.262
0.264
0.284
0.315
0.418
0.336
0.443
0.471
0.368
0.402
0.31
0.338
0.356
0.384
0.425
0.503
0.457
0.53
0.484
0.558
0.407
0.438
0.454
0.579
0.609
0.637
0.51
0.663
0.533
0.559
0.487
0.515
0.537
0.691
0.719
0.585
0.752
0.614
0.64
0.671
0.564
0.589
0.608
0.775
0.633
0.748
0.659
0.699
0.71
0.71
0.658
0.66
0.654
0.72
0.709
0.706
0.687
0.677
0.657
0.633
0.658
0.607
0.626
0.572
0.604
0.576
0.544
0.624
0.598
0.576
0.554
0.539
0.512
0.487
0.514
0.483
0.55
0.522
0.458
0.496
0.459
0.44
0.409
0.429
0.414
0.466
0.395
0.444
0.368
0.416
0.387
0.363
0.338
0.342
0.313
0.319
0.391
0.283
0.388
0.392
0.38
0.376
0.26
0.382
0.284
0.405
0.316
0.288
0.289
0.284
0.311
0.433
0.329
0.452
0.346
0.468
0.369
0.371
0.392
0.497
0.532
0.409
0.555
0.441
0.47
0.498
0.396
0.421
0.44
0.582
0.612
0.528
0.634
0.554
0.658
0.577
0.684
0.709
0.728
0.465
0.485
0.515
0.544
0.752
0.749
0.746
0.606
0.618
0.639
0.566
0.586
0.752
0.618
0.752
0.663
0.746
0.693
0.713
0.637
0.668
0.693
0.749
0.723
0.698
0.675
0.721
0.724
0.691
0.651
0.62
0.593
0.746
0.74
0.708
0.678
0.665
0.638
0.566
0.62
0.534
0.583
0.509
0.652
0.63
0.605
0.488
0.464
0.438
0.423
0.585
0.553
0.527
0.397
0.372
0.341
0.561
0.532
0.507
0.499
0.469
0.443
0.472
0.424
0.443
0.422
0.315
0.289
0.266
0.395
0.374
0.356
0.33
0.392
0.366
0.338
0.244
0.246
0.248
0.315
0.284
0.261
0.234
0.238
0.245
0.304
0.302
0.304
0.3
0.329
0.357
0.383
0.408
0.434
0.242
0.27
0.291
0.317
0.462
0.464
0.459
0.468
0.248
0.244
0.246
0.249
0.473
0.473
0.249
0.345
0.467
0.253
0.35
0.253
0.354
0.351
0.361
0.251
0.363
0.249
0.469
0.25
0.47
0.469
0.246
0.249
0.246
0.357
0.25
0.365
0.248
0.471
0.374
0.255
0.472
0.444
0.257
0.251
0.247
0.244
0.375
0.417
0.376
0.389
0.36
0.341
0.249
0.251
0.312
0.252
0.377
0.397
0.421
0.449
0.307
0.305
0.304
0.471
0.495
0.324
0.494
0.358
0.382
0.252
0.279
0.301
0.411
0.44
0.466
0.502
0.485
0.502
0.498
0.326
0.35
0.376
0.511
0.409
0.537
0.56
0.433
0.462
0.496
0.521
0.537
0.563
0.59
0.587
0.519
0.618
0.549
0.644
0.565
0.679
0.703
0.724
0.59
0.62
0.645
0.618
0.642
0.663
0.749
0.757
0.754
0.757
0.676
0.699
0.728
0.752
0.688
0.717
0.763
0.741
0.761
0.764
0.765
0.773
0.777
0.761
0.754
0.756
0.776
0.749
0.724
0.703
0.678
0.652
0.759
0.734
0.7
0.772
0.746
0.722
0.623
0.693
0.589
0.558
0.535
0.51
0.676
0.485
0.649
0.458
0.621
0.594
0.433
0.401
0.376
0.658
0.636
0.614
0.567
0.59
0.544
0.569
0.518
0.544
0.35
0.322
0.299
0.511
0.483
0.468
0.273
0.443
0.252
0.249
0.497
0.467
0.449
0.416
0.242
0.387
0.24
0.362
0.237
0.235
0.425
0.395
0.367
0.335
0.235
0.243
0.249
0.319
0.3
0.272
0.237
0.238
0.237
0.248
0.242
0.336
0.308
0.248
0.276
0.243
0.237
0.241
0.24
0.248
0.252
0.252
0.246
0.245
0.247
0.251
0.246
0.248
0.252
0.242
0.247
0.241
0.234
0.237
0.233
0.228
0.254
0.25
0.244
0.226
0.221
0.223
0.235
0.241
0.236
0.238
0.236
0.239
0.228
0.242
0.224
0.262
0.227
0.292
0.24
0.313
0.234
0.229
0.232
0.259
0.29
0.316
0.227
0.254
0.269
0.342
0.367
0.392
0.348
0.376
0.392
0.415
0.418
0.444
0.446
0.466
0.474
0.288
0.284
0.279
0.5
0.527
0.489
0.556
0.512
0.582
0.543
0.575
0.278
0.306
0.334
0.36
0.608
0.629
0.605
0.634
0.661
0.66
0.389
0.685
0.416
0.709
0.681
0.44
0.704
0.737
0.734
0.467
0.493
0.522
0.761
0.763
0.758
0.761
0.762
0.759
0.557
0.582
0.614
0.642
0.759
0.727
0.696
0.678
0.758
0.753
0.751
0.748
0.665
0.665
0.666
0.649
0.621
0.594
0.749
0.721
0.669
0.691
0.673
0.675
0.665
0.635
0.675
0.61
0.648
0.617
0.574
0.555
0.53
0.586
0.556
0.595
0.533
0.57
0.545
0.518
0.503
0.486
0.463
0.502
0.438
0.476
0.451
0.501
0.503
0.51
0.417
0.398
0.503
0.501
0.5
0.408
0.501
0.408
0.409
0.505
0.414
0.499
0.415
0.494
0.421
0.423
0.426
0.369
0.453
0.362
0.478
0.366
0.498
0.526
0.555
0.509
0.364
0.537
0.368
0.561
0.371
0.58
0.608
0.583
0.636
0.613
0.637
0.396
0.426
0.453
0.48
0.513
0.538
0.56
0.655
0.677
0.696
0.674
0.72
0.696
0.714
0.747
0.741
0.744
0.742
0.769
0.764
0.761
0.584
0.61
0.623
0.76
0.766
0.741
0.753
0.739
0.744
0.65
0.676
0.705
0.751
0.751
0.756
0.745
0.746
0.732
0.746
0.758
0.761
0.756
0.762
0.757
0.761
0.748
0.718
0.692
0.668
0.755
0.751
0.752
0.643
0.617
0.763
0.587
0.737
0.705
0.679
0.755
0.728
0.7
0.646
0.621
0.569
0.599
0.544
0.521
0.495
0.676
0.474
0.447
0.65
0.422
0.621
0.601
0.397
0.369
0.34
0.574
0.548
0.529
0.569
0.542
0.311
0.524
0.283
0.259
0.503
0.472
0.445
0.502
0.474
0.447
0.428
0.234
0.239
0.237
0.416
0.409
0.407
0.401
0.394
0.394
0.239
0.264
0.293
0.322
0.412
0.39
0.417
0.392
0.421
0.391
0.417
0.346
0.368
0.394
0.392
0.413
0.413
0.439
0.463
0.438
0.417
0.444
0.473
0.469
0.497
0.491
0.511
0.524
0.536
0.55
0.502
0.531
0.558
0.579
0.562
0.586
0.601
0.619
0.619
0.584
0.609
0.635
0.662
0.642
0.666
0.644
0.689
0.672
0.707
0.731
0.693
0.717
0.744
0.715
0.743
0.76
0.741
0.767
0.771
0.739
0.744
0.744
0.746
0.762
0.764
0.763
0.773
0.741
0.767
0.743
0.767
0.748
0.762
0.738
0.71
0.685
0.773
0.746
0.721
0.696
0.743
0.662
0.718
0.635
0.694
0.612
0.67
0.645
0.625
0.599
0.573
0.544
0.587
0.558
0.53
0.511
0.48
0.668
0.456
0.637
0.617
0.595
0.507
0.481
0.452
0.43
0.399
0.369
0.347
0.568
0.549
0.523
0.43
0.406
0.38
0.354
0.321
0.324
0.297
0.296
0.272
0.264
0.498
0.469
0.45
0.244
0.249
0.251
0.239
0.261
0.288
0.422
0.422
0.422
0.254
0.28
0.315
0.309
0.335
0.355
0.417
0.423
0.429
0.423
0.376
0.399
0.427
0.458
0.421
0.444
0.464
0.478
0.503
0.534
0.496
0.524
0.549
0.339
0.553
0.575
0.584
0.599
0.612
0.619
0.364
0.364
0.364
0.644
0.37
0.642
0.376
0.364
0.644
0.365
0.365
0.371
0.632
0.365
0.369
0.626
0.368
0.626
0.362
0.645
0.648
0.624
0.361
0.358
0.352
0.635
0.658
0.662
0.349
0.346
0.336
0.593
0.595
0.593
0.333
0.588
0.334
0.362
0.667
0.67
0.666
0.662
0.38
0.411
0.434
0.467
0.598
0.574
0.556
0.496
0.499
0.497
0.533
0.5
0.476
0.661
0.636
0.498
0.61
0.497
0.501
0.506
0.535
0.562
0.588
0.446
0.443
0.449
0.58
0.585
0.59
0.45
0.447
0.58
0.475
0.586
0.502
0.582
0.583
0.587
0.617
0.643
0.608
0.613
0.618
0.524
0.553
0.574
0.62
0.618
0.666
0.616
0.668
0.671
0.622
0.62
0.617
0.604
0.604
0.604
0.606
0.601
0.627
0.617
0.671
0.617
0.671
0.637
0.673
0.682
0.663
0.684
0.71
0.726
0.693
0.718
0.645
0.739
0.669
0.703
0.729
0.757
0.754
0.753
0.76
0.759
0.759
0.758
0.754
0.756
0.76
0.741
0.716
0.759
0.738
0.709
0.681
0.754
0.724
0.7
0.657
0.628
0.692
0.605
0.67
0.652
0.58
0.556
0.528
0.5
0.469
0.626
0.443
0.601
0.569
0.55
0.523
0.673
0.498
0.642
0.475
0.621
0.598
0.573
0.547
0.518
0.418
0.42
0.415
0.419
0.446
0.448
0.447
0.421
0.424
0.419
0.451
0.457
0.452
0.488
0.416
0.488
0.485
0.442
0.495
0.463
0.496
0.495
0.443
0.489
0.446
0.514
0.466
0.547
0.488
0.491
0.491
0.489
0.486
0.574
0.593
0.613
0.643
0.511
0.53
0.546
0.668
0.693
0.49
0.571
0.721
0.521
0.718
0.516
0.688
0.517
0.597
0.6
0.591
0.67
0.644
0.622
0.596
0.575
0.549
0.523
0.499
0.468
0.442
0.411
0.385
0.586
0.36
0.589
0.59
0.593
0.558
0.52
0.533
0.515
0.504
0.508
0.509
0.335
0.314
0.287
0.48
0.45
0.434
0.508
0.508
0.514
0.267
0.242
0.239
0.239
0.239
0.487
0.488
0.239
0.492
0.24
0.4
0.403
0.241
0.405
0.269
0.298
0.326
0.355
0.384
0.494
0.497
0.503
0.408
0.435
0.459
0.488
0.403
0.408
0.417
0.414
0.5
0.501
0.504
0.504
0.413
0.437
0.467
0.496
0.518
0.542
0.507
0.54
0.518
0.57
0.542
0.568
0.588
0.612
0.643
0.669
0.595
0.692
0.593
0.722
0.594
0.564
0.571
0.569
0.594
0.595
0.606
0.745
0.743
0.716
0.691
0.568
0.564
0.564
0.56
0.669
0.64
0.602
0.611
0.603
0.578
0.543
0.516
0.493
0.463
0.572
0.549
0.522
0.589
0.562
0.534
0.448
0.418
0.389
0.511
0.481
0.449
0.429
0.496
0.469
0.437
0.363
0.333
0.304
0.278
0.406
0.378
0.344
0.419
0.396
0.368
0.342
0.321
0.322
0.313
0.259
0.285
0.32
0.31
0.318
0.317
0.31
0.337
0.356
0.313
0.329
0.342
0.355
0.37
0.379
0.378
0.4
0.427
0.458
0.478
0.504
0.535
0.402
0.397
0.406
0.397
0.407
0.41
0.554
0.552
0.553
0.4
0.392
0.39
0.414
0.551
0.389
0.414
0.546
0.392
0.409
0.545
0.393
0.413
0.394
0.39
0.389
0.384
0.403
0.408
0.555
0.408
0.556
0.529
0.506
0.382
0.485
0.377
0.461
0.352
0.445
0.41
0.405
0.405
0.426
0.401
0.376
0.331
0.338
0.336
0.342
0.403
0.42
0.421
0.346
0.352
0.356
0.346
0.351
0.38
0.414
0.342
0.369
0.409
0.434
0.465
0.49
0.513
0.537
0.57
0.597
0.622
0.643
0.397
0.425
0.455
0.472
0.415
0.418
0.417
0.411
0.664
0.686
0.71
0.727
0.495
0.52
0.541
0.436
0.432
0.427
0.569
0.758
0.567
0.73
0.569
0.7
0.683
0.654
0.629
0.604
0.574
0.572
0.546
0.582
0.586
0.523
0.421
0.492
0.422
0.469
0.42
0.446
0.425
0.426
0.433
0.587
0.586
0.554
0.528
0.423
0.396
0.368
0.338
0.498
0.314
0.423
0.494
0.29
0.454
0.496
0.485
0.509
0.495
0.486
0.482
0.514
0.52
0.523
0.272
0.273
0.297
0.321
0.346
0.373
0.394
0.485
0.488
0.492
0.5
0.529
0.533
0.533
0.419
0.45
0.482
0.509
0.541
0.5
0.562
0.526
0.548
0.535
0.535
0.557
0.591
0.581
0.618
0.597
0.641
0.623
0.664
0.58
0.599
0.629
0.662
0.644
0.686
0.67
0.715
0.703
0.689
0.738
0.708
0.732
0.769
0.766
0.757
0.768
0.735
0.71
0.725
0.763
0.726
0.731
0.695
0.695
0.671
0.671
0.683
0.661
0.635
0.638
0.609
0.578
0.613
0.584
0.551
0.519
0.648
0.629
0.609
0.49
0.464
0.437
0.552
0.525
0.5
0.413
0.414
0.412
0.472
0.472
0.476
0.402
0.407
0.404
0.589
0.589
0.59
0.587
0.582
0.405
0.582
0.405
0.434
0.455
0.486
0.502
0.531
0.473
0.472
0.481
0.477
0.474
0.56
0.474
0.586
0.473
0.616
0.588
0.592
0.594
0.593
0.596
0.589
0.584
0.645
0.67
0.587
0.69
0.618
0.715
0.65
0.463
0.501
0.536
0.741
0.739
0.737
0.672
0.699
0.728
0.748
0.567
0.602
0.627
0.653
0.749
0.749
0.749
0.771
0.74
0.706
0.747
0.68
0.679
0.718
0.679
0.658
0.697
0.684
0.675
0.679
0.651
0.628
0.602
0.568
0.548
0.519
0.491
0.469
0.451
0.429
0.637
0.613
0.58
0.555
0.659
0.659
0.666
0.407
0.41
0.412
0.531
0.535
0.534
0.666
0.662
0.665
0.536
0.539
0.532
0.531
0.529
0.532
0.662
0.637
0.616
0.597
0.532
0.504
0.472
0.476
0.561
0.529
0.411
0.499
0.388
0.363
0.485
0.339
0.484
0.333
0.327
0.479
0.327
0.326
0.33
0.331
0.34
0.469
0.329
0.438
0.33
0.412
0.329
0.329
0.324
0.39
0.317
0.388
0.389
0.474
0.466
0.466
0.314
0.288
0.254
0.394
0.392
0.359
0.325
0.467
0.468
0.442
0.22
0.22
0.22
0.299
0.302
0.302
0.305
0.329
0.357
0.225
0.259
0.38
0.286
0.411
0.437
0.416
0.466
0.419
0.415
0.414
0.493
0.52
0.542
0.409
0.408
0.403
0.31
0.334
0.36
0.377
0.402
0.438
0.569
0.464
0.601
0.623
0.403
0.437
0.473
0.488
0.517
0.549
0.507
0.525
0.552
0.583
0.611
0.641
0.672
0.693
0.586
0.689
0.582
0.683
0.58
0.59
0.592
0.586
0.581
0.69
0.661
0.636
0.609
0.588
0.57
0.541
0.508
0.476
0.449
0.644
0.571
0.642
0.543
0.522
0.645
0.649
0.647
0.616
0.59
0.414
0.562
0.387
0.546
0.366
0.522
0.502
0.502
0.502
0.503
0.496
0.502
0.497
0.492
0.514
0.491
0.514
0.513
0.512
0.337
0.341
0.339
0.501
0.496
0.493
0.494
0.511
0.54
0.571
0.335
0.341
0.372
0.404
0.601
0.492
0.629
0.426
0.483
0.655
0.485
0.457
0.485
0.512
0.679
0.484
0.479
0.479
0.474
0.478
0.482
0.483
0.487
0.483
0.483
0.485
0.536
0.533
0.536
0.705
0.539
0.702
0.541
0.698
0.692
0.533
0.461
0.435
0.405
0.533
0.559
0.664
0.582
0.662
0.607
0.663
0.381
0.378
0.382
0.603
0.601
0.668
0.601
0.666
0.657
0.389
0.391
0.388
0.386
0.598
0.597
0.65
0.595
0.65
0.651
0.418
0.446
0.477
0.597
0.657
0.595
0.655
0.593
0.653
0.649
0.652
0.656
0.657
0.503
0.525
0.558
0.585
0.611
0.634
0.591
0.586
0.61
0.636
0.656
0.684
0.716
0.666
0.698
0.725
0.753
0.659
0.684
0.717
0.738
0.733
0.712
0.741
0.713
0.679
0.683
0.659
0.638
0.614
0.589
0.565
0.542
0.78
0.755
0.729
0.701
0.68
0.648
0.655
0.63
0.615
0.588
0.514
0.49
0.465
0.559
0.529
0.499
0.442
0.622
0.418
0.593
0.391
0.567
0.365
0.54
0.474
0.448
0.424
0.344
0.337
0.335
0.4
0.403
0.407
0.517
0.333
0.521
0.517
0.365
0.383
0.404
0.412
0.407
0.407
0.516
0.407
0.515
0.434
0.514
0.457
0.412
0.448
0.477
0.48
0.48
0.474
0.47
0.499
0.502
0.492
0.473
0.471
0.474
0.511
0.481
0.452
0.494
0.496
0.501
0.477
0.466
0.462
0.422
0.396
0.395
0.399
0.499
0.494
0.491
0.491
0.465
0.488
0.487
0.493
0.461
0.432
0.411
0.409
0.41
0.404
0.422
0.453
0.475
0.488
0.507
0.497
0.53
0.493
0.502
0.558
0.587
0.588
0.585
0.584
0.582
0.586
0.406
0.401
0.395
0.401
0.586
0.507
0.615
0.505
0.644
0.5
0.501
0.669
0.669
0.671
0.67
0.408
0.409
0.408
0.41
0.412
0.411
0.42
0.665
0.529
0.644
0.529
0.615
0.534
0.595
0.561
0.54
0.534
0.537
0.529
0.425
0.508
0.428
0.475
0.451
0.426
0.526
0.558
0.586
0.604
0.434
0.464
0.49
0.428
0.428
0.435
0.433
0.605
0.599
0.602
0.431
0.427
0.509
0.43
0.479
0.461
0.437
0.411
0.386
0.359
0.598
0.575
0.546
0.324
0.315
0.32
0.514
0.481
0.457
0.433
0.318
0.318
0.434
0.323
0.433
0.409
0.318
0.435
0.41
0.409
0.423
0.42
0.424
0.42
0.417
0.425
0.427
0.404
0.392
0.393
0.435
0.31
0.435
0.309
0.425
0.31
0.391
0.367
0.426
0.342
0.404
0.322
0.376
0.3
0.276
0.243
0.303
0.278
0.252
0.23
0.22
0.244
0.254
0.272
0.278
0.352
0.351
0.35
0.342
0.299
0.329
0.355
0.309
0.336
0.366
0.386
0.34
0.365
0.386
0.382
0.405
0.423
0.434
0.451
0.474
0.419
0.451
0.467
0.459
0.496
0.498
0.494
0.521
0.518
0.526
0.541
0.539
0.555
0.566
0.59
0.613
0.567
0.599
0.648
0.583
0.625
0.582
0.582
0.675
0.642
0.668
0.673
0.645
0.583
0.647
0.583
0.645
0.584
0.671
0.649
0.631
0.587
0.587
0.562
0.529
0.603
0.575
0.648
0.551
0.624
0.596
0.561
0.537
0.508
0.503
0.484
0.456
0.488
0.454
0.43
0.405
0.376
0.383
0.383
0.432
0.429
0.427
0.528
0.382
0.53
0.427
0.526
0.535
0.532
0.382
0.38
0.384
0.423
0.425
0.427
0.407
0.435
0.539
0.467
0.546
0.544
0.538
0.538
0.532
0.533
0.491
0.422
0.563
0.515
0.447
0.542
0.583
0.471
0.57
0.499
0.603
0.629
0.596
0.65
0.624
0.68
0.648
0.708
0.729
0.755
0.519
0.517
0.523
0.752
0.728
0.702
0.674
0.674
0.669
0.519
0.519
0.52
0.677
0.674
0.648
0.645
0.616
0.616
0.583
0.522
0.518
0.522
0.591
0.565
0.542
0.522
0.504
0.47
0.519
0.505
0.437
0.478
0.451
0.559
0.421
0.537
0.395
0.512
0.368
0.414
0.387
0.346
0.357
0.322
0.301
0.479
0.456
0.429
0.275
0.248
0.248
0.241
0.336
0.31
0.286
0.4
0.264
0.366
0.244
0.34
0.247
0.318
0.254
0.248
0.247
0.293
0.256
0.272
0.252
0.251
0.247
0.248
0.227
0.221
0.22
0.221
0.223
0.223
0.252
0.251
0.251
0.231
0.231
0.228
0.248
0.232
0.242
0.246
0.248
0.253
0.252
0.249
0.249
0.245
0.25
0.235
0.247
0.233
0.25
0.23
0.247
0.255
0.257
0.252
0.247
0.24
0.244
0.241
0.242
0.245
0.248
0.243
0.246
0.247
0.246
0.25
0.245
0.254
0.25
0.251
0.245
0.246
0.24
0.248
0.272
0.299
0.24
0.321
0.265
0.288
0.237
0.303
0.269
0.328
0.294
0.315
0.364
0.388
0.355
0.379
0.405
0.414
0.445
0.472
0.341
0.44
0.363
0.467
0.384
0.496
0.414
0.439
0.491
0.469
0.519
0.544
0.559
0.584
0.609
0.511
0.536
0.494
0.567
0.523
0.548
0.593
0.643
0.573
0.668
0.695
0.721
0.746
0.6
0.745
0.622
0.751
0.651
0.622
0.648
0.676
0.674
0.69
0.72
0.756
0.701
0.757
0.726
0.751
0.75
0.753
0.755
0.749
0.756
0.746
0.755
0.753
0.774
0.777
0.773
0.757
0.751
0.754
0.779
0.747
0.716
0.685
0.756
0.729
0.702
0.66
0.633
0.609
0.673
0.645
0.619
0.584
0.557
0.527
0.501
0.497
0.496
0.597
0.596
0.596
0.587
0.591
0.591
0.596
0.487
0.486
0.481
0.488
0.591
0.747
0.745
0.592
0.749
0.582
0.495
0.756
0.499
0.754
0.501
0.752
0.747
0.585
0.504
0.585
0.59
0.523
0.589
0.572
0.576
0.574
0.575
0.555
0.562
0.553
0.552
0.574
0.552
0.582
0.582
0.556
0.555
0.552
0.749
0.72
0.696
0.673
0.647
0.625
0.594
0.563
0.543
0.514
0.53
0.477
0.555
0.507
0.455
0.555
0.478
0.435
0.528
0.41
0.385
0.356
0.328
0.3
0.275
0.247
0.225
0.227
0.227
0.227
0.226
0.499
0.223
0.478
0.229
0.449
0.231
0.226
0.229
0.455
0.428
0.431
0.404
0.428
0.42
0.238
0.26
0.28
0.312
0.412
0.416
0.337
0.367
0.41
0.411
0.414
0.438
0.469
0.375
0.498
0.38
0.517
0.376
0.539
0.377
0.374
0.381
0.403
0.429
0.465
0.492
0.57
0.595
0.622
0.52
0.513
0.509
0.649
0.647
0.645
0.655
0.51
0.513
0.513
0.658
0.511
0.627
0.6
0.395
0.399
0.403
0.407
0.407
0.408
0.407
0.4
0.396
0.393
0.504
0.501
0.502
0.506
0.48
0.458
0.391
0.397
0.403
0.404
0.395
0.372
0.356
0.329
0.435
0.299
0.27
0.409
0.242
0.377
0.233
0.233
0.229
0.226
0.222
0.225
0.237
0.236
0.239
0.239
0.24
0.235
0.348
0.317
0.29
0.579
0.264
0.55
0.524
0.501
0.473
0.443
0.414
0.384
0.234
0.361
0.234
0.335
0.233
0.306
0.28
0.26
0.24
0.242
0.238
0.271
0.3
0.24
0.322
0.344
0.37
0.399
0.421
0.45
0.232
0.476
0.257
0.288
0.316
0.24
0.267
0.29
0.502
0.523
0.551
0.319
0.343
0.371
0.39
0.58
0.609
0.635
0.661
0.339
0.369
0.398
0.416
0.448
0.477
0.691
0.711
0.731
0.75
0.75
0.75
0.421
0.446
0.474
0.742
0.74
0.742
0.502
0.521
0.499
0.552
0.533
0.578
0.553
0.602
0.584
0.623
0.608
0.656
0.632
0.682
0.684
0.683
0.741
0.68
0.657
0.716
0.656
0.649
0.685
0.659
0.621
0.657
0.657
0.599
0.577
0.553
0.53
0.637
0.615
0.587
0.66
0.628
0.603
0.505
0.478
0.563
0.457
0.535
0.512
0.574
0.428
0.554
0.404
0.375
0.523
0.488
0.455
0.437
0.348
0.412
0.506
0.351
0.413
0.505
0.349
0.411
0.496
0.408
0.488
0.341
0.346
0.374
0.417
0.403
0.419
0.425
0.492
0.486
0.487
0.428
0.454
0.483
0.511
0.535
0.562
0.586
0.607
0.489
0.465
0.435
0.406
0.41
0.408
0.426
0.408
0.43
0.432
0.433
0.405
0.411
0.417
0.633
0.637
0.634
0.428
0.415
0.432
0.413
0.427
0.636
0.424
0.634
0.431
0.436
0.635
0.435
0.61
0.435
0.436
0.434
0.424
0.592
0.394
0.565
0.368
0.533
0.432
0.407
0.387
0.366
0.504
0.475
0.448
0.347
0.318
0.29
0.268
0.335
0.31
0.284
0.24
0.426
0.242
0.399
0.241
0.375
0.259
0.258
0.256
0.345
0.315
0.289
0.265
0.244
0.236
0.235
0.252
0.256
0.254
0.242
0.238
0.235
0.235
0.237
0.24
0.252
0.252
0.246
0.241
0.243
0.24
0.235
0.242
0.271
0.298
0.321
0.24
0.266
0.296
0.344
0.35
0.235
0.353
0.231
0.323
0.237
0.321
0.312
0.24
0.245
0.244
0.24
0.239
0.239
0.236
0.238
0.24
0.241
0.314
0.319
0.318
0.32
0.354
0.244
0.352
0.243
0.355
0.241
0.241
0.318
0.318
0.236
0.32
0.239
0.246
0.356
0.357
0.359
0.358
0.251
0.248
0.249
0.319
0.319
0.357
0.317
0.362
0.363
0.253
0.247
0.249
0.322
0.317
0.319
0.361
0.368
0.249
0.363
0.253
0.254
0.255
0.319
0.322
0.296
0.265
0.258
0.287
0.318
0.244
0.272
0.302
0.337
0.365
0.396
0.36
0.359
0.36
0.331
0.355
0.377
0.424
0.446
0.474
0.351
0.35
0.37
0.397
0.397
0.428
0.455
0.498
0.518
0.542
0.558
0.421
0.451
0.479
0.577
0.603
0.625
0.5
0.522
0.549
0.576
0.658
0.652
0.601
0.646
0.624
0.648
0.482
0.484
0.48
0.48
0.477
0.485
0.682
0.488
0.677
0.653
0.676
0.651
0.489
0.623
0.487
0.591
0.482
0.567
0.538
0.676
0.512
0.653
0.63
0.489
0.485
0.455
0.432
0.487
0.465
0.43
0.605
0.578
0.399
0.551
0.372
0.353
0.401
0.376
0.357
0.522
0.329
0.498
0.468
0.296
0.268
0.439
0.336
0.31
0.29
0.274
0.239
0.241
0.25
0.416
0.24
0.39
0.265
0.366
0.296
0.25
0.276
0.315
0.293
0.314
0.34
0.343
0.364
0.345
0.342
0.393
0.344
0.345
0.371
0.343
0.394
0.366
0.392
0.42
0.42
0.449
0.444
0.471
0.472
0.416
0.436
0.496
0.461
0.526
0.501
0.551
0.525
0.574
0.55
0.607
0.636
0.657
0.573
0.57
0.564
0.564
0.686
0.681
0.494
0.495
0.675
0.499
0.501
0.567
0.565
0.557
0.678
0.654
0.638
0.502
0.504
0.504
0.504
0.505
0.496
0.557
0.535
0.512
0.487
0.462
0.496
0.442
0.474
0.414
0.453
0.619
0.59
0.565
0.386
0.353
0.325
0.539
0.295
0.507
0.274
0.485
0.254
0.465
0.437
0.42
0.436
0.414
0.418
0.436
0.421
0.439
0.428
0.431
0.421
0.424
0.419
0.434
0.437
0.467
0.415
0.44
0.234
0.464
0.265
0.294
0.32
0.349
0.371
0.4
0.437
0.46
0.487
0.513
0.493
0.533
0.554
0.514
0.536
0.56
0.494
0.516
0.542
0.586
0.618
0.649
0.68
0.706
0.579
0.731
0.601
0.758
0.624
0.655
0.683
0.708
0.569
0.596
0.623
0.657
0.677
0.698
0.723
0.781
0.778
0.771
0.729
0.758
0.755
0.755
0.77
0.739
0.714
0.682
0.647
0.632
0.6
0.759
0.736
0.757
0.709
0.737
0.708
0.578
0.556
0.527
0.681
0.682
0.661
0.657
0.636
0.634
0.617
0.498
0.469
0.44
0.612
0.582
0.555
0.597
0.57
0.414
0.546
0.394
0.369
0.527
0.504
0.481
0.341
0.457
0.322
0.514
0.299
0.493
0.274
0.469
0.429
0.408
0.383
0.441
0.417
0.39
0.248
0.248
0.355
0.254
0.334
0.309
0.359
0.341
0.312
0.282
0.283
0.25
0.246
0.258
0.261
0.251
0.252
0.272
0.301
0.242
0.273
0.291
0.307
0.253
0.273
0.299
0.325
0.346
0.369
0.328
0.361
0.392
0.414
0.445
0.468
0.333
0.352
0.382
0.41
0.433
0.452
0.386
0.475
0.404
0.43
0.453
0.484
0.507
0.536
0.501
0.534
0.559
0.583
0.605
0.558
0.627
0.58
0.657
0.605
0.496
0.513
0.538
0.638
0.663
0.691
0.575
0.6
0.623
0.646
0.716
0.674
0.743
0.704
0.731
0.752
0.752
0.755
0.754
0.752
0.744
0.755
0.756
0.753
0.755
0.756
0.756
0.755
0.759
0.765
0.76
0.766
0.766
0.769
0.774
0.779
0.779
0.76
0.684
0.759
0.76
0.717
0.718
0.725
0.696
0.668
0.65
0.628
0.602
0.739
0.58
0.555
0.717
0.521
0.686
0.498
0.461
0.758
0.727
0.708
0.655
0.63
0.605
0.683
0.66
0.63
0.601
0.574
0.552
0.523
0.583
0.58
0.583
0.585
0.575
0.573
0.574
0.497
0.473
0.45
0.42
0.394
0.368
0.434
0.429
0.427
0.428
0.432
0.428
0.579
0.578
0.426
0.58
0.339
0.421
0.34
0.448
0.349
0.471
0.586
0.493
0.521
0.576
0.572
0.543
0.562
0.589
0.596
0.613
0.624
0.642
0.65
0.67
0.68
0.693
0.35
0.722
0.348
0.741
0.372
0.745
0.395
0.745
0.701
0.697
0.704
0.752
0.42
0.72
0.422
0.696
0.42
0.67
0.641
0.617
0.591
0.576
0.556
0.702
0.534
0.677
0.651
0.419
0.419
0.418
0.512
0.481
0.45
0.62
0.601
0.58
0.559
0.416
0.417
0.409
0.406
0.425
0.404
0.378
0.347
0.523
0.488
0.456
0.419
0.407
0.426
0.434
0.424
0.461
0.325
0.325
0.419
0.326
0.419
0.412
0.414
0.417
0.446
0.468
0.319
0.496
0.49
0.524
0.343
0.489
0.55
0.368
0.492
0.401
0.576
0.433
0.494
0.599
0.456
0.622
0.497
0.502
0.485
0.64
0.51
0.676
0.533
0.708
0.552
0.505
0.501
0.525
0.554
0.737
0.583
0.617
0.767
0.643
0.767
0.771
0.587
0.617
0.648
0.771
0.667
0.771
0.687
0.776
0.709
0.676
0.699
0.728
0.768
0.745
0.745
0.768
0.713
0.764
0.767
0.75
0.753
0.735
0.68
0.653
0.627
0.77
0.6
0.75
0.722
0.71
0.681
0.656
0.624
0.572
0.687
0.546
0.659
0.519
0.64
0.589
0.571
0.541
0.497
0.605
0.464
0.44
0.573
0.54
0.514
0.511
0.502
0.503
0.517
0.522
0.524
0.523
0.414
0.516
0.417
0.516
0.508
0.413
0.511
0.512
0.522
0.509
0.505
0.403
0.504
0.41
0.406
0.403
0.516
0.519
0.503
0.52
0.527
0.55
0.402
0.427
0.461
0.514
0.518
0.577
0.541
0.57
0.599
0.604
0.603
0.605
0.612
0.616
0.618
0.613
0.608
0.609
0.494
0.493
0.608
0.493
0.495
0.611
0.611
0.61
0.574
0.495
0.553
0.5
0.526
0.503
0.584
0.551
0.531
0.495
0.467
0.438
0.41
0.388
0.363
0.502
0.473
0.45
0.429
0.51
0.408
0.508
0.387
0.368
0.507
0.337
0.311
0.283
0.255
0.507
0.479
0.454
0.229
0.224
0.22
0.428
0.344
0.429
0.345
0.427
0.34
0.429
0.217
0.427
0.334
0.256
0.429
0.358
0.287
0.427
0.384
0.415
0.442
0.466
0.487
0.512
0.539
0.561
0.314
0.428
0.427
0.434
0.431
0.436
0.434
0.319
0.348
0.371
0.397
0.429
0.451
0.481
0.505
0.536
0.57
0.591
0.622
0.651
0.678
0.702
0.725
0.752
0.747
0.746
0.754
0.78
0.771
0.774
0.774
0.77
0.768
0.767
0.739
0.706
0.43
0.422
0.426
0.677
0.648
0.619
0.591
0.425
0.425
0.423
0.562
0.422
0.544
0.427
0.526
0.402
0.382
0.357
0.333
0.306
0.501
0.476
0.45
0.278
0.252
0.416
0.25
0.396
0.368
0.243
0.244
0.243
0.335
0.309
0.283
0.265
0.234
0.265
0.29
0.316
0.243
0.274
0.303
0.342
0.367
0.395
0.415
0.441
0.465
0.33
0.362
0.385
0.487
0.408
0.509
0.438
0.54
0.453
0.564
0.472
0.589
0.609
0.497
0.637
0.525
0.546
0.578
0.602
0.635
0.663
0.666
0.666
0.661
0.661
0.629
0.603
0.573
0.542
0.519
0.5
0.466
0.44
0.413
0.39
0.357
0.339
0.31
0.662
0.664
0.284
0.278
0.283
0.311
0.331
0.361
0.385
0.408
0.429
0.461
0.484
0.664
0.485
0.479
0.67
0.639
0.619
0.593
0.491
0.569
0.495
0.499
0.55
0.498
0.522
0.498
0.475
0.443
0.502
0.504
0.504
0.414
0.382
0.497
0.36
0.473
0.45
0.336
0.315
0.298
0.415
0.387
0.361
0.335
0.271
0.278
0.302
0.324
0.315
0.313
0.31
0.353
0.378
0.322
0.35
0.401
0.375
0.426
0.449
0.477
0.506
0.536
0.561
0.395
0.582
0.423
0.62
0.447
0.649
0.672
0.689
0.716
0.472
0.738
0.497
0.518
0.549
0.765
0.761
0.759
0.577
0.607
0.629
0.756
0.66
0.754
0.693
0.754
0.753
0.753
0.727
0.696
0.662
0.637
0.611
0.593
0.715
0.716
0.716
0.694
0.67
0.637
0.608
0.556
0.592
0.534
0.565
0.506
0.541
0.481
0.446
0.416
0.395
0.598
0.368
0.598
0.348
0.598
0.33
0.512
0.487
0.46
0.595
0.589
0.586
0.434
0.582
0.4
0.373
0.575
0.575
0.345
0.342
0.575
0.346
0.344
0.577
0.349
0.57
0.377
0.57
0.407
0.439
0.46
0.489
0.565
0.561
0.565
0.514
0.531
0.55
0.578
0.305
0.566
0.313
0.563
0.312
0.566
0.57
0.313
0.336
0.365
0.56
0.587
0.612
0.612
0.634
0.66
0.394
0.421
0.446
0.468
0.644
0.679
0.703
0.736
0.744
0.686
0.498
0.714
0.689
0.499
0.695
0.493
0.689
0.661
0.635
0.606
0.502
0.508
0.584
0.508
0.558
0.537
0.503
0.694
0.673
0.505
0.645
0.506
0.62
0.588
0.553
0.528
0.505
0.512
0.506
0.487
0.47
0.461
0.444
0.496
0.469
0.445
0.428
0.409
0.389
0.368
0.417
0.426
0.422
0.42
0.333
0.42
0.334
0.422
0.339
0.42
0.422
0.419
0.418
0.419
0.416
0.417
0.438
0.416
0.472
0.338
0.333
0.497
0.334
0.495
0.497
0.339
0.34
0.345
0.5
0.502
0.495
0.343
0.342
0.491
0.487
0.343
0.493
0.421
0.335
0.392
0.395
0.391
0.491
0.489
0.455
0.396
0.43
0.397
0.4
0.401
0.334
0.405
0.339
0.407
0.339
0.41
0.385
0.362
0.4
0.402
0.409
0.406
0.338
0.335
0.329
0.344
0.407
0.318
0.38
0.295
0.359
0.328
0.326
0.293
0.266
0.235
0.332
0.239
0.302
0.275
0.264
0.243
0.259
0.267
0.29
0.286
0.317
0.314
0.247
0.279
0.302
0.337
0.37
0.398
0.324
0.348
0.374
0.388
0.345
0.37
0.423
0.396
0.445
0.477
0.424
0.452
0.476
0.416
0.51
0.502
0.441
0.537
0.526
0.549
0.577
0.596
0.62
0.565
0.591
0.62
0.65
0.678
0.71
0.724
0.473
0.745
0.499
0.75
0.522
0.755
0.757
0.751
0.545
0.645
0.567
0.59
0.672
0.694
0.619
0.643
0.751
0.673
0.747
0.698
0.746
0.749
0.727
0.75
0.746
0.748
0.729
0.726
0.7
0.73
0.753
0.729
0.725
0.707
0.696
0.673
0.682
0.656
0.648
0.629
0.625
0.669
0.646
0.62
0.599
0.565
0.597
0.536
0.572
0.544
0.528
0.591
0.507
0.561
0.495
0.546
0.466
0.436
0.504
0.481
0.455
0.52
0.486
0.453
0.409
0.409
0.412
0.426
0.425
0.423
0.422
0.416
0.419
0.42
0.427
0.424
0.419
0.419
0.42
0.415
0.421
0.408
0.423
0.415
0.424
0.414
0.438
0.459
0.417
0.443
0.483
0.47
0.517
0.545
0.577
0.604
0.633
0.41
0.432
0.463
0.501
0.525
0.553
0.492
0.516
0.543
0.577
0.599
0.628
0.642
0.589
0.61
0.641
0.67
0.7
0.732
0.657
0.683
0.713
0.737
0.76
0.755
0.757
0.768
0.775
0.777
0.753
0.754
0.758
0.765
0.778
0.775
0.775
0.763
0.764
0.764
0.765
0.766
0.762
0.751
0.732
0.706
0.776
0.758
0.731
0.708
0.676
0.642
0.682
0.613
0.655
0.626
0.601
0.569
0.545
0.516
0.498
0.507
0.511
0.51
0.512
0.514
0.507
0.506
0.5
0.495
0.505
0.526
0.548
0.579
0.604
0.63
0.648
0.676
0.7
0.729
0.746
0.74
0.737
0.655
0.675
0.707
0.733
0.73
0.727
0.588
0.587
0.582
0.727
0.728
0.74
0.734
0.588
0.762
0.741
0.584
0.761
0.738
0.585
0.743
0.712
0.689
0.758
0.734
0.708
0.59
0.565
0.536
0.664
0.644
0.627
0.6
0.684
0.659
0.631
0.512
0.487
0.465
0.574
0.549
0.528
0.6
0.576
0.545
0.438
0.52
0.403
0.4
0.397
0.499
0.474
0.451
0.495
0.468
0.444
0.425
0.402
0.393
0.375
0.397
0.346
0.404
0.315
0.289
0.27
0.415
0.396
0.374
0.408
0.397
0.374
0.232
0.242
0.238
0.347
0.319
0.288
0.259
0.245
0.238
0.229
0.354
0.236
0.349
0.266
0.355
0.288
0.351
0.308
0.338
0.234
0.36
0.389
0.256
0.285
0.416
0.442
0.352
0.473
0.377
0.406
0.506
0.532
0.558
0.576
0.614
0.635
0.662
0.428
0.455
0.48
0.689
0.724
0.754
0.307
0.337
0.363
0.389
0.419
0.447
0.505
0.47
0.536
0.494
0.562
0.523
0.548
0.773
0.592
0.773
0.616
0.637
0.774
0.668
0.775
0.773
0.78
0.778
0.78
0.776
0.779
0.77
0.77
0.771
0.582
0.768
0.584
0.737
0.583
0.714
0.68
0.649
0.617
0.588
0.565
0.538
0.518
0.578
0.579
0.586
0.689
0.691
0.687
0.5
0.476
0.443
0.69
0.666
0.635
0.418
0.591
0.39
0.589
0.36
0.56
0.608
0.581
0.555
0.525
0.333
0.314
0.285
0.538
0.263
0.516
0.486
0.46
0.243
0.5
0.246
0.475
0.249
0.452
0.438
0.409
0.384
0.254
0.251
0.25
0.423
0.4
0.372
0.251
0.252
0.257
0.25
0.244
0.269
0.295
0.323
0.352
0.388
0.41
0.432
0.36
0.457
0.358
0.356
0.48
0.499
0.523
0.545
0.358
0.354
0.378
0.403
0.345
0.347
0.575
0.348
0.605
0.629
0.348
0.653
0.322
0.655
0.435
0.325
0.653
0.434
0.325
0.437
0.658
0.654
0.631
0.605
0.578
0.548
0.523
0.437
0.441
0.319
0.446
0.315
0.499
0.317
0.435
0.475
0.432
0.452
0.436
0.439
0.321
0.321
0.423
0.322
0.405
0.381
0.352
0.324
0.444
0.44
0.442
0.291
0.277
0.256
0.33
0.324
0.25
0.32
0.246
0.243
0.44
0.437
0.319
0.431
0.352
0.436
0.377
0.434
0.404
0.433
0.431
0.429
0.433
0.428
0.421
0.431
0.452
0.451
0.469
0.478
0.251
0.273
0.299
0.322
0.508
0.493
0.533
0.515
0.562
0.54
0.566
0.352
0.375
0.399
0.588
0.605
0.631
0.594
0.609
0.636
0.421
0.445
0.479
0.65
0.669
0.7
0.502
0.723
0.528
0.561
0.66
0.691
0.719
0.59
0.62
0.743
0.632
0.744
0.748
0.66
0.743
0.74
0.74
0.743
0.743
0.739
0.742
0.743
0.743
0.746
0.69
0.717
0.745
0.747
0.747
0.744
0.744
0.742
0.747
0.748
0.77
0.774
0.777
0.778
0.75
0.725
0.701
0.74
0.714
0.679
0.749
0.689
0.656
0.73
0.707
0.623
0.679
0.648
0.63
0.658
0.641
0.593
0.615
0.602
0.562
0.574
0.535
0.544
0.516
0.593
0.569
0.544
0.507
0.493
0.485
0.466
0.465
0.444
0.518
0.494
0.468
0.44
0.419
0.395
0.376
0.412
0.433
0.384
0.405
0.356
0.378
0.351
0.347
0.317
0.291
0.265
0.33
0.307
0.284
0.242
0.326
0.239
0.3
0.275
0.235
0.257
0.238
0.239
0.237
0.24
0.24
0.251
0.25
0.245
0.242
0.265
0.294
0.239
0.263
0.293
0.319
0.321
0.238
0.344
0.348
0.372
0.268
0.395
0.376
0.291
0.404
0.315
0.337
0.429
0.362
0.391
0.449
0.471
0.421
0.449
0.476
0.503
0.53
0.554
0.581
0.609
0.64
0.664
0.689
0.687
0.684
0.423
0.42
0.422
0.425
0.425
0.423
0.421
0.418
0.415
0.409
0.409
0.407
0.412
0.424
0.395
0.366
0.343
0.503
0.319
0.506
0.29
0.503
0.504
0.685
0.266
0.499
0.232
0.498
0.233
0.233
0.228
0.23
0.237
0.24
0.269
0.299
0.32
0.343
0.373
0.399
0.42
0.45
0.475
0.499
0.526
0.558
0.582
0.615
0.611
0.606
0.609
0.608
0.61
0.612
0.585
0.557
0.537
0.511
0.487
0.459
0.659
0.634
0.604
0.583
0.501
0.507
0.509
0.435
0.406
0.38
0.352
0.331
0.307
0.558
0.532
0.507
0.511
0.506
0.484
0.455
0.275
0.247
0.248
0.483
0.456
0.427
0.252
0.283
0.303
0.32
0.428
0.426
0.429
0.344
0.366
0.39
0.402
0.405
0.417
0.405
0.446
0.459
0.423
0.421
0.426
0.486
0.511
0.423
0.542
0.425
0.569
0.448
0.403
0.401
0.397
0.398
0.594
0.613
0.636
0.481
0.503
0.525
0.55
0.668
0.694
0.717
0.423
0.451
0.483
0.741
0.708
0.69
0.508
0.511
0.519
0.571
0.574
0.572
0.667
0.64
0.621
0.598
0.52
0.519
0.518
0.52
0.568
0.571
0.574
0.57
0.539
0.522
0.516
0.517
0.524
0.494
0.465
0.436
0.408
0.384
0.358
0.335
0.311
0.286
0.266
0.578
0.578
0.556
0.527
0.498
0.475
0.446
0.237
0.241
0.238
0.419
0.524
0.386
0.498
0.369
0.467
0.238
0.242
0.449
0.239
0.45
0.45
0.45
0.338
0.456
0.341
0.236
0.269
0.301
0.347
0.342
0.341
0.359
0.326
0.383
0.352
0.376
0.407
0.456
0.445
0.436
0.446
0.405
0.46
0.432
0.49
0.46
0.511
0.468
0.493
0.514
0.537
0.554
0.532
0.558
0.571
0.592
0.598
0.624
0.486
0.652
0.516
0.679
0.539
0.559
0.704
0.728
0.582
0.751
0.614
0.637
0.617
0.62
0.63
0.629
0.748
0.62
0.722
0.619
0.698
0.665
0.669
0.591
0.67
0.562
0.665
0.546
0.524
0.664
0.667
0.639
0.494
0.476
0.459
0.64
0.619
0.592
0.613
0.59
0.561
0.54
0.429
0.404
0.371
0.563
0.533
0.51
0.351
0.51
0.353
0.509
0.354
0.507
0.512
0.504
0.488
0.504
0.496
0.499
0.508
0.505
0.507
0.511
0.507
0.5
0.529
0.493
0.552
0.489
0.485
0.576
0.598
0.616
0.347
0.35
0.377
0.397
0.428
0.455
0.487
0.641
0.477
0.668
0.492
0.699
0.491
0.499
0.528
0.554
0.718
0.745
0.744
0.743
0.581
0.612
0.63
0.652
0.742
0.746
0.489
0.745
0.515
0.544
0.684
0.705
0.73
0.57
0.596
0.748
0.626
0.648
0.755
0.752
0.753
0.752
0.748
0.754
0.726
0.695
0.741
0.745
0.748
0.67
0.676
0.672
0.668
0.638
0.617
0.668
0.635
0.752
0.611
0.732
0.593
0.592
0.712
0.572
0.695
0.545
0.52
0.494
0.469
0.446
0.423
0.671
0.398
0.575
0.645
0.547
0.365
0.617
0.517
0.336
0.306
0.276
0.593
0.562
0.543
0.255
0.238
0.237
0.237
0.521
0.518
0.52
0.489
0.492
0.494
0.495
0.499
0.504
0.522
0.521
0.512
0.513
0.508
0.51
0.506
0.52
0.51
0.52
0.523
0.236
0.259
0.287
0.31
0.342
0.373
0.525
0.543
0.563
0.401
0.398
0.401
0.592
0.594
0.595
0.595
0.508
0.502
0.505
0.505
0.51
0.506
0.601
0.606
0.601
0.395
0.394
0.393
0.391
0.598
0.575
0.544
0.516
0.488
0.467
0.392
0.394
0.395
0.503
0.506
0.508
0.512
0.516
0.393
0.487
0.392
0.436
0.459
0.393
0.41
0.388
0.366
0.431
0.394
0.397
0.371
0.406
0.386
0.352
0.337
0.31
0.283
0.254
0.272
0.296
0.344
0.341
0.344
0.35
0.346
0.329
0.376
0.329
0.402
0.321
0.429
0.454
0.317
0.473
0.343
0.358
0.392
0.326
0.347
0.372
0.419
0.444
0.476
0.396
0.503
0.422
0.522
0.442
0.547
0.472
0.506
0.571
0.528
0.548
0.596
0.625
0.65
0.674
0.5
0.704
0.531
0.72
0.558
0.576
0.588
0.602
0.615
0.619
0.644
0.63
0.648
0.67
0.647
0.67
0.65
0.673
0.655
0.748
0.651
0.627
0.729
0.592
0.701
0.672
0.641
0.623
0.561
0.534
0.51
0.597
0.577
0.555
0.668
0.491
0.648
0.465
0.443
0.622
0.592
0.407
0.379
0.35
0.524
0.493
0.32
0.473
0.567
0.29
0.442
0.545
0.268
0.527
0.248
0.226
0.235
0.234
0.415
0.394
0.376
0.227
0.23
0.228
0.507
0.238
0.507
0.264
0.291
0.507
0.314
0.339
0.365
0.391
0.422
0.449
0.469
0.508
0.503
0.498
0.353
0.347
0.35
0.498
0.527
0.545
0.502
0.568
0.504
0.512
0.515
0.596
0.616
0.643
0.352
0.319
0.322
0.67
0.51
0.667
0.507
0.672
0.514
0.667
0.649
0.626
0.52
0.511
0.505
0.6
0.325
0.323
0.573
0.317
0.545
0.311
0.52
0.511
0.511
0.313
0.506
0.493
0.332
0.502
0.49
0.359
0.492
0.488
0.486
0.496
0.496
0.498
0.491
0.504
0.484
0.484
0.506
0.381
0.509
0.408
0.438
0.508
0.492
0.496
0.47
0.525
0.547
0.498
0.523
0.548
0.572
0.589
0.612
0.649
0.644
0.645
0.575
0.557
0.53
0.495
0.496
0.493
0.644
0.643
0.617
0.598
0.505
0.503
0.494
0.494
0.495
0.521
0.539
0.494
0.517
0.552
0.561
0.596
0.629
0.568
0.569
0.561
0.577
0.601
0.603
0.653
0.606
0.675
0.709
0.743
0.607
0.56
0.742
0.58
0.533
0.71
0.506
0.477
0.678
0.649
0.621
0.595
0.569
0.542
0.517
0.493
0.472
0.445
0.546
0.518
0.494
0.463
0.432
0.399
0.391
0.448
0.393
0.418
0.403
0.403
0.421
0.395
0.394
0.378
0.398
0.365
0.392
0.368
0.34
0.316
0.299
0.349
0.32
0.282
0.272
0.241
0.216
0.222
0.281
0.34
0.28
0.319
0.284
0.302
0.268
0.233
0.227
0.229
0.224
0.225
0.228
0.284
0.286
0.278
0.224
0.228
0.226
0.23
0.259
0.29
0.224
0.258
0.287
0.29
0.287
0.288
0.326
0.297
0.354
0.374
0.318
0.34
0.325
0.364
0.352
0.374
0.393
0.401
0.399
0.399
0.397
0.391
0.389
0.409
0.408
0.404
0.386
0.389
0.405
0.396
0.41
0.411
0.41
0.402
0.412
0.404
0.411
0.397
0.401
0.407
0.398
0.408
0.399
0.412
0.37
0.408
0.404
0.343
0.405
0.315
0.289
0.392
0.257
0.398
0.401
0.398
0.403
0.228
0.376
0.221
0.346
0.221
0.402
0.408
0.411
0.404
0.218
0.313
0.245
0.283
0.271
0.263
0.409
0.408
0.412
0.229
0.293
0.257
0.326
0.28
0.351
0.376
0.411
0.41
0.409
0.308
0.336
0.369
0.398
0.411
0.414
0.409
0.412
0.421
0.451
0.477
0.404
0.435
0.461
0.41
0.436
0.466
0.484
0.486
0.489
0.501
0.493
0.526
0.491
0.553
0.493
0.495
0.495
0.494
0.498
0.498
0.503
0.474
0.505
0.456
0.501
0.508
0.586
0.508
0.579
0.5
0.579
0.503
0.511
0.512
0.509
0.513
0.489
0.468
0.581
0.58
0.44
0.586
0.409
0.586
0.373
0.437
0.407
0.385
0.583
0.557
0.538
0.357
0.326
0.301
0.346
0.272
0.317
0.29
0.506
0.48
0.457
0.269
0.243
0.246
0.242
0.432
0.401
0.242
0.376
0.241
0.241
0.354
0.324
0.305
0.283
0.244
0.242
0.278
0.249
0.27
0.273
0.301
0.33
0.358
0.383
0.409
0.432
0.316
0.342
0.36
0.386
0.406
0.437
0.458
0.303
0.333
0.456
0.356
0.474
0.493
0.519
0.487
0.516
0.541
0.566
0.567
0.568
0.373
0.369
0.368
0.547
0.575
0.604
0.626
0.663
0.687
0.71
0.734
0.757
0.755
0.752
0.747
0.75
0.756
0.757
0.757
0.763
0.768
0.769
0.771
0.77
0.767
0.57
0.591
0.764
0.619
0.76
0.643
0.754
0.672
0.761
0.691
0.689
0.68
0.679
0.677
0.766
0.765
0.765
0.763
0.761
0.761
0.684
0.693
0.689
0.369
0.387
0.754
0.415
0.746
0.747
0.686
0.747
0.689
0.741
0.691
0.736
0.693
0.732
0.73
0.726
0.699
0.726
0.727
0.439
0.749
0.464
0.486
0.516
0.729
0.737
0.74
0.772
0.774
0.769
0.738
0.704
0.675
0.648
0.545
0.539
0.54
0.768
0.747
0.722
0.7
0.674
0.673
0.676
0.668
0.661
0.662
0.625
0.622
0.619
0.625
0.634
0.53
0.63
0.551
0.579
0.659
0.633
0.654
0.636
0.653
0.637
0.657
0.66
0.643
0.658
0.586
0.66
0.645
0.576
0.645
0.574
0.652
0.653
0.654
0.652
0.649
0.66
0.648
0.643
0.682
0.709
0.66
0.655
0.658
0.571
0.553
0.556
0.734
0.563
0.755
0.762
0.769
0.648
0.677
0.765
0.679
0.762
0.761
0.683
0.66
0.639
0.612
0.569
0.756
0.547
0.726
0.517
0.703
0.672
0.646
0.623
0.592
0.59
0.558
0.566
0.533
0.538
0.508
0.487
0.483
0.488
0.506
0.498
0.496
0.486
0.485
0.484
0.498
0.488
0.505
0.499
0.477
0.5
0.502
0.499
0.501
0.529
0.553
0.504
0.482
0.455
0.433
0.416
0.419
0.48
0.414
0.582
0.483
0.547
0.512
0.483
0.487
0.415
0.413
0.415
0.482
0.488
0.489
0.412
0.421
0.422
0.493
0.49
0.42
0.484
0.422
0.485
0.462
0.394
0.37
0.432
0.399
0.335
0.306
0.274
0.377
0.359
0.337
0.246
0.24
0.487
0.242
0.468
0.443
0.242
0.263
0.283
0.419
0.423
0.427
0.314
0.344
0.371
0.399
0.429
0.446
0.475
0.496
0.519
0.543
0.562
0.597
0.623
0.648
0.676
0.703
0.723
0.751
0.752
0.755
0.423
0.421
0.424
0.752
0.752
0.756
0.426
0.424
0.457
0.489
0.751
0.749
0.75
0.749
0.514
0.536
0.561
0.75
0.724
0.697
0.673
0.646
0.619
0.592
0.566
0.536
0.578
0.581
0.586
0.585
0.608
0.633
0.518
0.514
0.51
0.511
0.512
0.507
0.504
0.509
0.509
0.513
0.504
0.506
0.535
0.565
0.597
0.618
0.66
0.639
0.686
0.683
0.682
0.665
0.663
0.673
0.669
0.643
0.617
0.588
0.686
0.589
0.684
0.592
0.679
0.589
0.673
0.586
0.329
0.675
0.588
0.354
0.376
0.587
0.594
0.6
0.599
0.595
0.592
0.598
0.598
0.676
0.599
0.678
0.677
0.624
0.645
0.674
0.695
0.68
0.682
0.686
0.724
0.727
0.701
0.677
0.657
0.631
0.605
0.574
0.553
0.524
0.502
0.508
0.508
0.505
0.504
0.508
0.51
0.512
0.513
0.516
0.495
0.714
0.712
