2018-04-06-15-44-39
0.1075
0.1235
0.142
0.1575
0.169
0.189
0.2015
0.2205
0.236
0.254
0.271
0.285
0.303
0.3195
0.3335
0.351
0.361
0.3755
0.3935
0.409
0.427
0.442
0.4595
0.4755
0.494
0.513
0.5295
0.5455
0.5655
0.5815
0.595
0.6135
0.6315
0.6455
0.665
0.6825
0.7
0.716
0.7265
0.745
0.7575
0.7545
0.7545
0.7545
0.7575
0.7565
0.7555
0.7555
0.756
0.7505
0.751
0.7465
0.749
0.746
0.7465
0.747
0.7515
0.75
0.7465
0.751
0.7475
0.75
0.748
0.7505
0.751
0.7515
0.756
0.7545
0.7515
0.754
0.75
0.7495
0.7505
0.748
0.7485
0.749
0.749
0.751
0.7515
0.7545
0.754
0.7545
0.7555
0.7565
0.756
0.757
0.7595
0.758
0.7585
0.762
0.7625
0.762
0.758
0.76
0.757
0.7565
0.754
0.7545
0.759
0.745
0.734
0.719
0.708
0.6975
0.6845
0.6705
0.652
0.6435
0.6315
0.6155
0.6035
0.594
0.58
0.569
0.555
0.541
0.5275
0.5145
0.502
0.4835
0.4725
0.46
0.4475
0.4345
0.4225
0.41
0.394
0.3845
0.368
0.357
0.343
0.3315
0.321
0.3065
0.298
0.2875
0.2735
0.2625
0.246
0.244
0.2425
0.244
0.24
0.2375
0.237
0.238
0.243
0.2395
0.252
0.2645
0.279
0.2865
0.3005
0.3155
0.3255
0.3405
0.354
0.3635
0.3765
0.3905
0.4065
0.418
0.4285
0.4435
0.4555
0.466
0.48
0.491
0.5065
0.519
0.5325
0.545
0.558
0.5745
0.5885
0.5985
0.6115
0.6255
0.6265
0.6295
0.6275
0.6295
0.6305
0.6305
0.631
0.627
0.628
0.6265
0.6145
0.6075
0.5905
0.5805
0.566
0.551
0.5405
0.5255
0.512
0.5025
0.4905
0.4785
0.4645
0.4545
0.444
0.431
0.4175
0.4085
0.396
0.3805
0.369
0.3555
0.3415
0.3325
0.319
0.307
0.2895
0.277
0.2685
0.253
0.2505
0.2495
0.2535
0.2495
0.2515
0.2515
0.249
0.2525
0.2485
0.248
0.247
0.2425
0.2475
0.247
0.247
0.2505
0.249
0.251
0.251
0.251
0.251
0.25
0.251
0.2495
0.2465
0.248
0.2605
0.2715
0.2845
0.301
0.3125
0.327
0.34
0.3495
0.3615
0.373
0.3875
0.3985
0.408
0.4205
0.435
0.4445
0.456
0.4735
0.4825
0.4955
0.5115
0.519
0.5335
0.5465
0.5615
0.5765
0.585
0.5995
0.613
0.624
0.6365
0.6485
0.662
0.6745
0.6885
0.7025
0.714
0.7275
0.745
0.755
0.7555
0.7535
0.754
0.7495
0.7495
0.749
0.7485
0.75
0.75
0.749
0.75
0.7505
0.7545
0.755
0.753
0.757
0.756
0.754
0.758
0.7585
0.7565
0.7625
0.7615
0.763
0.761
0.7585
0.761
0.756
0.7555
0.7545
0.7535
0.7575
0.757
0.7555
0.755
0.7535
0.75
0.7495
0.7455
0.7495
0.7445
0.7465
0.7485
0.752
0.749
0.7475
0.7505
0.7475
0.7495
0.75
0.75
0.7515
0.7505
0.753
0.755
0.7525
0.7545
0.7505
0.7485
0.751
0.748
0.7485
0.749
0.749
0.751
0.751
0.753
0.756
0.752
0.755
0.7575
0.7545
0.756
0.7575
0.7565
0.76
0.763
0.7625
0.763
0.757
0.7615
0.7585
0.7555
0.754
0.755
0.757
0.7565
0.756
0.755
0.755
0.751
0.75
0.7465
0.748
0.746
0.7465
0.746
0.7505
0.7505
0.746
0.7505
0.749
0.7495
0.7495
0.749
0.7505
0.751
0.7535
0.757
0.753
0.7535
0.752
0.749
0.7515
0.7495
0.7485
0.748
0.748
0.751
0.751
0.7515
0.754
0.7515
0.7555
0.7575
0.7555
0.756
0.757
0.758
0.7575
0.7615
0.7615
0.7635
0.76
0.761
0.7605
0.758
0.7555
0.7535
0.7565
0.7575
0.755
0.755
0.756
0.752
0.7515
0.747
0.747
0.7465
0.746
0.748
0.7495
0.7505
0.747
0.75
0.749
0.7485
0.7515
0.748
0.7515
0.752
0.737
0.7275
0.7115
0.699
0.6875
0.675
0.662
0.6475
0.635
0.6215
0.6095
0.595
0.5855
0.573
0.559
0.5505
0.538
0.5275
0.514
0.514
0.5165
0.5175
0.516
0.52
0.5195
0.5225
0.5195
0.5185
0.5205
0.5155
0.5155
0.5125
0.5145
0.5165
0.5145
0.515
0.514
0.511
0.5095
0.507
0.522
0.5365
0.5465
0.5605
0.5735
0.5845
0.597
0.609
0.6225
0.6355
0.649
0.663
0.6745
0.6875
0.706
0.7155
0.73
0.743
0.754
0.7495
0.749
0.749
0.748
0.7495
0.75
0.7495
0.7505
0.7505
0.754
0.755
0.7525
0.757
0.7565
0.754
0.7575
0.758
0.7565
0.762
0.7625
0.763
0.761
0.7585
0.761
0.7555
0.755
0.7545
0.7535
0.7575
0.7565
0.755
0.7555
0.754
0.7495
0.7495
0.7455
0.7495
0.745
0.746
0.7485
0.752
0.7495
0.7475
0.7505
0.7475
0.749
0.7495
0.7495
0.752
0.7505
0.753
0.755
0.753
0.754
0.7505
0.749
0.751
0.748
0.749
0.7365
0.7245
0.7115
0.702
0.6875
0.678
0.669
0.6545
0.6435
0.627
0.613
0.602
0.5875
0.5745
0.565
0.5535
0.542
0.527
0.517
0.506
0.4925
0.4795
0.471
0.458
0.4425
0.4325
0.4175
0.404
0.395
0.381
0.3685
0.352
0.341
0.33
0.3145
0.3025
0.2915
0.278
0.2675
0.2515
0.2505
0.25
0.252
0.249
0.2485
0.2475
0.242
0.2465
0.2465
0.2485
0.251
0.249
0.2505
0.252
0.2515
0.2515
0.249
0.258
0.2725
0.2835
0.2925
0.307
0.3185
0.3315
0.3475
0.358
0.3725
0.3855
0.3945
0.407
0.419
0.433
0.443
0.454
0.467
0.481
0.4895
0.502
0.5175
0.5295
0.543
0.557
0.565
0.579
0.5915
0.6085
0.6225
0.6295
0.646
0.658
0.669
0.6825
0.6945
0.7075
0.72
0.734
0.7485
0.752
0.752
0.753
0.7425
0.727
0.7145
0.703
0.6905
0.677
0.6635
0.651
0.637
0.625
0.6105
0.6005
0.5885
0.574
0.565
0.5535
0.543
0.5295
0.513
0.5005
0.4865
0.4735
0.4645
0.452
0.441
0.4265
0.415
0.4065
0.393
0.379
0.369
0.358
0.341
0.3305
0.3185
0.303
0.294
0.281
0.268
0.253
0.252
0.254
0.2525
0.2505
0.2485
0.251
0.252
0.2505
0.252
0.2505
0.251
0.2485
0.249
0.2485
0.2465
0.245
0.246
0.2455
0.2505
0.2515
0.2505
0.252
0.25
0.2505
0.251
0.2495
0.249
0.246
0.245
0.2475
0.2435
0.243
0.246
0.243
0.2425
0.2435
0.2385
0.2375
0.2365
0.239
0.242
0.24
0.2435
0.2455
0.2455
0.247
0.2425
0.2435
0.245
0.2445
0.2455
0.2505
0.25
0.254
0.25
0.254
0.254
0.252
0.2475
0.2505
0.2535
0.249
0.2525
0.251
0.2505
0.251
0.249
0.249
0.246
0.2445
0.2475
0.2465
0.2495
0.2505
0.249
0.2515
0.2505
0.2515
0.252
0.248
0.249
0.2475
0.244
0.248
0.2455
0.242
0.245
0.244
0.242
0.243
0.241
0.2365
0.2375
0.2375
0.2425
0.2385
0.2405
0.2435
0.2455
0.245
0.243
0.244
0.244
0.2445
0.2445
0.2485
0.2625
0.275
0.2925
0.303
0.313
0.3285
0.341
0.352
0.3655
0.361
0.364
0.3625
0.361
0.3645
0.3605
0.36
0.359
0.354
0.3585
0.359
0.36
0.363
0.361
0.3625
0.3635
0.363
0.3635
0.3605
0.362
0.3615
0.3585
0.36
0.3575
0.354
0.3565
0.355
0.355
0.3545
0.355
0.351
0.338
0.3265
0.3125
0.3025
0.303
0.3
0.2975
0.296
0.2985
0.3155
0.3255
0.339
0.3545
0.3615
0.376
0.389
0.405
0.4185
0.4255
0.442
0.4555
0.465
0.4785
0.491
0.5045
0.5175
0.5305
0.545
0.556
0.5715
0.587
0.5975
0.6125
0.625
0.6365
0.6495
0.6625
0.6625
0.6635
0.663
0.6635
0.664
0.663
0.6625
0.648
0.639
0.627
0.6165
0.603
0.5855
0.574
0.56
0.547
0.5375
0.525
0.5135
0.5
0.489
0.4805
0.467
0.452
0.443
0.432
0.415
0.4035
0.392
0.377
0.3675
0.355
0.3415
0.3265
0.3115
0.3005
0.2885
0.2735
0.263
0.251
0.2525
0.2505
0.252
0.2655
0.279
0.292
0.304
0.3225
0.333
0.346
0.359
0.3715
0.3835
0.397
0.4135
0.422
0.439
0.45
0.464
0.476
0.4865
0.5
0.5095
0.5205
0.5325
0.545
0.562
0.5735
0.5865
0.6
0.6115
0.6105
0.61
0.612
0.615
0.6125
0.6155
0.6185
0.6195
0.619
0.6155
0.6165
0.618
0.6025
0.6025
0.5965
0.597
0.5935
0.5965
0.5935
0.5935
0.5795
0.568
0.5585
0.5435
0.532
0.517
0.505
0.491
0.4775
0.464
0.448
0.4345
0.4245
0.4115
0.3975
0.386
0.3735
0.3575
0.348
0.331
0.331
0.3315
0.3275
0.328
0.3275
0.3245
0.328
0.325
0.323
0.3255
0.3245
0.322
0.3225
0.309
0.3005
0.288
0.2765
0.262
0.251
0.2405
0.243
0.2455
0.245
0.2435
0.244
0.244
0.244
0.2445
0.2485
0.25
0.254
0.2715
0.2825
0.2925
0.3075
0.321
0.3315
0.345
0.3565
0.371
0.384
0.398
0.4115
0.4245
0.4395
0.4545
0.4635
0.4765
0.4905
0.503
0.515
0.5295
0.542
0.556
0.57
0.5815
0.5955
0.6035
0.6185
0.6305
0.6385
0.6525
0.664
0.677
0.693
0.704
0.719
0.7315
0.7405
0.753
0.765
0.76
0.7605
0.7615
0.7585
0.755
0.7535
0.741
0.7235
0.7145
0.7005
0.685
0.6775
0.663
0.651
0.635
0.6215
0.6135
0.597
0.5835
0.573
0.5605
0.549
0.535
0.5225
0.509
0.494
0.4835
0.4685
0.4525
0.4425
0.427
0.4145
0.4025
0.39
0.3775
0.362
0.351
0.3375
0.325
0.31
0.2995
0.2885
0.273
0.2655
0.2535
0.243
0.245
0.2455
0.242
0.2415
0.2435
0.2385
0.239
0.2365
0.239
0.2405
0.2385
0.2445
0.245
0.247
0.2455
0.242
0.244
0.244
0.2445
0.2475
0.25
0.251
0.2535
0.2515
0.255
0.2525
0.251
0.2485
0.251
0.253
0.2505
0.2525
0.251
0.265
0.278
0.29
0.309
0.3185
0.332
0.3445
0.3575
0.3695
0.3825
0.3985
0.408
0.4245
0.435
0.4495
0.461
0.472
0.486
0.4945
0.5055
0.5175
0.53
0.547
0.5595
0.5715
0.5855
0.5975
0.608
0.621
0.6315
0.6455
0.6555
0.6675
0.6805
0.6935
0.7025
0.7165
0.7175
0.7185
0.7185
0.7045
0.6955
0.6825
0.6675
0.652
0.641
0.6295
0.615
0.6035
0.5935
0.5905
0.5945
0.5915
0.594
0.593
0.5935
0.595
0.5945
0.598
0.6
0.5965
0.598
0.5955
0.594
0.596
0.5925
0.5925
0.593
0.592
0.596
0.5865
0.5725
0.561
0.554
0.538
0.5275
0.5125
0.5115
0.5095
0.5095
0.5095
0.5045
0.505
0.504
0.508
0.506
0.5075
0.51
0.524
0.5315
0.534
0.5335
0.5325
0.532
0.5325
0.529
0.5275
0.5235
0.524
0.5235
0.5235
0.5235
0.5275
0.5265
0.523
0.5285
0.5255
0.526
0.528
0.525
0.5375
0.5375
0.5365
0.5315
0.5365
0.535
0.5355
0.5385
0.5375
0.54
0.54
0.54
0.5405
0.5385
0.5395
0.5385
0.5355
0.5365
0.523
0.527
0.5245
0.5255
0.527
0.5275
0.526
0.5295
0.5295
0.5335
0.5295
0.529
0.5305
0.527
0.524
0.523
0.5255
0.526
0.524
0.5245
0.524
0.521
0.5195
0.531
0.547
0.561
0.569
0.5855
0.599
0.6095
0.622
0.633
0.647
0.66
0.6735
0.688
0.7
0.7005
0.6995
0.6965
0.697
0.684
0.6725
0.66
0.6465
0.6315
0.621
0.6065
0.595
0.58
0.569
0.558
0.5425
0.5345
0.5235
0.5115
0.4985
0.4815
0.4705
0.4565
0.455
0.46
0.4585
0.462
0.459
0.457
0.4595
0.4535
0.453
0.452
0.452
0.456
0.4545
0.454
0.4535
0.4515
0.4475
0.46
0.4745
0.491
0.501
0.514
0.528
0.539
0.55
0.563
0.576
0.579
0.5765
0.5765
0.576
0.575
0.5755
0.5725
0.571
0.5735
0.572
0.5845
0.597
0.6125
0.6105
0.612
0.612
0.612
0.6135
0.614
0.6165
0.619
0.6155
0.619
0.6205
0.617
0.6195
0.62
0.619
0.6235
0.626
0.626
0.6245
0.6205
0.6235
0.621
0.6175
0.6175
0.6175
0.6205
0.619
0.629
0.644
0.658
0.667
0.6805
0.6945
0.71
0.721
0.7325
0.747
0.7505
0.7505
0.7475
0.751
0.748
0.7505
0.749
0.749
0.751
0.7505
0.7535
0.7435
0.7305
0.7165
0.705
0.6915
0.677
0.667
0.6505
0.6375
0.626
0.6125
0.603
0.5895
0.5775
0.5705
0.554
0.5435
0.529
0.515
0.5035
0.4885
0.475
0.466
0.4655
0.4675
0.463
0.465
0.464
0.4615
0.4595
0.458
0.46
0.4605
0.4595
0.4585
0.46
0.4565
0.455
0.451
0.4515
0.464
0.4725
0.488
0.501
0.512
0.5255
0.537
0.5505
0.5635
0.577
0.5915
0.6035
0.6185
0.6335
0.6435
0.6575
0.657
0.657
0.66
0.659
0.6615
0.6615
0.661
0.6495
0.634
0.6255
0.6125
0.6
0.5905
0.5775
0.5665
0.5535
0.554
0.5555
0.557
0.555
0.558
0.5585
0.562
0.5585
0.5575
0.559
0.5555
0.554
0.552
0.554
0.5555
0.553
0.5535
0.553
0.55
0.5485
0.536
0.521
0.506
0.4975
0.4965
0.495
0.4935
0.4955
0.495
0.4945
0.4955
0.493
0.4955
0.492
0.4925
0.491
0.489
0.4885
0.4905
0.4905
0.4775
0.4645
0.449
0.4385
0.4245
0.4125
0.398
0.386
0.3755
0.3795
0.3795
0.378
0.382
0.381
0.379
0.3685
0.3545
0.341
0.3305
0.319
0.317
0.319
0.321
0.319
0.324
0.325
0.325
0.3265
0.3225
0.3235
0.3245
0.325
0.3355
0.347
0.359
0.374
0.3905
0.4005
0.4135
0.427
0.439
0.449
0.462
0.4755
0.4885
0.502
0.5155
0.529
0.5415
0.5405
0.543
0.545
0.5425
0.5445
0.5405
0.553
0.5695
0.579
0.5955
0.6065
0.62
0.6315
0.643
0.657
0.666
0.6755
0.69
0.7005
0.717
0.731
0.7425
0.7565
0.76
0.7625
0.763
0.7625
0.757
0.761
0.7585
0.755
0.754
0.755
0.7575
0.756
0.756
0.755
0.755
0.751
0.75
0.7465
0.7485
0.746
0.7465
0.746
0.7505
0.751
0.7465
0.7505
0.749
0.7495
0.7495
0.7495
0.7505
0.7505
0.753
0.757
0.7525
0.7535
0.7525
0.7495
0.7515
0.7495
0.7485
0.7485
0.748
0.7515
0.751
0.752
0.754
0.752
0.7555
0.7575
0.7555
0.7565
0.757
0.758
0.758
0.7615
0.7615
0.7635
0.7595
0.7605
0.7605
0.758
0.7555
0.7535
0.756
0.757
0.7545
0.755
0.756
0.752
0.751
0.747
0.7475
0.7465
0.7465
0.7475
0.7495
0.7505
0.747
0.75
0.7485
0.7485
0.7515
0.7475
0.7515
0.752
0.753
0.7575
0.753
0.7525
0.7525
0.749
0.751
0.7495
0.749
0.7495
0.7495
0.75
0.749
0.7505
0.7535
0.7525
0.754
0.7575
0.7555
0.7555
0.7575
0.7585
0.7565
0.761
0.761
0.764
0.7605
0.7595
0.761
0.757
0.756
0.7535
0.7555
0.7575
0.7555
0.756
0.755
0.7525
0.7505
0.748
0.747
0.7475
0.7455
0.748
0.749
0.7515
0.749
0.748
0.749
0.7485
0.75
0.7485
0.7525
0.7515
0.7525
0.7545
0.755
0.754
0.754
0.7495
0.7495
0.749
0.7485
0.7495
0.75
0.749
0.7505
0.7505
0.7545
0.755
0.753
0.757
0.756
0.754
0.758
0.758
0.7565
0.762
0.762
0.7625
0.7605
0.7585
0.7615
0.7555
0.7555
0.7545
0.753
0.7575
0.757
0.755
0.755
0.754
0.7495
0.7495
0.7455
0.7495
0.745
0.746
0.7485
0.752
0.749
0.7475
0.7505
0.7475
0.749
0.75
0.7495
0.752
0.7505
0.753
0.755
0.7525
0.7545
0.7505
0.7485
0.751
0.748
0.7485
0.749
0.749
0.7515
0.751
0.7525
0.7565
0.752
0.7545
0.7575
0.7545
0.756
0.7575
0.7565
0.7595
0.763
0.7625
0.763
0.7575
0.7615
0.7585
0.756
0.7545
0.7555
0.757
0.7565
0.7565
0.755
0.755
0.751
0.75
0.7465
0.748
0.746
0.7465
0.746
0.751
0.751
0.746
0.7505
0.749
0.749
0.75
0.7485
0.7505
0.7515
0.753
0.7575
0.753
0.754
0.752
0.749
0.7515
0.75
0.7485
0.748
0.748
0.751
0.7505
0.751
0.754
0.7515
0.755
0.7575
0.7555
0.756
0.757
0.758
0.7575
0.7615
0.761
0.7635
0.76
0.761
0.7605
0.7585
0.7555
0.7535
0.7565
0.7575
0.7555
0.7555
0.7555
0.752
0.7515
0.7465
0.7475
0.7465
0.746
0.748
0.75
0.751
0.7475
0.7495
0.7495
0.7485
0.7515
0.748
0.752
0.752
0.753
0.757
0.7535
0.7525
0.7525
0.749
0.7505
0.7495
0.749
0.7495
0.75
0.75
0.749
0.7505
0.7545
0.7525
0.7535
0.757
0.755
0.755
0.757
0.7585
0.757
0.761
0.7605
0.764
0.76
0.7595
0.7615
0.756
0.756
0.7535
0.755
0.7575
0.7555
0.7565
0.755
0.752
0.75
0.748
0.747
0.748
0.746
0.7475
0.75
0.7515
0.7495
0.748
0.7495
0.7485
0.7495
0.749
0.752
0.751
0.7515
0.754
0.755
0.754
0.7545
0.7495
0.749
0.749
0.748
0.75
0.75
0.749
0.7505
0.7505
0.754
0.755
0.7525
0.757
0.757
0.754
0.757
0.7575
0.7565
0.762
0.7625
0.7635
0.761
0.758
0.7605
0.756
0.7545
0.7545
0.753
0.7575
0.7565
0.755
0.7555
0.754
0.7495
0.75
0.746
0.7495
0.7455
0.746
0.748
0.7525
0.7495
0.747
0.751
0.7475
0.749
0.7495
0.7495
0.7515
0.751
0.7535
0.755
0.7525
0.7535
0.751
0.749
0.751
0.7485
0.7495
0.7485
0.748
0.7515
0.751
0.7525
0.7565
0.752
0.7545
0.758
0.755
0.756
0.758
0.7565
0.7595
0.763
0.762
0.7625
0.758
0.7615
0.759
0.7565
0.7545
0.755
0.757
0.756
0.756
0.7555
0.7555
0.7515
0.75
0.746
0.729
0.7185
0.708
0.6925
0.68
0.6695
0.6555
0.6445
0.629
0.6165
0.6035
0.59
0.578
0.5615
0.5465
0.537
0.5245
0.51
0.498
0.486
0.471
0.4595
0.4445
0.431
0.42
0.406
0.397
0.382
0.371
0.3625
0.3475
0.3365
0.3235
0.3075
0.297
0.2825
0.269
0.26
0.2475
0.236
0.2405
0.2395
0.239
0.242
0.245
0.246
0.2435
0.2425
0.2445
0.245
0.2445
0.2475
0.2485
0.253
0.2525
0.2535
0.2545
0.252
0.25
0.249
0.2525
0.2505
0.251
0.252
0.2495
0.2515
0.263
0.2785
0.2935
0.3035
0.3195
0.3315
0.3435
0.356
0.369
0.383
0.3955
0.409
0.4215
0.4355
0.446
0.4575
0.472
0.481
0.4925
0.5035
0.5165
0.5335
0.5455
0.5595
0.5725
0.582
0.582
0.579
0.5825
0.584
0.5815
0.587
0.5875
0.589
0.588
0.585
0.587
0.587
0.588
0.591
0.578
0.565
0.55
0.535
0.5235
0.5115
0.497
0.4865
0.474
0.462
0.449
0.436
0.4225
0.409
0.396
0.384
0.3655
0.3555
0.342
0.329
0.3175
0.305
0.2915
0.2755
0.266
0.25
0.251
0.251
0.2625
0.273
0.287
0.296
0.3075
0.3195
0.332
0.349
0.3605
0.3735
0.387
0.3975
0.4095
0.4215
0.433
0.446
0.4435
0.447
0.449
0.45
0.4505
0.4465
0.447
0.449
0.4485
0.449
0.4545
0.454
0.458
0.454
0.458
0.458
0.456
0.452
0.4545
0.4575
0.453
0.4565
0.455
0.455
0.442
0.429
0.412
0.399
0.3885
0.3755
0.3615
0.35
0.3375
0.3215
0.312
0.2955
0.2835
0.271
0.2575
0.2485
0.248
0.244
0.2485
0.245
0.2425
0.2455
0.2445
0.242
0.243
0.2415
0.2365
0.237
0.237
0.2425
0.2535
0.2635
0.277
0.2905
0.298
0.311
0.327
0.338
0.3515
0.3655
0.375
0.3885
0.401
0.4185
0.429
0.4395
0.4545
0.4675
0.4785
0.492
0.5035
0.518
0.5305
0.5445
0.5585
0.5705
0.586
0.6015
0.61
0.623
0.637
0.6495
0.6615
0.676
0.6885
0.703
0.717
0.7285
0.742
0.75
0.7505
0.754
0.7515
0.7545
0.758
0.7555
0.739
0.728
0.714
0.7005
0.7035
0.704
0.708
0.7025
0.704
0.704
0.7015
0.6985
0.6965
0.6995
0.7005
0.6985
0.6985
0.698
0.6955
0.6935
0.69
0.69
0.6895
0.6885
0.691
0.693
0.694
0.691
0.692
0.692
0.6905
0.693
0.691
0.695
0.6945
0.6955
0.6995
0.6975
0.695
0.6965
0.71
0.7225
0.7375
0.749
0.7505
0.7495
0.7485
0.7505
0.75
0.754
0.7525
0.753
0.7565
0.755
0.7545
0.758
0.7585
0.7565
0.761
0.761
0.7635
0.761
0.7595
0.7615
0.756
0.755
0.7535
0.7545
0.758
0.7555
0.756
0.755
0.753
0.75
0.749
0.7465
0.748
0.7455
0.748
0.7495
0.7515
0.749
0.747
0.7495
0.7475
0.7495
0.749
0.7505
0.751
0.7515
0.7545
0.7555
0.754
0.755
0.7495
0.748
0.7495
0.7475
0.75
0.749
0.749
0.75
0.751
0.754
0.7555
0.7525
0.7565
0.757
0.754
0.757
0.7575
0.757
0.7615
0.7625
0.763
0.7615
0.758
0.7605
0.7575
0.7545
0.754
0.7545
0.7575
0.7565
0.755
0.7555
0.7555
0.75
0.7375
0.7215
0.706
0.695
0.6835
0.669
0.6575
0.6555
0.6525
0.657
0.653
0.6555
0.6555
0.6555
0.657
0.657
0.6595
0.662
0.6585
0.6595
0.657
0.6555
0.6405
0.6305
0.6135
0.602
0.589
0.576
0.5665
0.5525
0.541
0.534
0.519
0.5075
0.4925
0.4785
0.468
0.4525
0.439
0.43
0.4305
0.4305
0.4345
0.432
0.4335
0.436
0.4385
0.431
0.4175
0.4015
0.391
0.3765
0.3625
0.3535
0.34
0.3275
0.3105
0.299
0.2895
0.2745
0.261
0.25
0.2535
0.249
0.252
0.251
0.249
0.2525
0.2485
0.2485
0.2475
0.2425
0.247
0.246
0.247
0.2495
0.2485
0.251
0.251
0.251
0.2515
0.249
0.2505
0.2495
0.2465
0.248
0.2455
0.242
0.244
0.2435
0.2425
0.2415
0.243
0.2395
0.239
0.2515
0.2655
0.2755
0.2865
0.2985
0.313
0.322
0.3345
0.3515
0.3605
0.3745
0.39
0.3975
0.4125
0.424
0.44
0.4535
0.4615
0.4785
0.4915
0.5025
0.515
0.526
0.54
0.5525
0.5665
0.581
0.592
0.6065
0.6225
0.633
0.648
0.6605
0.6725
0.685
0.698
0.7135
0.724
0.738
0.75
0.749
0.75
0.751
0.754
0.753
0.7535
0.757
0.7555
0.7545
0.758
0.7585
0.757
0.762
0.7605
0.764
0.761
0.7595
0.762
0.7555
0.755
0.7535
0.754
0.758
0.7565
0.756
0.755
0.753
0.75
0.749
0.7465
0.749
0.745
0.7475
0.749
0.7515
0.749
0.747
0.7495
0.747
0.7495
0.749
0.75
0.751
0.751
0.754
0.755
0.753
0.754
0.75
0.7485
0.7495
0.7475
0.749
0.749
0.749
0.7505
0.751
0.7535
0.756
0.7525
0.756
0.757
0.754
0.756
0.7575
0.7565
0.761
0.7625
0.763
0.7615
0.757
0.7605
0.7575
0.7545
0.755
0.7545
0.7575
0.7565
0.756
0.755
0.7555
0.751
0.75
0.7465
0.749
0.746
0.7465
0.747
0.751
0.75
0.747
0.751
0.748
0.75
0.749
0.749
0.751
0.7505
0.7535
0.7565
0.7525
0.754
0.752
0.75
0.752
0.7485
0.7485
0.7485
0.748
0.752
0.7515
0.7525
0.755
0.7525
0.755
0.745
0.7305
0.7165
0.7185
0.719
0.7185
0.723
0.723
0.724
0.72
0.722
0.721
0.718
0.7165
0.7155
0.7175
0.7175
0.716
0.716
0.7165
0.7135
0.7115
0.708
0.708
0.7075
0.7075
0.708
0.711
0.711
0.7075
0.7125
0.7095
0.71
0.712
0.709
0.7125
0.7125
0.7135
0.718
0.7135
0.7265
0.7385
0.7505
0.751
0.7485
0.749
0.749
0.7485
0.7505
0.7495
0.7505
0.753
0.7525
0.7535
0.7575
0.7555
0.756
0.758
0.759
0.757
0.76
0.761
0.764
0.761
0.76
0.7615
0.7575
0.7555
0.754
0.756
0.7575
0.755
0.7555
0.755
0.752
0.7505
0.7475
0.747
0.7475
0.746
0.7475
0.749
0.7505
0.748
0.749
0.749
0.7485
0.7505
0.7485
0.752
0.7515
0.753
0.7555
0.755
0.7535
0.7535
0.749
0.7495
0.749
0.749
0.7505
0.7495
0.749
0.75
0.7505
0.7545
0.754
0.7535
0.757
0.7555
0.754
0.7585
0.7585
0.757
0.762
0.761
0.7635
0.761
0.7585
0.761
0.7555
0.755
0.7545
0.754
0.758
0.757
0.7555
0.7555
0.7535
0.75
0.749
0.746
0.7495
0.745
0.7315
0.718
0.7065
0.696
0.683
0.67
0.6565
0.643
0.6295
0.6165
0.604
0.5855
0.5745
0.562
0.5495
0.5365
0.5245
0.512
0.496
0.4865
0.47
0.459
0.445
0.4335
0.434
0.4365
0.439
0.4355
0.4385
0.4405
0.437
0.439
0.4405
0.439
0.443
0.4455
0.446
0.445
0.44
0.4435
0.456
0.4685
0.483
0.4905
0.5045
0.5195
0.5295
0.5445
0.558
0.5675
0.5805
0.5945
0.6105
0.622
0.6325
0.6475
0.6595
0.67
0.684
0.695
0.7105
0.723
0.7365
0.749
0.751
0.7505
0.7535
0.7565
0.7525
0.7535
0.7525
0.7495
0.7515
0.7495
0.7485
0.7485
0.748
0.734
0.725
0.7115
0.6995
0.6925
0.6755
0.6655
0.651
0.636
0.6255
0.6105
0.597
0.5875
0.5755
0.5635
0.5495
0.5395
0.529
0.516
0.5025
0.4935
0.481
0.4655
0.454
0.4405
0.4265
0.4175
0.404
0.392
0.3745
0.362
0.3535
0.338
0.3245
0.3135
0.3005
0.2885
0.2755
0.2625
0.249
0.2525
0.2485
0.248
0.247
0.2425
0.2475
0.247
0.247
0.2505
0.249
0.251
0.251
0.251
0.251
0.25
0.251
0.2495
0.2465
0.248
0.2465
0.2425
0.2445
0.244
0.2425
0.241
0.243
0.2395
0.2395
0.236
0.2395
0.2405
0.239
0.2425
0.244
0.2465
0.244
0.2425
0.2445
0.2445
0.2445
0.248
0.2495
0.2525
0.2535
0.2525
0.254
0.2525
0.251
0.249
0.2515
0.2515
0.251
0.2515
0.2495
0.2515
0.248
0.2485
0.247
0.257
0.2715
0.2845
0.296
0.3085
0.3215
0.337
0.3475
0.362
0.374
0.388
0.4
0.4105
0.4255
0.435
0.446
0.457
0.47
0.487
0.498
0.5115
0.5255
0.5355
0.5475
0.559
0.571
0.5845
0.594
0.605
0.6195
0.6315
0.6405
0.6565
0.67
0.6805
0.696
0.7065
0.718
0.7305
0.7455
0.7495
0.7445
0.7465
0.7485
0.752
0.749
0.7475
0.7505
0.7475
0.7495
0.75
0.75
0.7515
0.7505
0.753
0.755
0.7525
0.7545
0.7505
0.7485
0.732
0.723
0.7065
0.695
0.682
0.67
0.659
0.645
0.636
0.626
0.612
0.6015
0.5845
0.57
0.5595
0.5455
0.549
0.552
0.5515
0.552
0.546
0.5505
0.5475
0.5445
0.543
0.544
0.546
0.5455
0.545
0.544
0.544
0.54
0.539
0.5355
0.537
0.535
0.5355
0.535
0.5395
0.5395
0.554
0.5645
0.58
0.5925
0.6055
0.619
0.6315
0.648
0.6625
0.672
0.685
0.6985
0.711
0.724
0.7385
0.7495
0.7345
0.721
0.71
0.695
0.687
0.6725
0.661
0.6535
0.6375
0.6265
0.6125
0.597
0.587
0.572
0.5715
0.5755
0.5755
0.5775
0.574
0.575
0.5745
0.572
0.5695
0.5675
0.5705
0.5715
0.569
0.569
0.57
0.566
0.5655
0.561
0.561
0.5605
0.56
0.562
0.5635
0.5645
0.561
0.564
0.577
0.5895
0.6035
0.618
0.6295
0.645
0.66
0.6695
0.6855
0.698
0.7095
0.722
0.735
0.7495
0.749
0.7495
0.7495
0.75
0.7485
0.75
0.754
0.7525
0.754
0.7575
0.755
0.755
0.7575
0.7585
0.757
0.761
0.7605
0.7635
0.7605
0.7595
0.7615
0.7565
0.7565
0.7535
0.7555
0.7575
0.7555
0.756
0.755
0.752
0.7505
0.748
0.747
0.7475
0.7455
0.7475
0.7495
0.7515
0.749
0.748
0.7495
0.7485
0.75
0.749
0.7525
0.7515
0.752
0.7545
0.755
0.754
0.754
0.7495
0.749
0.749
0.748
0.7495
0.75
0.7495
0.7505
0.7505
0.754
0.755
0.7525
0.757
0.7565
0.754
0.7575
0.744
0.7305
0.72
0.7075
0.696
0.684
0.6715
0.661
0.6505
0.636
0.6235
0.6145
0.5995
0.5855
0.575
0.5595
0.548
0.5375
0.5255
0.5105
0.4945
0.484
0.471
0.4575
0.446
0.4355
0.4225
0.4095
0.3965
0.382
0.3685
0.3555
0.343
0.3255
0.313
0.302
0.289
0.275
0.2645
0.251
0.249
0.252
0.251
0.2515
0.2515
0.2485
0.249
0.2475
0.243
0.248
0.2455
0.2425
0.245
0.244
0.242
0.2435
0.2405
0.237
0.2375
0.237
0.242
0.238
0.241
0.2435
0.2455
0.245
0.243
0.2435
0.2435
0.2585
0.272
0.281
0.295
0.3075
0.324
0.335
0.346
0.3615
0.3735
0.3845
0.398
0.4085
0.4245
0.4375
0.45
0.464
0.476
0.4925
0.5075
0.517
0.5295
0.5435
0.5555
0.568
0.583
0.5945
0.609
0.6225
0.6335
0.648
0.657
0.6715
0.6825
0.6915
0.706
0.7175
0.7305
0.7465
0.757
0.7575
0.7575
0.7615
0.761
0.764
0.76
0.761
0.761
0.758
0.744
0.7355
0.723
0.7075
0.6955
0.682
0.668
0.66
0.646
0.6335
0.6165
0.6025
0.5955
0.579
0.567
0.556
0.5425
0.5305
0.5175
0.505
0.491
0.4765
0.465
0.45
0.435
0.4245
0.409
0.3965
0.385
0.3725
0.359
0.3455
0.333
0.319
0.307
0.2925
0.2825
0.2705
0.256
0.247
0.2465
0.243
0.2455
0.245
0.2425
0.2415
0.2435
0.2385
0.239
0.236
0.2395
0.241
0.2385
0.244
0.244
0.254
0.265
0.282
0.2925
0.3045
0.32
0.329
0.342
0.355
0.37
0.385
0.396
0.4085
0.4225
0.4325
0.446
0.457
0.4705
0.484
0.4975
0.511
0.5235
0.536
0.5545
0.5645
0.578
0.591
0.6025
0.6145
0.6285
0.6445
0.654
0.67
0.6815
0.695
0.7075
0.718
0.732
0.741
0.7525
0.7565
0.757
0.754
0.757
0.7575
0.7565
0.7455
0.7335
0.7215
0.71
0.697
0.686
0.6755
0.6615
0.6495
0.64
0.6255
0.6115
0.601
0.5855
0.5735
0.5635
0.551
0.536
0.52
0.509
0.497
0.483
0.4715
0.4615
0.4475
0.435
0.4205
0.408
0.3945
0.381
0.368
0.351
0.338
0.3275
0.3145
0.3005
0.2895
0.2765
0.261
0.2515
0.2505
0.2515
0.252
0.248
0.249
0.2475
0.244
0.248
0.2455
0.242
0.245
0.244
0.242
0.243
0.241
0.2365
0.2375
0.2375
0.2525
0.2635
0.2735
0.2865
0.3005
0.308
0.321
0.337
0.348
0.3615
0.3755
0.3845
0.3985
0.411
0.4285
0.439
0.449
0.4645
0.477
0.488
0.5015
0.513
0.528
0.5405
0.554
0.5675
0.5795
0.596
0.611
0.62
0.6325
0.647
0.659
0.671
0.686
0.6985
0.7125
0.727
0.7375
0.7515
0.75
0.7505
0.7535
0.745
0.7305
0.719
0.7065
0.69
0.679
0.6655
0.652
0.643
0.63
0.6185
0.6045
0.5945
0.584
0.571
0.5565
0.548
0.5355
0.5185
0.5085
0.495
0.4795
0.4725
0.458
0.445
0.429
0.4155
0.4085
0.392
0.3785
0.379
0.3755
0.377
0.3775
0.3755
0.3785
0.376
0.38
0.3795
0.381
0.3915
0.4065
0.419
0.4305
0.4435
0.4565
0.4705
0.4825
0.496
0.5085
0.523
0.533
0.5445
0.559
0.568
0.58
0.5905
0.604
0.6215
0.633
0.647
0.66
0.6695
0.682
0.6935
0.696
0.698
0.6955
0.709
0.724
0.723
0.724
0.727
0.7245
0.713
0.698
0.6885
0.676
0.6625
0.6475
0.6325
0.6215
0.6095
0.5945
0.584
0.572
0.5595
0.5465
0.534
0.5205
0.507
0.509
0.509
0.5095
0.512
0.513
0.512
0.5125
0.5075
0.506
0.5075
0.506
0.508
0.497
0.483
0.482
0.4805
0.478
0.4685
0.4575
0.4455
0.433
0.416
0.4045
0.4035
0.404
0.3995
0.3985
0.398
0.4
0.403
0.4005
0.4035
0.4065
0.4075
0.407
0.4035
0.4045
0.406
0.4215
0.4345
0.4285
0.429
0.4255
0.4285
0.4255
0.4255
0.4265
0.431
0.4285
0.4255
0.43
0.426
0.438
0.452
0.4655
0.479
0.495
0.5085
0.5185
0.5315
0.5455
0.557
0.5695
0.5855
0.595
0.612
0.624
0.6365
0.6495
0.659
0.6735
0.6845
0.692
0.706
0.718
0.7335
0.7475
0.758
0.7575
0.758
0.7495
0.737
0.7255
0.711
0.7
0.6895
0.677
0.6635
0.656
0.6425
0.627
0.616
0.602
0.5885
0.5785
0.565
0.553
0.5355
0.5245
0.5145
0.4995
0.486
0.4755
0.462
0.4505
0.436
0.423
0.409
0.3955
0.3825
0.3675
0.3525
0.3435
0.3305
0.3165
0.304
0.292
0.2775
0.265
0.251
0.251
0.2515
0.2485
0.2505
0.2495
0.2465
0.2485
0.2455
0.242
0.244
0.243
0.243
0.242
0.2425
0.2395
0.239
0.235
0.24
0.2395
0.2385
0.2415
0.245
0.2465
0.243
0.2425
0.2445
0.2585
0.274
0.2815
0.296
0.308
0.324
0.3375
0.3455
0.362
0.3755
0.386
0.3985
0.41
0.424
0.4365
0.45
0.465
0.4755
0.4905
0.5065
0.5165
0.532
0.5445
0.5565
0.569
0.5815
0.597
0.608
0.6215
0.634
0.649
0.6595
0.6705
0.686
0.6935
0.7055
0.716
0.73
0.7475
0.758
0.7585
0.7565
0.7615
0.761
0.7635
0.761
0.7495
0.7405
0.7275
0.713
0.703
0.6925
0.676
0.664
0.653
0.6375
0.6275
0.615
0.602
0.5875
0.5715
0.561
0.5485
0.534
0.5235
0.512
0.499
0.4865
0.4735
0.46
0.446
0.433
0.421
0.402
0.3925
0.393
0.3915
0.3925
0.3805
0.3675
0.3515
0.342
0.3255
0.315
0.3005
0.289
0.288
0.285
0.2835
0.2865
0.2825
0.282
0.285
0.2825
0.2815
0.2955
0.3075
0.318
0.331
0.3415
0.3555
0.3655
0.3775
0.3905
0.4035
0.4125
0.4265
0.4405
0.4505
0.4655
0.4795
0.4885
0.5015
0.5165
0.532
0.529
0.5295
0.53
0.5415
0.5515
0.5655
0.5775
0.5925
0.605
0.619
0.6315
0.645
0.6615
0.675
0.685
0.6975
0.712
0.7235
0.725
0.723
0.7135
0.6965
0.685
0.672
0.659
0.6495
0.6355
0.624
0.617
0.601
0.5905
0.5755
0.5615
0.5505
0.5355
0.5355
0.5405
0.54
0.541
0.537
0.539
0.5375
0.535
0.533
0.5325
0.535
0.5345
0.5335
0.519
0.5055
0.496
0.4825
0.4705
0.453
0.4415
0.4325
0.4165
0.4035
0.4045
0.408
0.4025
0.4165
0.429
0.443
0.457
0.4695
0.4845
0.4995
0.5085
0.5225
0.536
0.5485
0.5605
0.5745
0.587
0.587
0.587
0.5865
0.5885
0.5875
0.5885
0.5915
0.5905
0.592
0.596
0.5935
0.5945
0.596
0.6105
0.623
0.6325
0.6445
0.6565
0.6705
0.681
0.6915
0.704
0.718
0.727
0.7395
0.757
0.755
0.7555
0.755
0.752
0.7505
0.747
0.747
0.747
0.746
0.7475
0.749
0.7505
0.748
0.749
0.749
0.748
0.7505
0.748
0.752
0.7515
0.7525
0.7555
0.755
0.753
0.7535
0.749
0.7495
0.7495
0.749
0.7505
0.75
0.749
0.75
0.751
0.7545
0.7465
0.7355
0.7235
0.7105
0.6935
0.6825
0.6685
0.655
0.645
0.6335
0.622
0.609
0.597
0.5875
0.5755
0.561
0.55
0.54
0.524
0.5115
0.5
0.4845
0.4745
0.4625
0.45
0.4355
0.419
0.409
0.396
0.382
0.371
0.36
0.347
0.334
0.321
0.3235
0.3235
0.324
0.325
0.3245
0.3345
0.347
0.3605
0.373
0.3855
0.398
0.4135
0.4235
0.44
0.45
0.465
0.4765
0.487
0.5015
0.51
0.5205
0.534
0.5455
0.549
0.5465
0.546
0.547
0.5595
0.57
0.582
0.5835
0.5875
0.5845
0.587
0.5905
0.5905
0.5905
0.5875
0.589
0.589
0.574
0.56
0.551
0.5505
0.5465
0.549
0.546
0.5465
0.547
0.5505
0.5505
0.5475
0.551
0.548
0.5505
0.549
0.549
0.551
0.5505
0.5535
0.5565
0.5525
0.5535
0.565
0.5785
0.593
0.603
0.6025
0.5895
0.578
0.5735
0.575
0.5735
0.5715
0.5735
0.571
0.5685
0.571
0.57
0.5685
0.5675
0.568
0.564
0.5515
0.5395
0.526
0.516
0.505
0.4925
0.4785
0.47
0.472
0.4725
0.4715
0.4705
0.472
0.4685
0.467
0.463
0.4635
0.463
0.4625
0.463
0.466
0.466
0.4625
0.467
0.4645
0.4775
0.491
0.5055
0.5175
0.5325
0.5475
0.5575
0.5715
0.585
0.585
0.588
0.587
0.5895
0.5895
0.589
0.5895
0.588
0.5885
0.5875
0.585
0.5855
0.5845
0.5805
0.5675
0.551
0.5395
0.525
0.512
0.503
0.4905
0.479
0.4645
0.4635
0.465
0.4615
0.46
0.458
0.46
0.4615
0.453
0.4395
0.424
0.421
0.4195
0.417
0.416
0.416
0.4155
0.4165
0.43
0.4405
0.4535
0.465
0.4785
0.4915
0.489
0.4915
0.488
0.4885
0.487
0.485
0.4845
0.4865
0.4865
0.4905
0.4905
0.491
0.4915
0.4895
0.4905
0.491
0.503
0.5035
0.5075
0.5075
0.506
0.51
0.509
0.507
0.5175
0.5315
0.545
0.5505
0.549
0.551
0.549
0.547
0.549
0.544
0.543
0.531
0.5215
0.5055
0.4925
0.4815
0.482
0.4835
0.487
0.488
0.491
0.5075
0.5175
0.5305
0.544
0.556
0.566
0.579
0.5755
0.5785
0.576
0.5765
0.563
0.5505
0.5325
0.521
0.523
0.5205
0.5225
0.5185
0.516
0.5185
0.516
0.5165
0.5175
0.517
0.5055
0.494
0.48
0.471
0.4615
0.459
0.4565
0.46
0.458
0.4565
0.4705
0.483
0.4935
0.505
0.5165
0.511
0.515
0.5125
0.509
0.508
0.509
0.5115
0.527
0.537
0.552
0.565
0.575
0.588
0.6015
0.6175
0.615
0.6155
0.615
0.6195
0.609
0.5945
0.5835
0.568
0.5555
0.5425
0.5425
0.5415
0.5415
0.539
0.535
0.5395
0.5385
0.5395
0.5425
0.5405
0.5295
0.5145
0.5015
0.49
0.4935
0.493
0.494
0.496
0.494
0.4975
0.4995
0.4975
0.4985
0.499
0.5
0.5
0.5035
0.4915
0.4795
0.4655
0.4555
0.4445
0.432
0.4185
0.4205
0.418
0.417
0.4195
0.419
0.418
0.422
0.423
0.427
0.4265
0.4275
0.4275
0.4265
0.4245
0.4235
0.427
0.424
0.4255
0.4255
0.4225
0.4085
0.3965
0.381
0.366
0.3565
0.341
0.3285
0.3165
0.304
0.291
0.2765
0.264
0.2505
0.2505
0.25
0.251
0.2495
0.2465
0.2475
0.246
0.2425
0.2445
0.2445
0.2425
0.2415
0.2435
0.239
0.239
0.236
0.2395
0.2405
0.239
0.243
0.244
0.2465
0.2445
0.2425
0.2445
0.244
0.245
0.2475
0.2495
0.252
0.253
0.2525
0.2545
0.252
0.251
0.2485
0.251
0.252
0.251
0.2515
0.25
0.2515
0.2475
0.2485
0.2475
0.2455
0.245
0.246
0.246
0.2505
0.2505
0.251
0.2515
0.2505
0.25
0.251
0.2495
0.2495
0.2455
0.245
0.247
0.243
0.244
0.246
0.242
0.242
0.2435
0.238
0.238
0.2375
0.2395
0.2415
0.2385
0.2445
0.2445
0.2455
0.247
0.2425
0.243
0.245
0.245
0.246
0.2505
0.2505
0.2545
0.2505
0.255
0.254
0.2515
0.248
0.251
0.2525
0.2495
0.2525
0.251
0.25
0.2505
0.248
0.2495
0.247
0.245
0.2475
0.2455
0.2495
0.2515
0.249
0.252
0.2515
0.251
0.251
0.2485
0.249
0.2475
0.2435
0.248
0.2455
0.2425
0.2455
0.244
0.2425
0.2435
0.2405
0.237
0.2375
0.237
0.2425
0.2385
0.2415
0.244
0.2455
0.2445
0.243
0.2435
0.2435
0.245
0.245
0.249
0.25
0.2535
0.252
0.254
0.2535
0.254
0.249
0.249
0.254
0.2495
0.265
0.278
0.291
0.3045
0.3165
0.3335
0.348
0.3575
0.37
0.384
0.396
0.409
0.4235
0.435
0.4495
0.463
0.474
0.489
0.4975
0.512
0.523
0.5315
0.547
0.5585
0.5715
0.587
0.598
0.612
0.6255
0.6345
0.647
0.6585
0.673
0.683
0.6935
0.7065
0.7205
0.7295
0.7415
0.7575
0.7555
0.7555
0.7555
0.752
0.7515
0.7465
0.7295
0.7165
0.709
0.692
0.68
0.669
0.6555
0.6435
0.6305
0.6185
0.6045
0.59
0.578
0.578
0.579
0.583
0.5795
0.5785
0.5785
0.575
0.5765
0.5755
0.575
0.5755
0.576
0.562
0.552
0.5395
0.5255
0.5165
0.5045
0.494
0.481
0.464
0.452
0.4375
0.425
0.416
0.4035
0.392
0.396
0.3965
0.3945
0.4
0.4
0.4025
0.401
0.3985
0.4005
0.3995
0.401
0.404
0.406
0.393
0.378
0.363
0.353
0.3395
0.326
0.3155
0.3025
0.301
0.3025
0.3015
0.3025
0.316
0.328
0.341
0.3595
0.369
0.383
0.396
0.4075
0.4195
0.433
0.449
0.459
0.474
0.486
0.5
0.5115
0.5225
0.537
0.546
0.5575
0.569
0.582
0.598
0.61
0.6235
0.6365
0.647
0.6595
0.6715
0.683
0.696
0.7065
0.711
0.7125
0.7125
0.714
0.6995
0.6855
0.675
0.6595
0.648
0.6375
0.625
0.61
0.5945
0.5835
0.571
0.557
0.5455
0.5355
0.522
0.509
0.4955
0.482
0.4685
0.4555
0.4425
0.425
0.4125
0.402
0.3885
0.3745
0.364
0.351
0.335
0.3255
0.3085
0.2965
0.284
0.2715
0.262
0.2475
0.2575
0.266
0.2805
0.292
0.308
0.322
0.333
0.3475
0.3605
0.37
0.382
0.3935
0.408
0.4185
0.429
0.4425
0.4565
0.464
0.477
0.493
0.503
0.5175
0.5315
0.5405
0.554
0.567
0.584
0.5945
0.605
0.6205
0.633
0.6435
0.6575
0.6685
0.684
0.6965
0.7095
0.723
0.735
0.7515
0.7525
0.758
0.7455
0.731
0.719
0.707
0.692
0.6805
0.6655
0.652
0.641
0.627
0.618
0.603
0.592
0.5835
0.5685
0.5575
0.5555
0.5565
0.557
0.5575
0.557
0.561
0.5615
0.564
0.5595
0.5605
0.561
0.558
0.555
0.546
0.5335
0.5175
0.5065
0.493
0.4785
0.4705
0.4565
0.444
0.4275
0.4135
0.4145
0.412
0.41
0.409
0.4125
0.4105
0.411
0.412
0.4095
0.4115
0.408
0.4085
0.4075
0.4035
0.4055
0.4075
0.3955
0.383
0.37
0.356
0.3435
0.33
0.3175
0.3035
0.293
0.2815
0.267
0.258
0.2465
0.2435
0.2455
0.2455
0.2425
0.2415
0.2435
0.239
0.239
0.236
0.2395
0.241
0.2385
0.244
0.2445
0.246
0.245
0.242
0.244
0.244
0.245
0.248
0.25
0.252
0.253
0.252
0.2545
0.2525
0.251
0.2485
0.251
0.252
0.251
0.252
0.2505
0.251
0.249
0.249
0.2485
0.2465
0.245
0.246
0.2455
0.25
0.2515
0.2505
0.252
0.25
0.251
0.251
0.2495
0.249
0.246
0.245
0.2475
0.2435
0.243
0.246
0.2435
0.2425
0.243
0.2385
0.2375
0.2365
0.239
0.242
0.2395
0.243
0.245
0.246
0.2465
0.2425
0.243
0.245
0.2445
0.245
0.2505
0.25
0.254
0.25
0.254
0.254
0.252
0.248
0.2505
0.2535
0.249
0.2525
0.251
0.251
0.264
0.277
0.294
0.307
0.3175
0.3305
0.3445
0.356
0.3685
0.3845
0.394
0.4105
0.4225
0.435
0.4485
0.4575
0.472
0.483
0.4905
0.505
0.5165
0.5325
0.5465
0.557
0.572
0.5855
0.5945
0.607
0.618
0.6325
0.6435
0.6535
0.667
0.6805
0.688
0.701
0.717
0.728
0.7415
0.7555
0.752
0.7505
0.746
0.7475
0.746
0.7465
0.7465
0.7505
0.7505
0.746
0.7515
0.748
0.7495
0.7515
0.7475
0.7515
0.752
0.7525
0.758
0.753
0.753
0.7525
0.7495
0.751
0.7495
0.749
0.749
0.7485
0.751
0.75
0.7505
0.754
0.7515
0.7545
0.758
0.7555
0.757
0.757
0.758
0.7575
0.7605
0.761
0.765
0.7595
0.761
0.761
0.7585
0.7555
0.7535
0.7565
0.7575
0.7555
0.7555
0.755
0.7525
0.7505
0.747
0.747
0.7465
0.7455
0.748
0.75
0.751
0.748
0.749
0.749
0.7475
0.75
0.748
0.752
0.7515
0.7525
0.7565
0.7545
0.752
0.7535
0.749
0.7505
0.7505
0.749
0.7505
0.7495
0.7485
0.7505
0.75
0.754
0.7525
0.753
0.7565
0.755
0.7545
0.758
0.7585
0.7565
0.761
0.761
0.7635
0.761
0.7595
0.7615
0.756
0.755
0.7535
0.7545
0.758
0.7555
0.756
0.755
0.753
0.75
0.749
0.7465
0.748
0.7455
0.748
0.7495
0.7515
0.749
0.747
0.7495
0.7475
0.7495
0.749
0.7505
0.751
0.7515
0.7545
0.7555
0.754
0.755
0.7495
0.748
0.7495
0.7475
0.75
0.749
0.749
0.75
0.751
0.754
0.7555
0.7525
0.7565
0.757
0.754
0.757
0.7575
0.757
0.7615
0.7625
0.763
0.7615
0.758
0.7605
0.7575
0.7545
0.754
0.7545
0.7575
0.7565
0.755
0.7555
0.7555
0.75
0.7505
0.7465
0.749
0.746
0.7465
0.747
0.7515
0.7495
0.7465
0.751
0.747
0.7495
0.7495
0.7495
0.751
0.751
0.7535
0.756
0.7525
0.7535
0.751
0.7495
0.7515
0.7485
0.7485
0.749
0.748
0.752
0.7515
0.7525
0.755
0.752
0.755
0.7565
0.7545
0.7555
0.758
0.7575
0.758
0.763
0.7625
0.7625
0.7585
0.761
0.7595
0.757
0.7545
0.755
0.7565
0.7565
0.756
0.7555
0.7555
0.7515
0.75
0.7465
0.7295
0.718
0.7085
0.6935
0.68
0.669
0.6555
0.644
0.63
0.617
0.603
0.5895
0.5765
0.5615
0.5465
0.5375
0.524
0.51
0.498
0.4855
0.4715
0.459
0.445
0.431
0.4195
0.405
0.3965
0.3825
0.3705
0.369
0.3715
0.375
0.373
0.3735
0.3745
0.3755
0.374
0.3775
0.365
0.3525
0.3565
0.3565
0.3555
0.3585
0.362
0.363
0.3605
0.3595
0.3615
0.3615
0.362
0.3645
0.3665
0.37
0.37
0.3705
0.3715
0.3695
0.3675
0.3665
0.369
0.368
0.368
0.3695
0.3835
0.398
0.409
0.4235
0.4395
0.443
0.442
0.4395
0.4405
0.436
0.437
0.4365
0.436
0.438
0.45
0.465
0.476
0.487
0.502
0.51
0.5215
0.533
0.5465
0.5635
0.574
0.5885
0.602
0.612
0.6235
0.635
0.648
0.6595
0.669
0.6815
0.696
0.7065
0.717
0.733
0.7455
0.756
0.755
0.753
0.75
0.749
0.7465
0.749
0.739
0.7265
0.712
0.7015
0.69
0.677
0.6645
0.662
0.6645
0.664
0.665
0.666
0.666
0.669
0.67
0.668
0.655
0.643
0.6305
0.6145
0.6045
0.588
0.578
0.563
0.5515
0.541
0.5265
0.518
0.5075
0.495
0.483
0.466
0.453
0.4415
0.4275
0.415
0.4045
0.392
0.3815
0.367
0.3635
0.3665
0.3695
0.369
0.3695
0.3665
0.3675
0.357
0.342
0.3285
0.319
0.306
0.3025
0.305
0.302
0.3025
0.317
0.329
0.339
0.353
0.365
0.38
0.392
0.406
0.419
0.432
0.4485
0.4625
0.4725
0.4845
0.499
0.511
0.524
0.539
0.5485
0.5655
0.5775
0.59
0.603
0.6125
0.6265
0.638
0.6455
0.662
0.672
0.6865
0.7005
0.7125
0.727
0.7405
0.75
0.762
0.763
0.759
0.761
0.76
0.757
0.7555
0.7545
0.7565
0.7565
0.755
0.755
0.7555
0.7525
0.7505
0.747
0.747
0.7345
0.7265
0.71
0.697
0.686
0.6725
0.6615
0.6475
0.635
0.621
0.607
0.5945
0.5795
0.5645
0.555
0.5405
0.5275
0.5155
0.5035
0.489
0.4765
0.463
0.449
0.4375
0.4225
0.4135
0.4005
0.388
0.3795
0.3655
0.3545
0.3415
0.325
0.314
0.299
0.287
0.277
0.265
0.253
0.239
0.24
0.2385
0.2425
0.2445
0.246
0.244
0.2425
0.245
0.2445
0.245
0.248
0.2495
0.2525
0.253
0.2525
0.254
0.2525
0.251
0.2495
0.252
0.251
0.251
0.2515
0.2495
0.2515
0.248
0.2485
0.247
0.2445
0.245
0.2465
0.2575
0.27
0.2695
0.27
0.27
0.2845
0.2965
0.311
0.323
0.3335
0.3485
0.349
0.3495
0.346
0.3475
0.349
0.3445
0.3445
0.346
0.341
0.342
0.3395
0.342
0.3445
0.342
0.3475
0.348
0.3485
0.358
0.374
0.387
0.3985
0.4135
0.4245
0.436
0.448
0.463
0.4795
0.489
0.5025
0.505
0.5085
0.519
0.532
0.545
0.5425
0.545
0.5445
0.5445
0.546
0.5455
0.5565
0.569
0.5815
0.5945
0.6065
0.619
0.635
0.6445
0.661
0.672
0.686
0.6975
0.708
0.7225
0.731
0.7415
0.7555
0.7575
0.754
0.756
0.7575
0.756
0.743
0.7325
0.721
0.71
0.695
0.6865
0.674
0.6615
0.647
0.6395
0.6255
0.6105
0.6005
0.5855
0.572
0.5685
0.5675
0.5635
0.5655
0.563
0.5635
0.5635
0.5675
0.568
0.564
0.568
0.5655
0.567
0.5665
0.566
0.568
0.5675
0.5705
0.5735
0.5695
0.5705
0.5695
0.5665
0.5685
0.5665
0.5825
0.5955
0.607
0.621
0.63
0.6435
0.6555
0.6625
0.6795
0.6895
0.704
0.719
0.7295
0.7445
0.745
0.7355
0.7235
0.7115
0.6975
0.6875
0.677
0.664
0.6505
0.6415
0.629
0.6135
0.602
0.6015
0.5875
0.5785
0.565
0.553
0.5355
0.523
0.5145
0.499
0.4855
0.4745
0.4615
0.4495
0.4365
0.4235
0.41
0.3955
0.3835
0.368
0.353
0.3435
0.3285
0.316
0.304
0.2915
0.278
0.264
0.277
0.29
0.302
0.317
0.326
0.3385
0.3515
0.361
0.3735
0.3845
0.3975
0.414
0.4255
0.427
0.44
0.4495
0.4615
0.473
0.4875
0.4985
0.508
0.5205
0.535
0.5445
0.556
0.5735
0.5825
0.5955
0.5955
0.599
0.6005
0.6035
0.6045
0.6035
0.605
0.6035
0.602
0.6
0.6125
0.6245
0.625
0.6245
0.6265
0.6245
0.628
0.6145
0.597
0.587
0.5725
0.5595
0.548
0.5355
0.5225
0.507
0.4965
0.482
0.47
0.456
0.444
0.4335
0.4375
0.438
0.436
0.44
0.439
0.437
0.441
0.4415
0.4555
0.4655
0.4775
0.489
0.501
0.5145
0.524
0.535
0.5495
0.5615
0.5605
0.5645
0.564
0.5625
0.562
0.5605
0.557
0.5695
0.5735
0.5695
0.5745
0.5725
0.5705
0.567
0.57
0.5715
0.5685
0.5715
0.5695
0.569
0.569
0.5675
0.5495
0.537
0.526
0.5135
0.4995
0.4885
0.4755
0.459
0.45
0.4335
0.422
0.409
0.397
0.397
0.399
0.402
0.398
0.401
0.4035
0.4005
0.402
0.4035
0.4025
0.406
0.409
0.4085
0.42
0.434
0.4435
0.4555
0.4685
0.482
0.49
0.488
0.4885
0.489
0.49
0.49
0.494
0.495
0.4985
0.497
0.499
0.4985
0.499
0.4945
0.4945
0.499
0.4945
0.496
0.4955
0.4955
0.496
0.4835
0.467
0.4525
0.443
0.43
0.4165
0.404
0.391
0.3765
0.3655
0.3505
0.337
0.326
0.311
0.303
0.2885
0.291
0.2885
0.2925
0.2815
0.2835
0.283
0.282
0.281
0.2815
0.2775
0.2775
0.2755
0.279
0.278
0.2785
0.281
0.2835
0.2855
0.2825
0.2815
0.284
0.284
0.283
0.287
0.2875
0.292
0.292
0.2925
0.293
0.291
0.2895
0.2885
0.292
0.289
0.29
0.2905
0.2875
0.291
0.2875
0.287
0.272
0.2625
0.2585
0.271
0.2825
0.295
0.308
0.3225
0.335
0.3485
0.3605
0.375
0.3845
0.397
0.411
0.4195
0.432
0.4425
0.456
0.473
0.4845
0.4985
0.512
0.521
0.5335
0.5445
0.5585
0.5695
0.5795
0.5925
0.6065
0.6155
0.6135
0.6115
0.6135
0.613
0.614
0.617
0.6185
0.621
0.622
0.6215
0.6115
0.5975
0.5845
0.5735
0.561
0.549
0.5355
0.5225
0.509
0.495
0.4835
0.4705
0.452
0.4425
0.428
0.415
0.404
0.3915
0.378
0.378
0.377
0.3785
0.379
0.3785
0.3795
0.3795
0.383
0.384
0.3815
0.386
0.3995
0.416
0.4275
0.441
0.4545
0.465
0.4775
0.489
0.501
0.5135
0.524
0.5345
0.549
0.5615
0.5705
0.5855
0.5995
0.61
0.6255
0.637
0.6475
0.6595
0.6635
0.6595
0.664
0.663
0.6605
0.657
0.6595
0.6465
0.6335
0.6205
0.606
0.5925
0.5795
0.567
0.5495
0.537
0.526
0.513
0.499
0.4885
0.475
0.459
0.45
0.433
0.4205
0.4085
0.3955
0.386
0.3715
0.362
0.353
0.3385
0.3275
0.311
0.297
0.286
0.2845
0.2875
0.291
0.2905
0.302
0.317
0.327
0.338
0.3515
0.3645
0.373
0.386
0.4015
0.4115
0.4265
0.44
0.449
0.463
0.4755
0.492
0.503
0.514
0.5295
0.5245
0.5255
0.53
0.5255
0.5275
0.5265
0.526
0.528
0.525
0.5245
0.5395
0.549
0.5615
0.5755
0.5875
0.6
0.598
0.5865
0.572
0.5585
0.5475
0.533
0.524
0.5095
0.4985
0.4895
0.475
0.4635
0.4615
0.4625
0.463
0.4635
0.4635
0.4675
0.467
0.47
0.466
0.467
0.467
0.464
0.478
0.4865
0.499
0.5145
0.5265
0.54
0.554
0.562
0.576
0.5885
0.5895
0.5885
0.5875
0.59
0.592
0.593
0.6065
0.6185
0.6315
0.633
0.63
0.6325
0.629
0.629
0.628
0.6245
0.627
0.6285
0.617
0.6125
0.615
0.6135
0.613
0.614
0.614
0.6135
0.6035
0.5915
0.577
0.568
0.5565
0.546
0.5325
0.516
0.5035
0.4895
0.4765
0.4675
0.467
0.47
0.4665
0.455
0.4465
0.433
0.433
0.431
0.432
0.435
0.4325
0.4445
0.46
0.469
0.482
0.495
0.51
0.525
0.536
0.5485
0.5625
0.5645
0.562
0.561
0.5625
0.561
0.5475
0.534
0.5315
0.532
0.5315
0.5295
0.528
0.529
0.5285
0.5335
0.5345
0.5335
0.535
0.533
0.5215
0.508
0.4955
0.495
0.509
0.518
0.5155
0.5195
0.52
0.517
0.52
0.5205
0.5195
0.5245
0.5255
0.5265
0.524
0.521
0.523
0.5195
0.5175
0.5055
0.496
0.4815
0.4675
0.457
0.4565
0.4575
0.4625
0.462
0.466
0.482
0.493
0.505
0.519
0.5305
0.5405
0.5545
0.567
0.5815
0.594
0.6075
0.621
0.634
0.634
0.637
0.6385
0.6355
0.6365
0.6335
0.6325
0.634
0.6315
0.6325
0.6315
0.631
0.635
0.634
0.6355
0.639
0.635
0.6495
0.661
0.664
0.663
0.661
0.662
0.66
0.6555
0.6565
0.6565
0.6415
0.6305
0.6205
0.6075
0.5935
0.586
0.573
0.557
0.546
0.5325
0.5185
0.5095
0.4955
0.483
0.4655
0.455
0.445
0.4295
0.417
0.406
0.3925
0.381
0.366
0.3535
0.34
0.3265
0.3145
0.298
0.283
0.274
0.2615
0.247
0.248
0.251
0.249
0.2505
0.2515
0.251
0.2515
0.2485
0.25
0.2495
0.2465
0.248
0.2455
0.242
0.2445
0.243
0.243
0.2425
0.243
0.239
0.239
0.2355
0.2405
0.2395
0.239
0.242
0.2445
0.246
0.2435
0.2425
0.2445
0.245
0.2445
0.2475
0.249
0.253
0.253
0.2535
0.2545
0.252
0.2495
0.249
0.2525
0.251
0.2505
0.2525
0.2495
0.252
0.248
0.2485
0.247
0.2435
0.2455
0.248
0.2465
0.2515
0.2495
0.2495
0.2505
0.25
0.2505
0.251
0.25
0.2495
0.246
0.247
0.247
0.2435
0.245
0.2455
0.242
0.241
0.244
0.2385
0.239
0.2365
0.239
0.241
0.2385
0.244
0.245
0.246
0.245
0.242
0.2445
0.244
0.245
0.2475
0.25
0.2515
0.2535
0.2525
0.2545
0.2525
0.2505
0.248
0.251
0.2525
0.2505
0.252
0.2505
0.251
0.249
0.249
0.2485
0.246
0.245
0.246
0.2455
0.2505
0.252
0.2505
0.252
0.25
0.251
0.251
0.25
0.2485
0.246
0.2445
0.2475
0.2435
0.243
0.246
0.2435
0.2425
0.243
0.2385
0.2375
0.237
0.239
0.242
0.2395
0.2425
0.2455
0.2465
0.246
0.2425
0.2435
0.245
0.2445
0.2445
0.2505
0.25
0.2535
0.2505
0.2535
0.2535
0.2525
0.248
0.2505
0.2535
0.249
0.253
0.251
0.251
0.2505
0.249
0.249
0.2465
0.2445
0.2475
0.2465
0.249
0.2505
0.2485
0.252
0.251
0.251
0.2515
0.2475
0.248
0.2475
0.2445
0.248
0.245
0.243
0.2455
0.2445
0.242
0.2425
0.242
0.2365
0.237
0.2375
0.242
0.239
0.2405
0.243
0.2455
0.245
0.2435
0.244
0.244
0.244
0.2445
0.2485
0.25
0.254
0.2525
0.2535
0.2535
0.2535
0.249
0.2495
0.263
0.2745
0.289
0.302
0.3
0.3035
0.2995
0.3145
0.3295
0.3385
0.3515
0.3655
0.378
0.39
0.4045
0.417
0.431
0.445
0.4565
0.4705
0.4785
0.4935
0.5055
0.5135
0.5275
0.539
0.552
0.568
0.579
0.594
0.6065
0.6155
0.628
0.64
0.654
0.6645
0.6755
0.6875
0.702
0.7105
0.714
0.7145
0.7125
0.7125
0.728
0.7355
0.75
0.747
0.747
0.7465
0.7455
0.748
0.7495
0.751
0.7475
0.749
0.749
0.7475
0.75
0.748
0.7525
0.7515
0.7525
0.7565
0.755
0.7525
0.7535
0.749
0.7505
0.75
0.749
0.7505
0.75
0.749
0.7505
0.7505
0.754
0.7525
0.7535
0.757
0.755
0.7545
0.758
0.7585
0.7565
0.7615
0.761
0.7635
0.761
0.7595
0.7615
0.7555
0.755
0.753
0.7545
0.758
0.746
0.735
0.7195
0.7095
0.697
0.684
0.6695
0.6535
0.643
0.6305
0.616
0.6055
0.594
0.581
0.5685
0.5555
0.542
0.528
0.515
0.503
0.484
0.4745
0.461
0.4485
0.4355
0.4235
0.4105
0.3945
0.385
0.3685
0.358
0.3435
0.332
0.321
0.307
0.2985
0.2955
0.2995
0.3
0.297
0.3095
0.3215
0.3355
0.3475
0.358
0.371
0.3815
0.3955
0.4055
0.4175
0.4305
0.4435
0.4525
0.4665
0.4805
0.4905
0.5055
0.5195
0.5285
0.5415
0.5565
0.572
0.583
0.5945
0.609
0.6205
0.6305
0.6445
0.6565
0.6715
0.669
0.67
0.6695
0.668
0.6685
0.665
0.655
0.6425
0.628
0.6165
0.603
0.588
0.5785
0.5615
0.55
0.537
0.524
0.5145
0.5005
0.489
0.482
0.466
0.4555
0.4405
0.4265
0.4155
0.4005
0.3865
0.3775
0.365
0.353
0.339
0.329
0.3185
0.306
0.292
0.2845
0.271
0.2555
0.2445
0.245
0.2445
0.248
0.2495
0.2535
0.253
0.2535
0.2535
0.2535
0.2495
0.2505
0.254
0.2655
0.2795
0.292
0.306
0.32
0.3325
0.3475
0.3625
0.3715
0.3855
0.399
0.4115
0.4235
0.4375
0.45
0.464
0.478
0.4895
0.5045
0.5135
0.5265
0.5385
0.5475
0.561
0.572
0.5855
0.6015
0.613
0.6275
0.629
0.6255
0.6255
0.6215
0.6255
0.626
0.6245
0.628
0.631
0.632
0.6295
0.612
0.603
0.5895
0.574
0.566
0.5515
0.54
0.524
0.51
0.502
0.4855
0.472
0.4615
0.449
0.438
0.424
0.411
0.3975
0.383
0.387
0.3865
0.3875
0.3905
0.39
0.388
0.3885
0.384
0.3845
0.3845
0.395
0.4095
0.421
0.436
0.447
0.458
0.4735
0.4815
0.4925
0.5045
0.5175
0.5345
0.5455
0.5595
0.573
0.583
0.5945
0.606
0.619
0.631
0.6405
0.6525
0.667
0.678
0.688
0.704
0.7165
0.728
0.7435
0.7535
0.7495
0.749
0.7465
0.749
0.745
0.747
0.749
0.752
0.749
0.747
0.75
0.747
0.7335
0.7195
0.707
0.694
0.6755
0.6655
0.653
0.6395
0.627
0.6145
0.602
0.5865
0.5845
0.586
0.586
0.586
0.5875
0.588
0.5905
0.593
0.5895
0.593
0.5945
0.591
0.5935
0.594
0.593
0.5975
0.587
0.575
0.5645
0.5495
0.5405
0.528
0.5155
0.5015
0.4935
0.4795
0.478
0.478
0.493
0.507
0.516
0.5295
0.5435
0.559
0.57
0.5815
0.581
0.5775
0.5775
0.5805
0.569
0.554
0.5415
0.528
0.515
0.502
0.4855
0.4715
0.4615
0.4485
0.4345
0.423
0.4095
0.395
0.385
0.3685
0.3685
0.369
0.3645
0.366
0.3645
0.3625
0.3645
0.362
0.3595
0.362
0.348
0.3365
0.3215
0.308
0.299
0.2865
0.2745
0.261
0.251
0.24
0.2425
0.2445
0.246
0.244
0.2435
0.2445
0.2455
0.244
0.2475
0.261
0.273
0.2905
0.303
0.3115
0.327
0.34
0.351
0.3645
0.376
0.3895
0.4025
0.416
0.4305
0.4425
0.4575
0.4725
0.4825
0.4965
0.51
0.522
0.534
0.548
0.5615
0.5745
0.588
0.5995
0.615
0.6235
0.6225
0.62
0.6205
0.6195
0.6155
0.6175
0.617
0.6155
0.614
0.616
0.613
0.6005
0.589
0.5745
0.5635
0.554
0.5415
0.527
0.518
0.506
0.4885
0.48
0.4665
0.451
0.443
0.4285
0.426
0.425
0.425
0.4245
0.4255
0.427
0.4285
0.4265
0.427
0.4275
0.4265
0.429
0.4265
0.43
0.4435
0.46
0.471
0.4855
0.4985
0.5095
0.5225
0.5355
0.551
0.5615
0.5755
0.5875
0.602
0.614
0.6245
0.6395
0.6485
0.66
0.671
0.684
0.701
0.7115
0.7255
0.739
0.7495
0.761
0.763
0.761
0.759
0.749
0.738
0.724
0.712
0.7025
0.6865
0.6735
0.6625
0.647
0.6365
0.625
0.613
0.598
0.5815
0.5715
0.5585
0.545
0.533
0.523
0.51
0.4965
0.4835
0.47
0.4565
0.443
0.4305
0.4125
0.401
0.389
0.3865
0.3885
0.3845
0.382
0.3845
0.382
0.3825
0.3835
0.383
0.3845
0.385
0.399
0.408
0.4175
0.432
0.4425
0.459
0.473
0.4845
0.4985
0.511
0.5215
0.533
0.5445
0.559
0.568
0.5805
0.593
0.607
0.615
0.6285
0.644
0.654
0.669
0.682
0.692
0.705
0.7185
0.7345
0.746
0.7465
0.746
0.7505
0.751
0.7465
0.7505
0.749
0.7495
0.7495
0.7495
0.7505
0.7505
0.753
0.757
0.7525
0.7535
0.7525
0.7495
0.7515
0.7495
0.7485
0.7355
0.724
0.7275
0.727
0.728
0.73
0.728
0.7315
0.7335
0.7315
0.7325
0.733
0.734
0.734
0.7375
0.7255
0.7135
0.6995
0.6895
0.6785
0.666
0.6635
0.6615
0.664
0.665
0.6625
0.663
0.664
0.66
0.659
0.655
0.6555
0.6545
0.6545
0.6555
0.6575
0.6585
0.655
0.658
0.6565
0.6695
0.6835
0.6795
0.6835
0.684
0.685
0.6895
0.685
0.6845
0.6845
0.672
0.659
0.6445
0.632
0.6185
0.6185
0.618
0.619
0.6175
0.6145
0.6155
0.603
0.5925
0.5905
0.5905
0.5925
0.5935
0.5915
0.596
0.596
0.599
0.5955
0.5945
0.596
0.592
0.591
0.5885
0.5905
0.5925
0.5905
0.591
0.59
0.5875
0.5855
0.583
0.582
0.5825
0.5735
0.559
0.546
0.5575
0.57
0.582
0.595
0.6085
0.622
0.6355
0.6475
0.6605
0.6785
0.6885
0.703
0.716
0.705
0.6925
0.6795
0.664
0.6535
0.6385
0.626
0.613
0.6005
0.5905
0.5755
0.566
0.555
0.544
0.531
0.514
0.503
0.489
0.4755
0.465
0.453
0.4415
0.4295
0.4165
0.4135
0.4195
0.4195
0.4065
0.398
0.3825
0.369
0.358
0.343
0.332
0.3205
0.3085
0.2935
0.2775
0.267
0.268
0.2815
0.293
0.303
0.3165
0.3295
0.3425
0.357
0.356
0.3565
0.354
0.3555
0.353
0.351
0.371
0.3895
0.4095
0.4295
0.449
0.4675
0.488
0.5065
0.525
0.5425
0.5605
0.5795
0.5945
0.614
0.6325
0.6485
0.671
0.69
0.707
0.727
0.7445
0.7605
0.779
0.797
0.8195
0.835
0.8405
0.845
0.85
0.859
0.8655
0.87
0.8775
0.882
0.9015
0.9205
0.9405
0.961
0.981
1.0
1.0
1.0
1.0
1.0
1.0
1.0
1.0
1.0
1.0
1.0
1.0
1.0
1.0
1.0
1.0
1.0
1.0
1.0
1.0
1.0
1.0
1.0
1.0
1.0
1.0
1.0
1.0
1.0
1.0
1.0
1.0
1.0
1.0
1.0
1.0
1.0
1.0
1.0
1.0
1.0
1.0
1.0
1.0
1.0
1.0
1.0
1.0
1.0
1.0
1.0
1.0
1.0
1.0
1.0
1.0
1.0
1.0
1.0
1.0
1.0
1.0
1.0
1.0
1.0
1.0
1.0
1.0
1.0
1.0
1.0
1.0
1.0
1.0
1.0
1.0
1.0
1.0
1.0
1.0
1.0
1.0
1.0
1.0
1.0
1.0
1.0
1.0
1.0
1.0
1.0
1.0
1.0
1.0
1.0
1.0
1.0
1.0
1.0
1.0
1.0
1.0
1.0
1.0
1.0
1.0
1.0
1.0
1.0
1.0
1.0
1.0
1.0
1.0
1.0
1.0
1.0
1.0
1.0
1.0
1.0
1.0
1.0
1.0
1.0
1.0
1.0
1.0
1.0
1.0
1.0
1.0
1.0
1.0
1.0
1.0
1.0
1.0
1.0
1.0
1.0
1.0
1.0
1.0
1.0
1.0
1.0
1.0
1.0
1.0
1.0
1.0
1.0
1.0
1.0
1.0
1.0
1.0
1.0
1.0
1.0
1.0
1.0
1.0
1.0
1.0
1.0
1.0
1.0
1.0
1.0
1.0
1.0
1.0
1.0
1.0
1.0
1.0
1.0
1.0
1.0
1.0
1.0
1.0
1.0
1.0
1.0
1.0
1.0
1.0
1.0
1.0
1.0
1.0
1.0
1.0
1.0
1.0
1.0
1.0
1.0
1.0
1.0
1.0
1.0
1.0
1.0
1.0
1.0
1.0
1.0
1.0
1.0
1.0
1.0
1.0
1.0
1.0
1.0
1.0
1.0
1.0
1.0
1.0
1.0
1.0
1.0
1.0
1.0
1.0
1.0
1.0
1.0
1.0
1.0
1.0
1.0
1.0
1.0
1.0
1.0
1.0
1.0
1.0
1.0
1.0
1.0
1.0
1.0
1.0
1.0
1.0
1.0
1.0
1.0
1.0
1.0
1.0
1.0
1.0
1.0
1.0
1.0
1.0
1.0
1.0
1.0
1.0
1.0
1.0
1.0
1.0
1.0
1.0
1.0
1.0
1.0
1.0
1.0
1.0
1.0
1.0
1.0
1.0
1.0
1.0
1.0
1.0
1.0
1.0
1.0
1.0
1.0
1.0
1.0
1.0
1.0
1.0
1.0
1.0
1.0
1.0
1.0
1.0
1.0
1.0
1.0
1.0
1.0
1.0
1.0
1.0
1.0
1.0
1.0
1.0
1.0
1.0
1.0
1.0
1.0
1.0
1.0
1.0
1.0
1.0
1.0
1.0
1.0
1.0
1.0
1.0
1.0
1.0
1.0
1.0
1.0
1.0
1.0
1.0
1.0
1.0
1.0
1.0
1.0
1.0
1.0
1.0
1.0
1.0
1.0
1.0
1.0
1.0
1.0
1.0
1.0
1.0
1.0
1.0
1.0
1.0
1.0
1.0
1.0
1.0
1.0
1.0
1.0
1.0
1.0
1.0
1.0
1.0
1.0
1.0
1.0
1.0
1.0
1.0
1.0
1.0
1.0
1.0
1.0
1.0
1.0
1.0
1.0
1.0
1.0
1.0
1.0
1.0
1.0
1.0
1.0
1.0
1.0
1.0
1.0
1.0
1.0
1.0
1.0
1.0
1.0
1.0
1.0
1.0
1.0
1.0
1.0
1.0
1.0
1.0
1.0
1.0
1.0
1.0
1.0
1.0
1.0
1.0
1.0
1.0
1.0
1.0
1.0
1.0
1.0
1.0
1.0
1.0
1.0
1.0
1.0
1.0
1.0
1.0
1.0
1.0
1.0
1.0
1.0
1.0
1.0
1.0
1.0
1.0
1.0
1.0
1.0
1.0
1.0
1.0
1.0
1.0
1.0
1.0
1.0
1.0
1.0
1.0
1.0
1.0
1.0
1.0
1.0
1.0
1.0
1.0
1.0
1.0
1.0
1.0
1.0
1.0
1.0
1.0
1.0
1.0
1.0
1.0
1.0
1.0
1.0
1.0
1.0
1.0
1.0
1.0
1.0
1.0
1.0
1.0
1.0
1.0
1.0
1.0
1.0
1.0
1.0
1.0
1.0
1.0
1.0
1.0
1.0
1.0
1.0
1.0
1.0
1.0
1.0
1.0
1.0
1.0
1.0
1.0
1.0
1.0
1.0
1.0
1.0
1.0
1.0
1.0
1.0
1.0
1.0
1.0
1.0
1.0
1.0
1.0
1.0
1.0
1.0
1.0
1.0
1.0
1.0
1.0
1.0
1.0
1.0
1.0
1.0
1.0
1.0
1.0
1.0
1.0
1.0
1.0
1.0
1.0
1.0
1.0
1.0
1.0
1.0
1.0
1.0
1.0
1.0
1.0
1.0
1.0
1.0
1.0
1.0
1.0
1.0
1.0
1.0
1.0
1.0
1.0
1.0
1.0
1.0
1.0
1.0
1.0
1.0
1.0
1.0
1.0
1.0
1.0
1.0
1.0
1.0
1.0
1.0
1.0
1.0
1.0
1.0
1.0
1.0
1.0
1.0
1.0
1.0
1.0
1.0
1.0
1.0
1.0
1.0
1.0
1.0
1.0
1.0
1.0
1.0
1.0
1.0
1.0
1.0
1.0
1.0
1.0
1.0
1.0
1.0
1.0
1.0
1.0
1.0
1.0
1.0
1.0
1.0
1.0
1.0
1.0
1.0
1.0
1.0
1.0
1.0
1.0
1.0
1.0
1.0
1.0
1.0
1.0
1.0
1.0
1.0
1.0
1.0
1.0
1.0
1.0
1.0
1.0
1.0
1.0
1.0
1.0
1.0
1.0
1.0
1.0
1.0
1.0
1.0
1.0
1.0
1.0
1.0
1.0
1.0
1.0
1.0
1.0
1.0
1.0
1.0
1.0
1.0
1.0
1.0
1.0
1.0
1.0
1.0
1.0
1.0
1.0
1.0
1.0
1.0
1.0
1.0
1.0
1.0
1.0
1.0
1.0
1.0
1.0
1.0
1.0
1.0
1.0
1.0
1.0
1.0
1.0
1.0
1.0
1.0
1.0
1.0
1.0
1.0
1.0
1.0
1.0
1.0
1.0
1.0
1.0
1.0
1.0
1.0
1.0
1.0
1.0
1.0
1.0
1.0
1.0
1.0
1.0
1.0
1.0
1.0
1.0
1.0
1.0
1.0
1.0
1.0
1.0
1.0
1.0
1.0
1.0
1.0
1.0
1.0
1.0
1.0
1.0
1.0
1.0
1.0
1.0
1.0
1.0
1.0
1.0
1.0
1.0
1.0
1.0
1.0
1.0
1.0
1.0
1.0
1.0
1.0
1.0
1.0
1.0
1.0
1.0
1.0
1.0
1.0
1.0
1.0
1.0
1.0
1.0
1.0
1.0
1.0
1.0
1.0
1.0
1.0
1.0
1.0
1.0
1.0
1.0
1.0
1.0
1.0
1.0
1.0
1.0
1.0
1.0
1.0
1.0
1.0
1.0
1.0
1.0
1.0
1.0
1.0
1.0
1.0
1.0
1.0
1.0
1.0
1.0
1.0
1.0
1.0
1.0
1.0
1.0
1.0
1.0
1.0
1.0
1.0
1.0
1.0
1.0
1.0
1.0
1.0
1.0
1.0
1.0
1.0
1.0
1.0
1.0
1.0
1.0
1.0
1.0
1.0
1.0
1.0
1.0
1.0
1.0
1.0
1.0
1.0
1.0
1.0
1.0
1.0
1.0
1.0
1.0
1.0
1.0
1.0
1.0
1.0
1.0
1.0
1.0
1.0
1.0
1.0
1.0
1.0
1.0
1.0
1.0
1.0
1.0
1.0
1.0
1.0
1.0
1.0
1.0
1.0
1.0
1.0
1.0
1.0
1.0
1.0
1.0
1.0
1.0
1.0
1.0
1.0
1.0
1.0
1.0
1.0
1.0
1.0
1.0
1.0
1.0
1.0
1.0
1.0
1.0
1.0
1.0
1.0
1.0
1.0
1.0
1.0
1.0
1.0
1.0
1.0
1.0
1.0
1.0
1.0
1.0
1.0
1.0
1.0
1.0
1.0
1.0
1.0
1.0
1.0
1.0
1.0
1.0
1.0
1.0
1.0
1.0
1.0
1.0
1.0
1.0
1.0
1.0
1.0
1.0
1.0
1.0
1.0
1.0
1.0
1.0
1.0
1.0
1.0
1.0
1.0
1.0
1.0
1.0
1.0
1.0
1.0
1.0
1.0
1.0
1.0
1.0
1.0
1.0
1.0
1.0
1.0
1.0
1.0
1.0
1.0
1.0
1.0
1.0
1.0
1.0
1.0
1.0
1.0
1.0
1.0
1.0
1.0
1.0
1.0
1.0
1.0
1.0
1.0
1.0
1.0
1.0
1.0
1.0
1.0
1.0
1.0
1.0
1.0
1.0
1.0
1.0
1.0
1.0
1.0
1.0
1.0
1.0
1.0
1.0
1.0
1.0
1.0
1.0
1.0
1.0
1.0
1.0
1.0
1.0
1.0
1.0
1.0
1.0
1.0
1.0
1.0
1.0
1.0
1.0
1.0
1.0
1.0
1.0
1.0
1.0
1.0
1.0
1.0
1.0
1.0
1.0
1.0
1.0
1.0
1.0
1.0
1.0
1.0
1.0
1.0
1.0
1.0
1.0
1.0
1.0
1.0
1.0
1.0
1.0
1.0
1.0
1.0
1.0
1.0
1.0
1.0
1.0
1.0
1.0
1.0
1.0
1.0
1.0
1.0
1.0
1.0
1.0
1.0
1.0
1.0
1.0
1.0
1.0
1.0
1.0
1.0
1.0
1.0
1.0
1.0
1.0
1.0
1.0
1.0
1.0
1.0
1.0
1.0
1.0
1.0
1.0
1.0
1.0
1.0
1.0
1.0
1.0
1.0
1.0
1.0
1.0
1.0
1.0
1.0
1.0
1.0
1.0
1.0
1.0
1.0
1.0
1.0
1.0
1.0
1.0
1.0
1.0
1.0
1.0
1.0
1.0
1.0
1.0
1.0
1.0
1.0
1.0
1.0
1.0
1.0
1.0
1.0
1.0
1.0
1.0
1.0
1.0
1.0
1.0
1.0
1.0
1.0
1.0
1.0
1.0
1.0
1.0
1.0
1.0
1.0
1.0
1.0
1.0
1.0
1.0
1.0
1.0
1.0
1.0
1.0
1.0
1.0
1.0
1.0
1.0
1.0
1.0
1.0
1.0
1.0
1.0
1.0
1.0
1.0
1.0
1.0
1.0
1.0
1.0
1.0
1.0
1.0
1.0
1.0
1.0
1.0
1.0
1.0
1.0
1.0
1.0
1.0
1.0
1.0
1.0
1.0
1.0
1.0
1.0
1.0
1.0
1.0
1.0
1.0
1.0
1.0
1.0
1.0
1.0
1.0
1.0
1.0
1.0
1.0
1.0
1.0
1.0
1.0
1.0
1.0
1.0
1.0
1.0
1.0
1.0
1.0
1.0
1.0
1.0
1.0
1.0
1.0
1.0
1.0
1.0
1.0
1.0
1.0
1.0
1.0
1.0
1.0
1.0
1.0
1.0
1.0
1.0
1.0
1.0
1.0
1.0
1.0
1.0
1.0
1.0
1.0
1.0
1.0
1.0
1.0
1.0
1.0
1.0
1.0
1.0
1.0
1.0
1.0
1.0
1.0
1.0
1.0
1.0
1.0
1.0
1.0
1.0
1.0
1.0
1.0
1.0
1.0
1.0
1.0
1.0
1.0
1.0
1.0
1.0
1.0
1.0
1.0
1.0
1.0
1.0
1.0
1.0
1.0
1.0
1.0
1.0
1.0
1.0
1.0
1.0
1.0
1.0
1.0
1.0
1.0
1.0
1.0
1.0
1.0
1.0
1.0
1.0
1.0
1.0
1.0
1.0
1.0
1.0
1.0
1.0
1.0
1.0
1.0
1.0
1.0
1.0
1.0
1.0
1.0
1.0
1.0
1.0
1.0
1.0
1.0
1.0
1.0
1.0
1.0
1.0
1.0
1.0
1.0
1.0
1.0
1.0
1.0
1.0
1.0
1.0
1.0
1.0
1.0
1.0
1.0
1.0
1.0
1.0
1.0
1.0
1.0
1.0
1.0
1.0
1.0
1.0
1.0
1.0
1.0
1.0
1.0
1.0
1.0
1.0
1.0
1.0
1.0
1.0
1.0
1.0
1.0
1.0
1.0
1.0
1.0
1.0
1.0
1.0
1.0
1.0
1.0
1.0
1.0
1.0
1.0
1.0
1.0
1.0
1.0
1.0
1.0
1.0
1.0
1.0
1.0
1.0
1.0
1.0
1.0
1.0
1.0
1.0
1.0
1.0
1.0
1.0
1.0
1.0
1.0
1.0
1.0
1.0
1.0
1.0
1.0
1.0
1.0
1.0
1.0
1.0
1.0
1.0
1.0
1.0
1.0
1.0
1.0
1.0
1.0
1.0
1.0
1.0
1.0
1.0
1.0
1.0
1.0
1.0
1.0
1.0
1.0
1.0
1.0
1.0
1.0
1.0
1.0
1.0
1.0
1.0
1.0
1.0
1.0
1.0
1.0
1.0
1.0
1.0
1.0
1.0
1.0
1.0
1.0
1.0
1.0
1.0
1.0
1.0
1.0
1.0
1.0
1.0
1.0
1.0
1.0
1.0
1.0
1.0
1.0
1.0
1.0
1.0
1.0
1.0
1.0
1.0
1.0
1.0
1.0
1.0
1.0
1.0
1.0
1.0
1.0
1.0
1.0
1.0
1.0
1.0
1.0
1.0
1.0
1.0
1.0
1.0
1.0
1.0
1.0
1.0
1.0
1.0
1.0
1.0
1.0
1.0
1.0
1.0
1.0
1.0
1.0
1.0
1.0
1.0
1.0
1.0
1.0
1.0
1.0
1.0
1.0
1.0
1.0
1.0
1.0
1.0
1.0
1.0
1.0
1.0
1.0
1.0
1.0
1.0
1.0
1.0
1.0
1.0
1.0
1.0
1.0
1.0
1.0
1.0
1.0
1.0
1.0
1.0
1.0
1.0
1.0
1.0
1.0
1.0
1.0
1.0
1.0
1.0
1.0
1.0
1.0
1.0
1.0
1.0
1.0
1.0
1.0
1.0
1.0
1.0
1.0
1.0
1.0
1.0
1.0
1.0
1.0
1.0
1.0
1.0
1.0
1.0
1.0
1.0
1.0
1.0
1.0
1.0
1.0
1.0
1.0
1.0
1.0
1.0
1.0
1.0
1.0
1.0
1.0
1.0
1.0
1.0
1.0
1.0
1.0
1.0
1.0
1.0
1.0
1.0
1.0
1.0
1.0
1.0
1.0
1.0
1.0
1.0
1.0
1.0
1.0
1.0
1.0
1.0
1.0
1.0
1.0
1.0
1.0
1.0
1.0
1.0
1.0
1.0
1.0
1.0
1.0
1.0
1.0
1.0
1.0
1.0
1.0
1.0
1.0
1.0
1.0
1.0
1.0
1.0
1.0
1.0
1.0
1.0
1.0
1.0
1.0
1.0
1.0
1.0
1.0
1.0
1.0
1.0
1.0
1.0
1.0
1.0
1.0
1.0
1.0
1.0
1.0
1.0
1.0
1.0
1.0
1.0
1.0
1.0
1.0
1.0
1.0
1.0
1.0
1.0
1.0
1.0
1.0
1.0
1.0
1.0
1.0
1.0
1.0
1.0
1.0
1.0
1.0
1.0
1.0
1.0
1.0
1.0
1.0
1.0
1.0
1.0
1.0
1.0
1.0
1.0
1.0
1.0
1.0
1.0
1.0
1.0
1.0
1.0
1.0
1.0
1.0
1.0
1.0
1.0
1.0
1.0
1.0
1.0
1.0
1.0
1.0
1.0
1.0
1.0
1.0
1.0
1.0
1.0
1.0
1.0
1.0
1.0
1.0
1.0
1.0
1.0
1.0
1.0
1.0
1.0
1.0
1.0
1.0
1.0
1.0
1.0
1.0
1.0
1.0
1.0
1.0
1.0
1.0
1.0
1.0
1.0
1.0
1.0
1.0
1.0
1.0
1.0
1.0
1.0
1.0
1.0
1.0
1.0
1.0
1.0
1.0
1.0
1.0
1.0
1.0
1.0
1.0
1.0
1.0
1.0
1.0
1.0
1.0
1.0
1.0
1.0
1.0
1.0
1.0
1.0
1.0
1.0
1.0
1.0
1.0
1.0
1.0
1.0
1.0
1.0
1.0
1.0
1.0
1.0
1.0
1.0
1.0
1.0
1.0
1.0
1.0
1.0
1.0
1.0
1.0
1.0
1.0
1.0
1.0
1.0
1.0
1.0
1.0
1.0
1.0
1.0
1.0
1.0
1.0
1.0
1.0
1.0
1.0
1.0
1.0
1.0
1.0
1.0
1.0
1.0
1.0
1.0
1.0
1.0
1.0
1.0
1.0
1.0
1.0
1.0
1.0
1.0
1.0
1.0
1.0
1.0
1.0
1.0
1.0
1.0
1.0
1.0
1.0
1.0
1.0
1.0
1.0
1.0
1.0
1.0
1.0
1.0
1.0
1.0
1.0
1.0
1.0
1.0
1.0
1.0
1.0
1.0
1.0
1.0
1.0
1.0
1.0
1.0
1.0
1.0
1.0
1.0
1.0
1.0
1.0
1.0
1.0
1.0
1.0
1.0
1.0
1.0
1.0
1.0
1.0
1.0
1.0
1.0
1.0
1.0
1.0
1.0
1.0
1.0
1.0
1.0
1.0
1.0
1.0
1.0
1.0
1.0
1.0
1.0
1.0
1.0
1.0
1.0
1.0
1.0
1.0
1.0
1.0
1.0
1.0
1.0
1.0
1.0
1.0
1.0
1.0
1.0
1.0
1.0
1.0
1.0
1.0
1.0
1.0
1.0
1.0
1.0
1.0
1.0
1.0
1.0
1.0
1.0
1.0
1.0
1.0
1.0
1.0
1.0
1.0
1.0
1.0
1.0
1.0
1.0
1.0
1.0
1.0
1.0
1.0
1.0
1.0
1.0
1.0
1.0
1.0
1.0
1.0
1.0
1.0
1.0
1.0
1.0
1.0
1.0
1.0
1.0
1.0
1.0
1.0
1.0
1.0
1.0
1.0
1.0
1.0
1.0
1.0
1.0
1.0
1.0
1.0
1.0
1.0
1.0
1.0
1.0
1.0
1.0
1.0
1.0
1.0
1.0
1.0
1.0
1.0
1.0
1.0
1.0
1.0
1.0
1.0
1.0
1.0
1.0
1.0
1.0
1.0
1.0
1.0
1.0
1.0
1.0
1.0
1.0
1.0
1.0
1.0
1.0
1.0
1.0
1.0
1.0
1.0
1.0
1.0
1.0
1.0
1.0
1.0
1.0
1.0
1.0
1.0
1.0
1.0
1.0
1.0
1.0
1.0
1.0
1.0
1.0
1.0
1.0
1.0
1.0
1.0
1.0
1.0
1.0
1.0
1.0
1.0
1.0
1.0
1.0
1.0
1.0
1.0
1.0
1.0
1.0
1.0
1.0
1.0
1.0
1.0
1.0
1.0
1.0
1.0
1.0
1.0
1.0
1.0
1.0
1.0
1.0
1.0
1.0
1.0
1.0
1.0
1.0
1.0
1.0
1.0
1.0
1.0
1.0
1.0
1.0
1.0
1.0
1.0
1.0
1.0
1.0
1.0
1.0
1.0
1.0
1.0
1.0
1.0
1.0
1.0
1.0
1.0
1.0
1.0
1.0
1.0
1.0
1.0
1.0
1.0
1.0
1.0
1.0
1.0
1.0
1.0
1.0
1.0
1.0
1.0
1.0
1.0
1.0
1.0
1.0
1.0
1.0
1.0
1.0
1.0
1.0
1.0
1.0
1.0
1.0
1.0
1.0
1.0
1.0
1.0
1.0
1.0
1.0
1.0
1.0
1.0
1.0
1.0
1.0
1.0
1.0
1.0
1.0
1.0
1.0
1.0
1.0
1.0
1.0
1.0
1.0
1.0
1.0
1.0
1.0
1.0
1.0
1.0
1.0
1.0
1.0
1.0
1.0
1.0
1.0
1.0
1.0
1.0
1.0
1.0
1.0
1.0
1.0
1.0
1.0
1.0
1.0
1.0
1.0
1.0
1.0
1.0
1.0
1.0
1.0
1.0
1.0
1.0
1.0
1.0
1.0
1.0
1.0
1.0
1.0
1.0
1.0
1.0
1.0
1.0
1.0
1.0
1.0
1.0
1.0
1.0
1.0
1.0
1.0
1.0
1.0
1.0
1.0
1.0
1.0
1.0
1.0
1.0
1.0
1.0
1.0
1.0
1.0
1.0
1.0
1.0
1.0
1.0
1.0
1.0
1.0
1.0
1.0
1.0
1.0
1.0
1.0
1.0
1.0
1.0
1.0
1.0
1.0
1.0
1.0
1.0
1.0
1.0
1.0
1.0
1.0
1.0
1.0
1.0
1.0
1.0
1.0
1.0
1.0
1.0
1.0
1.0
1.0
1.0
1.0
1.0
1.0
1.0
1.0
1.0
1.0
1.0
1.0
1.0
1.0
1.0
1.0
1.0
1.0
1.0
1.0
1.0
1.0
1.0
1.0
1.0
1.0
1.0
1.0
1.0
1.0
1.0
1.0
1.0
1.0
1.0
1.0
1.0
1.0
1.0
1.0
1.0
1.0
1.0
1.0
1.0
1.0
1.0
1.0
1.0
1.0
1.0
1.0
1.0
1.0
1.0
1.0
1.0
1.0
1.0
1.0
1.0
1.0
1.0
1.0
1.0
1.0
1.0
1.0
1.0
1.0
1.0
1.0
1.0
1.0
1.0
1.0
1.0
1.0
1.0
1.0
1.0
1.0
1.0
1.0
1.0
1.0
1.0
1.0
1.0
1.0
1.0
1.0
1.0
1.0
1.0
1.0
1.0
1.0
1.0
1.0
1.0
1.0
1.0
1.0
1.0
1.0
1.0
1.0
1.0
1.0
1.0
1.0
1.0
1.0
1.0
1.0
1.0
1.0
1.0
1.0
1.0
1.0
1.0
1.0
1.0
1.0
1.0
1.0
1.0
1.0
1.0
1.0
1.0
1.0
1.0
1.0
1.0
1.0
1.0
1.0
1.0
1.0
1.0
1.0
1.0
1.0
1.0
1.0
1.0
1.0
1.0
1.0
1.0
1.0
1.0
1.0
1.0
1.0
1.0
1.0
1.0
1.0
1.0
1.0
1.0
1.0
1.0
1.0
1.0
1.0
1.0
1.0
1.0
1.0
1.0
1.0
1.0
1.0
1.0
1.0
1.0
1.0
1.0
1.0
1.0
1.0
1.0
1.0
1.0
1.0
1.0
1.0
1.0
1.0
1.0
1.0
1.0
1.0
1.0
1.0
1.0
1.0
1.0
1.0
1.0
1.0
1.0
1.0
1.0
1.0
1.0
1.0
1.0
1.0
1.0
1.0
1.0
1.0
1.0
1.0
1.0
1.0
1.0
1.0
1.0
1.0
1.0
1.0
1.0
1.0
1.0
1.0
1.0
1.0
1.0
1.0
1.0
1.0
1.0
1.0
1.0
1.0
1.0
1.0
1.0
1.0
1.0
1.0
1.0
1.0
1.0
1.0
1.0
1.0
1.0
1.0
1.0
1.0
1.0
1.0
1.0
1.0
1.0
1.0
1.0
1.0
1.0
1.0
1.0
1.0
1.0
1.0
1.0
1.0
1.0
1.0
1.0
1.0
1.0
1.0
1.0
1.0
1.0
1.0
1.0
1.0
1.0
1.0
1.0
1.0
1.0
1.0
1.0
1.0
1.0
1.0
1.0
1.0
1.0
1.0
1.0
1.0
1.0
1.0
1.0
1.0
1.0
1.0
1.0
1.0
1.0
1.0
1.0
1.0
1.0
1.0
1.0
1.0
1.0
1.0
1.0
1.0
1.0
1.0
1.0
1.0
1.0
1.0
1.0
1.0
1.0
1.0
1.0
1.0
1.0
1.0
1.0
1.0
1.0
1.0
1.0
1.0
1.0
1.0
1.0
1.0
1.0
1.0
1.0
1.0
1.0
1.0
1.0
1.0
1.0
1.0
1.0
1.0
1.0
1.0
1.0
1.0
1.0
1.0
1.0
1.0
1.0
1.0
1.0
1.0
1.0
1.0
1.0
1.0
1.0
1.0
1.0
1.0
1.0
1.0
1.0
1.0
1.0
1.0
1.0
1.0
1.0
1.0
1.0
1.0
1.0
1.0
1.0
1.0
1.0
1.0
1.0
1.0
1.0
1.0
1.0
1.0
1.0
1.0
1.0
1.0
1.0
1.0
1.0
1.0
1.0
1.0
1.0
1.0
1.0
1.0
1.0
1.0
1.0
1.0
1.0
1.0
1.0
1.0
1.0
1.0
1.0
1.0
1.0
1.0
1.0
1.0
1.0
1.0
1.0
1.0
1.0
1.0
1.0
1.0
1.0
1.0
1.0
1.0
1.0
1.0
1.0
1.0
1.0
1.0
1.0
1.0
1.0
1.0
1.0
1.0
1.0
1.0
1.0
1.0
1.0
1.0
1.0
1.0
1.0
1.0
1.0
1.0
1.0
1.0
1.0
1.0
1.0
1.0
1.0
1.0
1.0
1.0
1.0
1.0
1.0
1.0
1.0
1.0
1.0
1.0
1.0
1.0
1.0
1.0
1.0
1.0
1.0
1.0
1.0
1.0
1.0
1.0
1.0
1.0
1.0
1.0
1.0
1.0
1.0
1.0
1.0
1.0
1.0
1.0
1.0
1.0
1.0
1.0
1.0
1.0
1.0
1.0
1.0
1.0
1.0
1.0
1.0
1.0
1.0
1.0
1.0
1.0
1.0
1.0
1.0
1.0
1.0
1.0
1.0
1.0
1.0
1.0
1.0
1.0
1.0
1.0
1.0
1.0
1.0
1.0
1.0
1.0
1.0
1.0
1.0
1.0
1.0
1.0
1.0
1.0
1.0
1.0
1.0
1.0
1.0
1.0
1.0
1.0
1.0
1.0
1.0
1.0
1.0
1.0
1.0
1.0
1.0
1.0
1.0
1.0
1.0
1.0
1.0
1.0
1.0
1.0
1.0
1.0
1.0
1.0
1.0
1.0
1.0
1.0
1.0
1.0
1.0
1.0
1.0
1.0
1.0
1.0
1.0
1.0
1.0
1.0
1.0
1.0
1.0
1.0
1.0
1.0
1.0
1.0
1.0
1.0
1.0
1.0
1.0
1.0
1.0
1.0
1.0
1.0
1.0
1.0
1.0
1.0
1.0
1.0
1.0
1.0
1.0
1.0
1.0
1.0
1.0
1.0
1.0
1.0
1.0
1.0
1.0
1.0
1.0
1.0
1.0
1.0
1.0
1.0
1.0
1.0
1.0
1.0
1.0
1.0
1.0
1.0
1.0
1.0
1.0
1.0
1.0
1.0
1.0
1.0
1.0
1.0
1.0
1.0
1.0
1.0
1.0
1.0
1.0
1.0
1.0
1.0
1.0
1.0
1.0
1.0
1.0
1.0
1.0
1.0
1.0
1.0
1.0
1.0
1.0
1.0
1.0
1.0
1.0
1.0
1.0
1.0
1.0
1.0
1.0
1.0
1.0
1.0
1.0
1.0
1.0
1.0
1.0
1.0
1.0
1.0
1.0
1.0
1.0
1.0
1.0
1.0
1.0
1.0
1.0
1.0
1.0
1.0
1.0
1.0
1.0
1.0
1.0
1.0
1.0
1.0
1.0
1.0
1.0
1.0
1.0
1.0
1.0
1.0
1.0
1.0
1.0
1.0
1.0
1.0
1.0
1.0
1.0
1.0
1.0
1.0
1.0
1.0
1.0
1.0
1.0
1.0
1.0
1.0
1.0
1.0
1.0
1.0
1.0
1.0
1.0
1.0
1.0
1.0
1.0
1.0
1.0
1.0
1.0
1.0
1.0
1.0
1.0
1.0
1.0
1.0
1.0
1.0
1.0
1.0
1.0
1.0
1.0
1.0
1.0
1.0
1.0
1.0
1.0
1.0
1.0
1.0
1.0
1.0
1.0
1.0
1.0
1.0
1.0
1.0
1.0
1.0
1.0
1.0
1.0
1.0
1.0
1.0
1.0
1.0
1.0
1.0
1.0
1.0
1.0
1.0
1.0
1.0
1.0
1.0
1.0
1.0
1.0
1.0
1.0
1.0
1.0
1.0
1.0
1.0
1.0
1.0
1.0
1.0
1.0
1.0
1.0
1.0
1.0
1.0
1.0
1.0
1.0
1.0
1.0
1.0
1.0
1.0
1.0
1.0
1.0
1.0
1.0
1.0
1.0
1.0
1.0
1.0
1.0
1.0
1.0
1.0
1.0
1.0
1.0
1.0
1.0
1.0
1.0
1.0
1.0
1.0
1.0
1.0
1.0
1.0
1.0
1.0
1.0
1.0
1.0
1.0
1.0
1.0
1.0
1.0
1.0
1.0
1.0
1.0
1.0
1.0
1.0
1.0
1.0
1.0
1.0
1.0
1.0
1.0
1.0
1.0
1.0
1.0
1.0
1.0
1.0
1.0
1.0
1.0
1.0
1.0
1.0
1.0
1.0
1.0
1.0
1.0
1.0
1.0
1.0
1.0
1.0
1.0
1.0
1.0
1.0
1.0
1.0
1.0
1.0
1.0
1.0
1.0
1.0
1.0
1.0
1.0
1.0
1.0
1.0
1.0
1.0
1.0
1.0
1.0
1.0
1.0
1.0
1.0
1.0
1.0
1.0
1.0
1.0
1.0
1.0
1.0
1.0
1.0
1.0
1.0
1.0
1.0
1.0
1.0
1.0
1.0
1.0
1.0
1.0
1.0
1.0
1.0
1.0
1.0
1.0
1.0
1.0
1.0
1.0
1.0
1.0
1.0
1.0
1.0
1.0
1.0
1.0
1.0
1.0
1.0
1.0
1.0
1.0
1.0
1.0
1.0
1.0
1.0
1.0
1.0
1.0
1.0
1.0
1.0
1.0
1.0
1.0
1.0
1.0
1.0
1.0
1.0
1.0
1.0
1.0
1.0
1.0
1.0
1.0
1.0
1.0
1.0
1.0
1.0
1.0
1.0
1.0
1.0
1.0
1.0
1.0
1.0
1.0
1.0
1.0
1.0
1.0
1.0
1.0
1.0
1.0
1.0
1.0
1.0
1.0
1.0
1.0
1.0
1.0
1.0
1.0
1.0
1.0
1.0
1.0
1.0
1.0
1.0
1.0
1.0
1.0
1.0
1.0
1.0
1.0
1.0
1.0
1.0
1.0
1.0
1.0
1.0
1.0
1.0
1.0
1.0
1.0
1.0
1.0
1.0
1.0
1.0
