2018-03-10-15-08-16
0.1
0.45
0.56
0.12
0.48
0.5733333
0.625
0.664
0.62
0.64
0.65
0.70666665
0.67142856
0.6275
0.22
0.58
0.71428573
0.49
0.5733333
0.645
0.615
0.538
0.6022222
0.544
0.51454544
0.564
0.5
0.49666667
0.47230768
0.45857143
0.44533333
0.5254545
0.50166667
0.48307693
0.47428572
0.43625
0.46
0.42588234
0.44
0.4188889
0.4094737
0.46571428
0.43
0.41333333
0.398
0.37818182
0.37333333
0.4317647
0.45333335
0.47157896
0.02
0.399
0.4
0.433
0.50666666
0.423
0.489
0.514
0.513
0.575
0.36461538
0.612
0.513
0.62
0.51
0.6514286
0.65
0.509
0.6711111
0.421
0.38857144
0.41333333
0.678
0.501
0.44
0.6872727
0.423
0.69166666
0.6953846
0.45647058
0.47777778
0.423
0.71
0.4863158
0.67733335
0.427
0.6525
0.499
0.528
0.427
0.552
0.501
0.449
0.579
0.501
0.474
0.608
0.474
0.639
0.503
0.662
0.526
0.447
0.682
0.545
0.429
0.704
0.425
0.579
0.575
0.571
0.566
0.565
0.564
0.6282353
0.6011111
0.57894737
0.735
0.73
0.701
0.676
0.647
0.627
0.421
0.603
0.42
0.569
0.418
0.566
0.58
0.417
0.551
0.573
0.421
0.548
0.525
0.428
0.529
0.577
0.424
0.496
0.551
0.422
0.404
0.467
0.525
0.439
0.377
0.345
0.322
0.296
0.278
0.25
0.28
0.308
0.338
0.501
0.358
0.497
0.385
0.497
0.501
0.498
0.497
0.41
0.416
0.502
0.417
0.497
0.496
0.416
0.418
0.418
0.414
0.426
0.415
0.439
0.473
0.444
0.468
0.499
0.496
0.492
0.527
0.551
0.504
0.571
0.505
0.597
0.503
0.496
0.496
0.493
0.497
0.502
0.481
0.456
0.459
0.456
0.515
0.538
0.455
0.568
0.451
0.459
0.455
0.629
0.656
0.68
0.705
0.739
0.763
0.766
0.762
0.77
0.768
0.503
0.494
0.526
0.766
0.759
0.591
0.762
0.608
0.633
0.762
0.659
0.741
0.719
0.688
0.666
0.641
0.456
0.556
0.459
0.457
0.558
0.461
0.566
0.561
0.616
0.587
0.56
0.534
0.553
0.574
0.595
0.433
0.434
0.436
0.689
0.508
0.713
0.513
0.739
0.512
0.62
0.651
0.653
0.768
0.764
0.655
0.765
0.65
0.655
0.509
0.508
0.501
0.497
0.499
0.5
0.757
0.475
0.73
0.449
0.44
0.711
0.418
0.386
0.446
0.44
0.436
0.679
0.439
0.658
0.633
0.358
0.326
0.321
0.323
0.657
0.655
0.651
0.606
0.616
0.438
0.619
0.47
0.608
0.497
0.651
0.658
0.66
0.324
0.353
0.376
0.613
0.53
0.62
0.621
0.557
0.409
0.586
0.431
0.459
0.625
0.62
0.658
0.618
0.652
0.618
0.618
0.626
0.625
0.48
0.502
0.676
0.527
0.692
0.72
0.576
0.75
0.629
0.579
0.751
0.579
0.652
0.754
0.673
0.759
0.757
0.584
0.585
0.588
0.59
0.756
0.55
0.748
0.579
0.746
0.584
0.586
0.705
0.746
0.726
0.74
0.748
0.737
0.744
0.595
0.625
0.648
0.748
0.739
0.739
0.775
0.768
0.769
0.585
0.61
0.638
0.737
0.669
0.744
0.702
0.738
0.749
0.754
0.754
0.773
0.772
0.756
0.769
0.757
0.769
0.753
0.764
0.751
0.662
0.752
0.667
0.76
0.673
0.721
0.695
0.751
0.732
0.704
0.669
0.673
0.647
0.617
0.669
0.64
0.681
0.664
0.64
0.766
0.742
0.718
0.69
0.664
0.629
0.618
0.585
0.594
0.559
0.566
0.535
0.539
0.611
0.583
0.6
0.575
0.558
0.506
0.535
0.508
0.482
0.458
0.477
0.459
0.429
0.394
0.365
0.504
0.478
0.446
0.553
0.551
0.337
0.552
0.343
0.342
0.341
0.436
0.434
0.421
0.43
0.418
0.415
0.414
0.339
0.366
0.398
0.423
0.446
0.47
0.555
0.554
0.55
0.55
0.428
0.544
0.548
0.425
0.418
0.55
0.414
0.506
0.538
0.419
0.56
0.409
0.417
0.545
0.423
0.442
0.549
0.55
0.468
0.428
0.452
0.574
0.599
0.628
0.649
0.491
0.679
0.484
0.705
0.484
0.728
0.478
0.585
0.587
0.474
0.588
0.475
0.474
0.472
0.47
0.575
0.754
0.474
0.728
0.579
0.705
0.474
0.586
0.467
0.587
0.469
0.482
0.471
0.487
0.485
0.587
0.557
0.683
0.533
0.658
0.638
0.485
0.48
0.479
0.473
0.469
0.447
0.617
0.504
0.478
0.594
0.563
0.456
0.473
0.425
0.459
0.434
0.409
0.382
0.356
0.419
0.333
0.397
0.538
0.401
0.374
0.515
0.371
0.357
0.482
0.346
0.451
0.424
0.397
0.362
0.315
0.327
0.304
0.301
0.304
0.311
0.273
0.306
0.311
0.309
0.336
0.36
0.342
0.312
0.332
0.342
0.393
0.343
0.41
0.439
0.462
0.359
0.346
0.348
0.373
0.392
0.248
0.273
0.304
0.336
0.357
0.378
0.4
0.415
0.493
0.444
0.525
0.466
0.554
0.392
0.395
0.388
0.383
0.485
0.505
0.536
0.586
0.58
0.584
0.428
0.43
0.429
0.56
0.561
0.564
0.383
0.563
0.381
0.565
0.381
0.569
0.582
0.58
0.576
0.582
0.576
0.548
0.526
0.422
0.499
0.426
0.382
0.585
0.429
0.384
0.582
0.384
0.432
0.558
0.387
0.385
0.473
0.455
0.428
0.399
0.426
0.372
0.421
0.414
0.533
0.344
0.416
0.504
0.414
0.327
0.484
0.413
0.389
0.414
0.412
0.44
0.382
0.381
0.376
0.378
0.444
0.388
0.441
0.307
0.386
0.444
0.447
0.314
0.456
0.45
0.45
0.457
0.387
0.47
0.501
0.463
0.412
0.533
0.434
0.557
0.587
0.465
0.314
0.607
0.346
0.635
0.492
0.376
0.516
0.408
0.543
0.43
0.454
0.475
0.462
0.468
0.467
0.662
0.462
0.661
0.5
0.66
0.501
0.499
0.662
0.573
0.501
0.577
0.462
0.58
0.434
0.664
0.432
0.645
0.619
0.497
0.587
0.495
0.585
0.492
0.59
0.493
0.429
0.491
0.433
0.49
0.591
0.44
0.482
0.563
0.585
0.533
0.477
0.442
0.419
0.59
0.44
0.444
0.566
0.445
0.505
0.541
0.444
0.474
0.39
0.445
0.362
0.424
0.514
0.395
0.336
0.441
0.371
0.309
0.442
0.35
0.486
0.277
0.438
0.465
0.438
0.438
0.255
0.404
0.416
0.228
0.319
0.376
0.222
0.218
0.296
0.389
0.266
0.347
0.315
0.292
0.237
0.214
0.236
0.218
0.241
0.215
0.217
0.264
0.262
0.285
0.314
0.213
0.241
0.338
0.359
0.275
0.381
0.412
0.43
0.451
0.364
0.363
0.238
0.259
0.308
0.359
0.332
0.283
0.356
0.36
0.382
0.329
0.321
0.378
0.374
0.321
0.468
0.471
0.474
0.47
0.474
0.473
0.475
0.376
0.38
0.317
0.318
0.482
0.316
0.321
0.316
0.378
0.314
0.382
0.307
0.382
0.308
0.485
0.312
0.486
0.494
0.314
0.471
0.384
0.387
0.391
0.384
0.319
0.443
0.319
0.415
0.321
0.316
0.383
0.396
0.323
0.318
0.322
0.321
0.381
0.317
0.318
0.384
0.323
0.356
0.319
0.328
0.297
0.322
0.321
0.374
0.292
0.345
0.273
0.316
0.29
0.246
0.281
0.273
0.326
0.311
0.273
0.353
0.271
0.291
0.293
0.308
0.377
0.326
0.343
0.364
0.336
0.354
0.378
0.401
0.413
0.389
0.438
0.431
0.413
0.353
0.438
0.46
0.466
0.494
0.487
0.514
0.467
0.543
0.388
0.508
0.489
0.511
0.504
0.576
0.538
0.5
0.505
0.601
0.534
0.627
0.563
0.653
0.556
0.417
0.679
0.45
0.579
0.473
0.676
0.59
0.577
0.592
0.675
0.593
0.494
0.575
0.68
0.516
0.542
0.576
0.59
0.656
0.59
0.627
0.57
0.588
0.56
0.598
0.586
0.568
0.572
0.617
0.58
0.553
0.576
0.528
0.568
0.549
0.507
0.563
0.476
0.448
0.64
0.524
0.546
0.662
0.421
0.495
0.473
0.522
0.4
0.446
0.37
0.689
0.501
0.336
0.721
0.42
0.31
0.415
0.47
0.742
0.296
0.409
0.77
0.444
0.741
0.273
0.411
0.715
0.412
0.273
0.41
0.68
0.41
0.414
0.297
0.657
0.33
0.418
0.626
0.411
0.421
0.595
0.412
0.594
0.416
0.433
0.597
0.349
0.418
0.603
0.419
0.373
0.46
0.608
0.402
0.495
0.605
0.418
0.419
0.61
0.523
0.413
0.444
0.615
0.42
0.616
0.551
0.418
0.47
0.617
0.418
0.5
0.614
0.413
0.583
0.417
0.493
0.585
0.58
0.578
0.416
0.545
0.582
0.408
0.519
0.58
0.491
0.408
0.575
0.579
0.496
0.489
0.576
0.56
0.413
0.534
0.496
0.412
0.495
0.51
0.41
0.488
0.496
0.418
0.466
0.49
0.503
0.389
0.498
0.445
0.359
0.414
0.503
0.499
0.388
0.496
0.504
0.361
0.325
0.497
0.293
0.493
0.491
0.269
0.468
0.241
0.464
0.441
0.244
0.439
0.252
0.41
0.404
0.333
0.245
0.377
0.332
0.392
0.245
0.356
0.329
0.373
0.247
0.326
0.251
0.346
0.295
0.324
0.256
0.266
0.297
0.249
0.237
0.3
0.281
0.304
0.298
0.211
0.33
0.326
0.326
0.244
0.331
0.357
0.367
0.278
0.38
0.388
0.415
0.406
0.304
0.449
0.437
0.332
0.476
0.452
0.366
0.352
0.483
0.374
0.509
0.406
0.389
0.538
0.5
0.567
0.412
0.528
0.595
0.434
0.555
0.62
0.642
0.667
0.471
0.688
0.716
0.503
0.525
0.55
0.743
0.579
0.582
0.767
0.437
0.61
0.77
0.469
0.598
0.633
0.497
0.766
0.665
0.626
0.526
0.76
0.683
0.756
0.549
0.649
0.758
0.71
0.573
0.761
0.671
0.742
0.741
0.772
0.703
0.592
0.721
0.764
0.73
0.696
0.613
0.672
0.643
0.755
0.646
0.669
0.729
0.622
0.693
0.761
0.703
0.588
0.69
0.562
0.737
0.683
0.541
0.683
0.712
0.651
0.515
0.685
0.623
0.681
0.496
0.656
0.597
0.656
0.466
0.631
0.435
0.579
0.607
0.632
0.415
0.551
0.384
0.6
0.526
0.363
0.575
0.573
0.341
0.494
0.541
0.309
0.464
0.55
0.513
0.281
0.437
0.485
0.249
0.528
0.455
0.405
0.249
0.505
0.432
0.245
0.382
0.484
0.406
0.244
0.454
0.356
0.376
0.247
0.248
0.335
0.248
0.425
0.308
0.254
0.398
0.256
0.286
0.35
0.378
0.254
0.349
0.278
0.266
0.296
0.318
0.267
0.324
0.322
0.326
0.295
0.319
0.3
0.323
0.357
0.267
0.348
0.357
0.319
0.36
0.381
0.237
0.321
0.357
0.213
0.4
0.324
0.355
0.32
0.425
0.362
0.325
0.443
0.357
0.325
0.213
0.355
0.326
0.47
0.216
0.352
0.5
0.358
0.216
0.324
0.354
0.5
0.324
0.244
0.346
0.503
0.35
0.322
0.272
0.504
0.35
0.309
0.503
0.35
0.318
0.355
0.501
0.337
0.317
0.355
0.501
0.362
0.322
0.502
0.294
0.502
0.317
0.272
0.497
0.384
0.243
0.378
0.316
0.495
0.244
0.242
0.314
0.376
0.469
0.313
0.434
0.238
0.371
0.372
0.408
0.317
0.265
0.377
0.376
0.29
0.351
0.321
0.329
0.355
0.372
0.344
0.381
0.308
0.339
0.404
0.305
0.347
0.305
0.429
0.381
0.35
0.461
0.303
0.407
0.334
0.443
0.478
0.364
0.473
0.502
0.501
0.39
0.527
0.531
0.548
0.419
0.558
0.576
0.451
0.592
0.477
0.377
0.606
0.589
0.633
0.497
0.399
0.658
0.585
0.432
0.521
0.682
0.45
0.549
0.579
0.709
0.577
0.581
0.73
0.469
0.495
0.588
0.598
0.761
0.635
0.663
0.519
0.543
0.692
0.717
0.76
0.757
0.743
0.759
0.588
0.576
0.76
0.755
0.623
0.739
0.761
0.654
0.713
0.76
0.68
0.76
0.684
0.703
0.656
0.761
0.606
0.729
0.765
0.762
0.786
0.632
0.784
0.663
0.778
0.691
0.717
0.774
0.743
0.776
0.626
0.763
0.601
0.774
0.766
0.766
0.767
0.577
0.758
0.769
0.739
0.543
0.765
0.77
0.765
0.762
0.763
0.755
0.712
0.764
0.761
0.758
0.757
0.688
0.764
0.758
0.659
0.759
0.52
0.634
0.76
0.495
0.473
0.607
0.448
0.761
0.757
0.418
0.607
0.757
0.393
0.604
0.769
0.593
0.36
0.77
0.6
0.328
0.774
0.771
0.759
0.768
0.328
0.6
0.734
0.766
0.331
0.594
0.759
0.699
0.59
0.672
0.757
0.334
0.588
0.647
0.73
0.584
0.618
0.338
0.584
0.591
0.363
0.701
0.596
0.558
0.535
0.596
0.683
0.513
0.598
0.664
0.599
0.488
0.391
0.62
0.642
0.419
0.647
0.447
0.469
0.469
0.668
0.44
0.492
0.67
0.412
0.522
0.617
0.667
0.55
0.38
0.67
0.571
0.349
0.591
0.574
0.321
0.648
0.574
0.296
0.569
0.279
0.617
0.569
0.601
0.537
0.572
0.547
0.508
0.53
0.487
0.257
0.46
0.233
0.233
0.57
0.232
0.441
0.6
0.631
0.503
0.659
0.661
0.472
0.656
0.453
0.264
0.413
0.654
0.286
0.421
0.313
0.39
0.659
0.381
0.658
0.346
0.366
0.651
0.373
0.337
0.356
0.402
0.315
0.655
0.42
0.33
0.288
0.654
0.655
0.447
0.308
0.259
0.655
0.475
0.238
0.288
0.237
0.498
0.256
0.24
0.528
0.254
0.241
0.562
0.252
0.649
0.242
0.272
0.249
0.294
0.241
0.648
0.312
0.27
0.65
0.299
0.328
0.35
0.328
0.679
0.7
0.359
0.373
0.589
0.618
0.388
0.724
0.644
0.406
0.41
0.433
0.439
0.46
0.462
0.484
0.484
0.749
0.514
0.5
0.722
0.538
0.696
0.529
0.665
0.567
0.668
0.561
0.597
0.668
0.622
0.587
0.665
0.65
0.608
0.672
0.63
0.695
0.656
0.716
0.681
0.74
0.716
0.741
0.667
0.753
0.714
0.64
0.726
0.667
0.683
0.617
0.706
0.637
0.592
0.655
0.616
0.682
0.627
0.662
0.598
0.641
0.566
0.572
0.54
0.623
0.517
0.589
0.55
0.563
0.531
0.532
0.51
0.486
0.459
0.483
0.435
0.504
0.458
0.481
0.437
0.456
0.434
0.406
0.376
0.349
0.592
0.414
0.569
0.391
0.546
0.362
0.515
0.405
0.374
0.328
0.342
0.486
0.46
0.306
0.283
0.335
0.435
0.317
0.411
0.31
0.29
0.286
0.389
0.26
0.252
0.262
0.254
0.239
0.256
0.241
0.261
0.363
0.244
0.258
0.333
0.308
0.255
0.235
0.281
0.23
0.223
0.255
0.286
0.309
0.246
0.273
0.295
0.23
0.26
0.281
0.306
0.256
0.292
0.325
0.31
0.35
0.335
0.333
0.374
0.361
0.387
0.338
0.361
0.353
0.391
0.37
0.415
0.392
0.395
0.423
0.415
0.442
0.437
0.461
0.414
0.444
0.471
0.466
0.438
0.497
0.526
0.553
0.487
0.493
0.496
0.437
0.503
0.433
0.501
0.496
0.575
0.571
0.505
0.572
0.497
0.434
0.505
0.432
0.503
0.436
0.492
0.57
0.496
0.575
0.575
0.497
0.503
0.494
0.5
0.51
0.444
0.439
0.438
0.575
0.577
0.551
0.496
0.491
0.52
0.504
0.496
0.476
0.451
0.496
0.454
0.429
0.438
0.437
0.492
0.427
0.466
0.403
0.438
0.438
0.373
0.355
0.434
0.407
0.43
0.385
0.363
0.41
0.4
0.337
0.384
0.374
0.325
0.3
0.322
0.277
0.295
0.274
0.247
0.253
0.344
0.28
0.314
0.285
0.305
0.265
0.366
0.335
0.246
0.319
0.277
0.296
0.306
0.294
0.297
0.326
0.328
0.35
0.38
0.399
0.362
0.426
0.242
0.383
0.446
0.273
0.473
0.411
0.299
0.503
0.433
0.535
0.459
0.56
0.48
0.585
0.62
0.324
0.649
0.513
0.538
0.349
0.567
0.37
0.392
0.429
0.451
0.674
0.476
0.678
0.678
0.667
0.591
0.592
0.51
0.59
0.512
0.582
0.507
0.666
0.592
0.64
0.606
0.593
0.589
0.579
0.549
0.58
0.524
0.557
0.327
0.532
0.329
0.504
0.483
0.46
0.502
0.332
0.505
0.504
0.325
0.514
0.327
0.486
0.335
0.498
0.455
0.333
0.498
0.33
0.327
0.497
0.332
0.496
0.434
0.405
0.327
0.373
0.43
0.336
0.344
0.338
0.407
0.381
0.336
0.498
0.341
0.352
0.341
0.489
0.341
0.321
0.338
0.339
0.313
0.49
0.337
0.341
0.309
0.317
0.281
0.316
0.282
0.334
0.34
0.305
0.361
0.36
0.33
0.39
0.391
0.416
0.44
0.475
0.492
0.353
0.494
0.497
0.376
0.417
0.399
0.431
0.426
0.461
0.504
0.454
0.533
0.479
0.556
0.501
0.493
0.492
0.494
0.498
0.521
0.491
0.581
0.492
0.527
0.544
0.596
0.546
0.518
0.565
0.621
0.548
0.648
0.578
0.676
0.605
0.706
0.638
0.576
0.731
0.757
0.757
0.757
0.58
0.606
0.637
0.755
0.602
0.758
0.757
0.626
0.651
0.662
0.661
0.662
0.664
0.667
0.663
0.66
0.661
0.681
0.751
0.67
0.642
0.651
0.62
0.624
0.721
0.679
0.675
0.592
0.683
0.658
0.594
0.634
0.61
0.568
0.586
0.693
0.541
0.662
0.63
0.608
0.577
0.547
0.535
0.504
0.478
0.449
0.51
0.423
0.49
0.465
0.402
0.377
0.347
0.32
0.299
0.272
0.568
0.542
0.518
0.25
0.496
0.225
0.476
0.23
0.451
0.446
0.418
0.419
0.391
0.391
0.365
0.231
0.343
0.255
0.324
0.288
0.303
0.359
0.298
0.355
0.3
0.353
0.308
0.324
0.34
0.37
0.396
0.565
0.568
0.57
0.358
0.42
0.444
0.471
0.384
0.408
0.431
0.457
0.5
0.57
0.523
0.481
0.574
0.544
0.576
0.355
0.356
0.38
0.399
0.428
0.508
0.573
0.577
0.424
0.504
0.577
0.572
0.505
0.572
0.42
0.504
0.569
0.504
0.564
0.566
0.576
0.574
0.552
0.575
0.531
0.503
0.508
0.502
0.507
0.507
0.503
0.423
0.504
0.418
0.418
0.494
0.492
0.507
0.495
0.494
0.5
0.472
0.445
0.413
0.417
0.414
0.415
0.418
0.498
0.425
0.49
0.394
0.463
0.367
0.341
0.418
0.576
0.555
0.42
0.524
0.5
0.432
0.474
0.318
0.45
0.319
0.42
0.313
0.426
0.434
0.432
0.432
0.433
0.415
0.429
0.43
0.437
0.432
0.436
0.412
0.465
0.484
0.414
0.514
0.537
0.558
0.314
0.584
0.41
0.341
0.607
0.409
0.363
0.624
0.651
0.682
0.404
0.709
0.734
0.759
0.411
0.412
0.432
0.462
0.489
0.498
0.498
0.431
0.405
0.384
0.356
0.358
0.355
0.753
0.387
0.744
0.504
0.508
0.748
0.509
0.503
0.498
0.748
0.499
0.381
0.382
0.38
0.747
0.379
0.377
0.5
0.751
0.376
0.509
0.488
0.743
0.458
0.71
0.687
0.35
0.663
0.431
0.642
0.352
0.404
0.615
0.388
0.355
0.325
0.349
0.355
0.359
0.299
0.591
0.353
0.568
0.298
0.553
0.294
0.527
0.492
0.461
0.437
0.412
0.391
0.37
0.339
0.315
0.324
0.294
0.35
0.374
0.398
0.421
0.453
0.476
0.265
0.377
0.377
0.269
0.377
0.296
0.497
0.491
0.49
0.49
0.496
0.496
0.372
0.379
0.329
0.379
0.329
0.381
0.321
0.326
0.329
0.331
0.33
0.331
0.334
0.342
0.34
0.336
0.338
0.349
0.372
0.397
0.34
0.416
0.368
0.423
0.39
0.396
0.493
0.516
0.547
0.416
0.57
0.444
0.443
0.445
0.439
0.467
0.495
0.381
0.383
0.522
0.391
0.539
0.566
0.606
0.598
0.603
0.591
0.618
0.646
0.665
0.392
0.388
0.389
0.369
0.596
0.364
0.6
0.367
0.597
0.687
0.595
0.715
0.594
0.593
0.739
0.759
0.758
0.763
0.756
0.726
0.596
0.577
0.699
0.583
0.586
0.675
0.39
0.65
0.392
0.618
0.391
0.59
0.389
0.584
0.579
0.582
0.558
0.54
0.512
0.59
0.562
0.485
0.534
0.457
0.429
0.405
0.385
0.394
0.359
0.386
0.385
0.513
0.381
0.378
0.478
0.382
0.456
0.38
0.428
0.384
0.407
0.378
0.378
0.375
0.357
0.325
0.302
0.274
0.377
0.4
0.399
0.403
0.408
0.428
0.452
0.249
0.276
0.304
0.319
0.348
0.377
0.398
0.385
0.419
0.412
0.443
0.434
0.461
0.456
0.485
0.517
0.543
0.564
0.475
0.592
0.472
0.475
0.617
0.642
0.641
0.642
0.487
0.522
0.334
0.31
0.551
0.283
0.577
0.602
0.249
0.475
0.474
0.617
0.643
0.676
0.698
0.725
0.723
0.698
0.666
0.634
0.615
0.589
0.475
0.481
0.488
0.49
0.49
0.645
0.492
0.618
0.493
0.595
0.564
0.564
0.57
0.499
0.503
0.576
0.481
0.549
0.524
0.454
0.427
0.506
0.399
0.478
0.378
0.447
0.227
0.42
0.352
0.233
0.394
0.568
0.241
0.326
0.364
0.568
0.307
0.352
0.542
0.326
0.298
0.277
0.28
0.275
0.302
0.253
0.518
0.277
0.302
0.524
0.528
0.527
0.327
0.347
0.371
0.333
0.359
0.385
0.397
0.405
0.426
0.238
0.448
0.527
0.42
0.477
0.529
0.444
0.48
0.528
0.271
0.477
0.48
0.298
0.474
0.328
0.501
0.477
0.354
0.483
0.38
0.525
0.406
0.484
0.427
0.482
0.525
0.483
0.497
0.554
0.45
0.486
0.477
0.578
0.479
0.47
0.439
0.478
0.6
0.426
0.427
0.457
0.627
0.433
0.649
0.408
0.648
0.384
0.649
0.353
0.645
0.329
0.299
0.275
0.245
0.242
0.244
0.241
0.245
0.239
0.24
0.641
0.614
0.585
0.247
0.248
0.244
0.427
0.425
0.422
0.423
0.426
0.506
0.433
0.506
0.433
0.505
0.432
0.402
0.374
0.348
0.326
0.555
0.296
0.269
0.531
0.504
0.506
0.504
0.499
0.25
0.507
0.503
0.244
0.498
0.243
0.499
0.245
0.245
0.242
0.245
0.244
0.482
0.459
0.247
0.439
0.248
0.246
0.251
0.254
0.244
0.246
0.247
0.24
0.247
0.234
0.249
0.235
0.281
0.307
0.33
0.233
0.409
0.355
0.238
0.381
0.383
0.358
0.326
0.299
0.406
0.274
0.434
0.255
0.461
0.483
0.509
0.531
0.554
0.579
0.597
0.619
0.643
0.666
0.696
0.724
0.752
0.751
0.746
0.749
0.743
0.745
0.239
0.752
0.265
0.747
0.75
0.282
0.748
0.316
0.748
0.748
0.749
0.754
0.767
0.767
0.769
0.339
0.773
0.771
0.368
0.768
0.387
0.764
0.767
0.778
0.779
0.787
0.779
0.411
0.428
0.777
0.46
0.783
0.487
0.785
0.514
0.54
0.569
0.788
0.794
0.796
0.804
0.772
0.741
0.722
0.698
0.668
0.64
0.612
0.587
0.561
0.531
0.5
0.472
0.501
0.469
0.448
0.226
0.228
0.591
0.227
0.593
0.446
0.428
0.397
0.423
0.402
